#
# There is insufficient memory for the Java Runtime Environment to continue.
# Native memory allocation (malloc) failed to allocate 388256 bytes. Error detail: Chunk::new
# Possible reasons:
#   The system is out of physical RAM or swap space
#   This process is running with CompressedOops enabled, and the Java Heap may be blocking the growth of the native heap
# Possible solutions:
#   Reduce memory load on the system
#   Increase physical memory or swap space
#   Check if swap backing store is full
#   Decrease Java heap size (-Xmx/-Xms)
#   Decrease number of Java threads
#   Decrease Java thread stack sizes (-Xss)
#   Set larger code cache with -XX:ReservedCodeCacheSize=
#   JVM is running with Unscaled Compressed Oops mode in which the Java heap is
#     placed in the first 4GB address space. The Java Heap base address is the
#     maximum limit for the native heap growth. Please use -XX:HeapBaseMinAddress
#     to set the Java Heap base and to place the Java Heap above 4GB virtual address.
# This output file may be truncated or incomplete.
#
#  Out of Memory Error (arena.cpp:168), pid=17052, tid=6768
#
# JRE version: OpenJDK Runtime Environment Temurin-21.0.8+9 (21.0.8+9) (build 21.0.8+9-LTS)
# Java VM: OpenJDK 64-Bit Server VM Temurin-21.0.8+9 (21.0.8+9-LTS, mixed mode, sharing, tiered, compressed oops, compressed class ptrs, parallel gc, windows-amd64)
# No core dump will be written. Minidumps are not enabled by default on client versions of Windows
#

---------------  S U M M A R Y ------------

Command Line: --add-modules=ALL-SYSTEM --add-opens=java.base/java.util=ALL-UNNAMED --add-opens=java.base/java.lang=ALL-UNNAMED --add-opens=java.base/sun.nio.fs=ALL-UNNAMED -Declipse.application=org.eclipse.jdt.ls.core.id1 -Dosgi.bundles.defaultStartLevel=4 -Declipse.product=org.eclipse.jdt.ls.core.product -Djava.import.generatesMetadataFilesAtProjectRoot=false -DDetectVMInstallationsJob.disabled=true -Dfile.encoding=utf8 -XX:+UseParallelGC -XX:GCTimeRatio=4 -XX:AdaptiveSizePolicyWeight=90 -Dsun.zip.disableMemoryMapping=true -Xmx2G -Xms100m -Xlog:disable -javaagent:c:\Users\Admin\.vscode\extensions\redhat.java-1.44.0-win32-x64\lombok\lombok-1.18.39-4050.jar -XX:+HeapDumpOnOutOfMemoryError -XX:HeapDumpPath=c:\Users\Admin\AppData\Roaming\Code\User\workspaceStorage\1b2895c8558dc9bd51e110069a623922\redhat.java -Daether.dependencyCollector.impl=bf c:\Users\Admin\.vscode\extensions\redhat.java-1.44.0-win32-x64\server\plugins\org.eclipse.equinox.launcher_1.7.0.v20250519-0528.jar -configuration c:\Users\Admin\AppData\Roaming\Code\User\globalStorage\redhat.java\1.44.0\config_win -data c:\Users\Admin\AppData\Roaming\Code\User\workspaceStorage\1b2895c8558dc9bd51e110069a623922\redhat.java\jdt_ws --pipe=\\.\pipe\lsp-7e6003faa054c264fa08d6983188bfc3-sock

Host: Intel(R) Core(TM) i3-10105F CPU @ 3.70GHz, 8 cores, 15G,  Windows 10 , 64 bit Build 19041 (10.0.19041.928)
Time: Fri Aug 29 20:47:16 2025 SE Asia Standard Time elapsed time: 1.344973 seconds (0d 0h 0m 1s)

---------------  T H R E A D  ---------------

Current thread (0x000001b39366cb90):  JavaThread "C2 CompilerThread2" daemon [_thread_in_native, id=6768, stack(0x0000001616100000,0x0000001616200000) (1024K)]


Current CompileTask:
C2:1345 1301       4       java.io.DataInputStream::readUTF (501 bytes)

Stack: [0x0000001616100000,0x0000001616200000]
Native frames: (J=compiled Java code, j=interpreted, Vv=VM code, C=native code)
V  [jvm.dll+0x6d2449]
V  [jvm.dll+0x8ae341]
V  [jvm.dll+0x8b08be]
V  [jvm.dll+0x8b0fa3]
V  [jvm.dll+0x280c96]
V  [jvm.dll+0xc581d]
V  [jvm.dll+0xc5d53]
V  [jvm.dll+0x2f539d]
V  [jvm.dll+0x5fa00a]
V  [jvm.dll+0x252092]
V  [jvm.dll+0x25244f]
V  [jvm.dll+0x24ad14]
V  [jvm.dll+0x2483a4]
V  [jvm.dll+0x1c89ee]
V  [jvm.dll+0x257d4d]
V  [jvm.dll+0x2562ea]
V  [jvm.dll+0x3f2d16]
V  [jvm.dll+0x857e6b]
V  [jvm.dll+0x6d0b0d]
C  [ucrtbase.dll+0x21bb2]
C  [KERNEL32.DLL+0x17034]
C  [ntdll.dll+0x52651]


---------------  P R O C E S S  ---------------

Threads class SMR info:
_java_thread_list=0x000001b3936bb3a0, length=13, elements={
0x000001b337cbd580, 0x000001b350a46cf0, 0x000001b350a48450, 0x000001b350a4b270,
0x000001b350a4bf80, 0x000001b350a4db40, 0x000001b350a4e590, 0x000001b350a513d0,
0x000001b393363780, 0x000001b33a0530f0, 0x000001b39357f980, 0x000001b393726ac0,
0x000001b39366cb90
}

Java Threads: ( => current thread )
  0x000001b337cbd580 JavaThread "main"                              [_thread_in_native, id=18464, stack(0x0000001615200000,0x0000001615300000) (1024K)]
  0x000001b350a46cf0 JavaThread "Reference Handler"          daemon [_thread_blocked, id=1832, stack(0x0000001615600000,0x0000001615700000) (1024K)]
  0x000001b350a48450 JavaThread "Finalizer"                  daemon [_thread_blocked, id=18716, stack(0x0000001615700000,0x0000001615800000) (1024K)]
  0x000001b350a4b270 JavaThread "Signal Dispatcher"          daemon [_thread_blocked, id=6736, stack(0x0000001615800000,0x0000001615900000) (1024K)]
  0x000001b350a4bf80 JavaThread "Attach Listener"            daemon [_thread_blocked, id=20028, stack(0x0000001615900000,0x0000001615a00000) (1024K)]
  0x000001b350a4db40 JavaThread "Service Thread"             daemon [_thread_blocked, id=15956, stack(0x0000001615a00000,0x0000001615b00000) (1024K)]
  0x000001b350a4e590 JavaThread "Monitor Deflation Thread"   daemon [_thread_blocked, id=18876, stack(0x0000001615b00000,0x0000001615c00000) (1024K)]
  0x000001b350a513d0 JavaThread "C2 CompilerThread0"         daemon [_thread_in_native, id=16160, stack(0x0000001615c00000,0x0000001615d00000) (1024K)]
  0x000001b393363780 JavaThread "C1 CompilerThread0"         daemon [_thread_blocked, id=18816, stack(0x0000001615d00000,0x0000001615e00000) (1024K)]
  0x000001b33a0530f0 JavaThread "Common-Cleaner"             daemon [_thread_blocked, id=10144, stack(0x0000001615e00000,0x0000001615f00000) (1024K)]
  0x000001b39357f980 JavaThread "C2 CompilerThread1"         daemon [_thread_in_native, id=19248, stack(0x0000001615f00000,0x0000001616000000) (1024K)]
  0x000001b393726ac0 JavaThread "Notification Thread"        daemon [_thread_blocked, id=17476, stack(0x0000001616000000,0x0000001616100000) (1024K)]
=>0x000001b39366cb90 JavaThread "C2 CompilerThread2"         daemon [_thread_in_native, id=6768, stack(0x0000001616100000,0x0000001616200000) (1024K)]
Total: 13

Other Threads:
  0x000001b33a0a57c0 VMThread "VM Thread"                           [id=10796, stack(0x0000001615500000,0x0000001615600000) (1024K)]
  0x000001b35096bc60 WatcherThread "VM Periodic Task Thread"        [id=19692, stack(0x0000001615400000,0x0000001615500000) (1024K)]
  0x000001b33a006f20 WorkerThread "GC Thread#0"                     [id=18916, stack(0x0000001615300000,0x0000001615400000) (1024K)]
  0x000001b393918f50 WorkerThread "GC Thread#1"                     [id=21192, stack(0x0000001616200000,0x0000001616300000) (1024K)]
  0x000001b393c7f030 WorkerThread "GC Thread#2"                     [id=21284, stack(0x0000001616300000,0x0000001616400000) (1024K)]
  0x000001b393c7f3d0 WorkerThread "GC Thread#3"                     [id=21288, stack(0x0000001616400000,0x0000001616500000) (1024K)]
  0x000001b393c45ea0 WorkerThread "GC Thread#4"                     [id=18312, stack(0x0000001616500000,0x0000001616600000) (1024K)]
  0x000001b393c46240 WorkerThread "GC Thread#5"                     [id=21068, stack(0x0000001616600000,0x0000001616700000) (1024K)]
  0x000001b393c465e0 WorkerThread "GC Thread#6"                     [id=16844, stack(0x0000001616700000,0x0000001616800000) (1024K)]
Total: 9

Threads with active compile tasks:
C2 CompilerThread0  1356 1328       4       java.io.DataInputStream::readByte (6 bytes)
C1 CompilerThread0  1356 1344       3       java.net.URL::toString (5 bytes)
C2 CompilerThread1  1356 1329       4       java.io.DataInputStream::readInt (19 bytes)
C2 CompilerThread2  1356 1301       4       java.io.DataInputStream::readUTF (501 bytes)
Total: 4

VM state: not at safepoint (normal execution)

VM Mutex/Monitor currently owned by a thread:  ([mutex/lock_event])
[0x00007ffe0c2c3fd8] MethodCompileQueue_lock - owner thread: 0x000001b393363780

Heap address: 0x0000000080000000, size: 2048 MB, Compressed Oops mode: 32-bit

CDS archive(s) mapped at: [0x000001b351000000-0x000001b351ba0000-0x000001b351ba0000), size 12189696, SharedBaseAddress: 0x000001b351000000, ArchiveRelocationMode: 1.
Compressed class space mapped at: 0x000001b352000000-0x000001b392000000, reserved size: 1073741824
Narrow klass base: 0x000001b351000000, Narrow klass shift: 0, Narrow klass range: 0x100000000

GC Precious Log:
 CardTable entry size: 512
 CPUs: 8 total, 8 available
 Memory: 16283M
 Large Page Support: Disabled
 NUMA Support: Disabled
 Compressed Oops: Enabled (32-bit)
 Alignments: Space 512K, Generation 512K, Heap 2M
 Heap Min Capacity: 100M
 Heap Initial Capacity: 100M
 Heap Max Capacity: 2G
 Pre-touch: Disabled
 Parallel Workers: 8

Heap:
 PSYoungGen      total 29696K, used 12018K [0x00000000d5580000, 0x00000000d7680000, 0x0000000100000000)
  eden space 25600K, 33% used [0x00000000d5580000,0x00000000d5dfacf8,0x00000000d6e80000)
  from space 4096K, 81% used [0x00000000d6e80000,0x00000000d71c1bb8,0x00000000d7280000)
  to   space 4096K, 0% used [0x00000000d7280000,0x00000000d7280000,0x00000000d7680000)
 ParOldGen       total 68608K, used 0K [0x0000000080000000, 0x0000000084300000, 0x00000000d5580000)
  object space 68608K, 0% used [0x0000000080000000,0x0000000080000000,0x0000000084300000)
 Metaspace       used 5979K, committed 6272K, reserved 1114112K
  class space    used 615K, committed 768K, reserved 1048576K

Card table byte_map: [0x000001b3399c0000,0x000001b339dd0000] _byte_map_base: 0x000001b3395c0000

Marking Bits: (ParMarkBitMap*) 0x00007ffe0c2ca340
 Begin Bits: [0x000001b34c490000, 0x000001b34e490000)
 End Bits:   [0x000001b34e490000, 0x000001b350490000)

Polling page: 0x000001b3397b0000

Metaspace:

Usage:
  Non-class:      5.24 MB used.
      Class:    615.44 KB used.
       Both:      5.84 MB used.

Virtual space:
  Non-class space:       64.00 MB reserved,       5.38 MB (  8%) committed,  1 nodes.
      Class space:        1.00 GB reserved,     768.00 KB ( <1%) committed,  1 nodes.
             Both:        1.06 GB reserved,       6.12 MB ( <1%) committed. 

Chunk freelists:
   Non-Class:  10.09 MB
       Class:  15.08 MB
        Both:  25.17 MB

MaxMetaspaceSize: unlimited
CompressedClassSpaceSize: 1.00 GB
Initial GC threshold: 21.00 MB
Current GC threshold: 21.00 MB
CDS: on
 - commit_granule_bytes: 65536.
 - commit_granule_words: 8192.
 - virtual_space_node_default_size: 8388608.
 - enlarge_chunks_in_place: 1.
 - use_allocation_guard: 0.


Internal statistics:

num_allocs_failed_limit: 0.
num_arena_births: 190.
num_arena_deaths: 0.
num_vsnodes_births: 2.
num_vsnodes_deaths: 0.
num_space_committed: 98.
num_space_uncommitted: 0.
num_chunks_returned_to_freelist: 0.
num_chunks_taken_from_freelist: 310.
num_chunk_merges: 0.
num_chunk_splits: 197.
num_chunks_enlarged: 127.
num_inconsistent_stats: 0.

CodeHeap 'non-profiled nmethods': size=120000Kb used=540Kb max_used=540Kb free=119459Kb
 bounds [0x000001b344cb0000, 0x000001b344f20000, 0x000001b34c1e0000]
CodeHeap 'profiled nmethods': size=120000Kb used=2257Kb max_used=2257Kb free=117742Kb
 bounds [0x000001b33d1e0000, 0x000001b33d450000, 0x000001b344710000]
CodeHeap 'non-nmethods': size=5760Kb used=1207Kb max_used=1248Kb free=4553Kb
 bounds [0x000001b344710000, 0x000001b344980000, 0x000001b344cb0000]
CodeCache: size=245760Kb, used=4004Kb, max_used=4045Kb, free=241754Kb
 total_blobs=1809, nmethods=1338, adapters=378, full_count=0
Compilation: enabled, stopped_count=0, restarted_count=0

Compilation events (20 events):
Event: 1.336 Thread 0x000001b393363780 1322       3       org.eclipse.osgi.container.ModuleDatabase$Persistence::readIndexedMap (16 bytes)
Event: 1.337 Thread 0x000001b393363780 nmethod 1322 0x000001b33d404410 code [0x000001b33d404640, 0x000001b33d404d38]
Event: 1.337 Thread 0x000001b393363780 1324       3       java.util.Collections::unmodifiableMap (22 bytes)
Event: 1.337 Thread 0x000001b393363780 nmethod 1324 0x000001b33d405090 code [0x000001b33d405280, 0x000001b33d4056d0]
Event: 1.337 Thread 0x000001b393363780 1325       3       java.util.Collections$UnmodifiableMap::<init> (22 bytes)
Event: 1.337 Thread 0x000001b393363780 nmethod 1325 0x000001b33d405890 code [0x000001b33d405a40, 0x000001b33d405cc0]
Event: 1.337 Thread 0x000001b393363780 1330       3       org.eclipse.osgi.container.ModuleDatabase$Persistence::readListValue (97 bytes)
Event: 1.338 Thread 0x000001b393363780 nmethod 1330 0x000001b33d405e10 code [0x000001b33d4061a0, 0x000001b33d407740]
Event: 1.339 Thread 0x000001b39357f980 nmethod 1314 0x000001b344d2fc90 code [0x000001b344d2fec0, 0x000001b344d306f0]
Event: 1.339 Thread 0x000001b39357f980 1315       4       java.lang.String::isLatin1 (19 bytes)
Event: 1.339 Thread 0x000001b39357f980 nmethod 1315 0x000001b344d30d90 code [0x000001b344d30f20, 0x000001b344d30fb0]
Event: 1.339 Thread 0x000001b39357f980 1310       4       java.io.BufferedInputStream::getBufIfOpen (61 bytes)
Event: 1.339 Thread 0x000001b39357f980 nmethod 1310 0x000001b344d31090 code [0x000001b344d31220, 0x000001b344d312f8]
Event: 1.339 Thread 0x000001b39357f980 1313   !   4       java.io.BufferedInputStream::read (69 bytes)
Event: 1.340 Thread 0x000001b393363780 1333       3       org.eclipse.osgi.container.ModuleDatabase$Persistence::readList (78 bytes)
Event: 1.341 Thread 0x000001b393363780 nmethod 1333 0x000001b33d407e10 code [0x000001b33d408140, 0x000001b33d4092e8]
Event: 1.341 Thread 0x000001b393363780 1334       3       sun.net.www.protocol.jar.Handler::checkNestedProtocol (18 bytes)
Event: 1.341 Thread 0x000001b393363780 nmethod 1334 0x000001b33d409b10 code [0x000001b33d409cc0, 0x000001b33d409e98]
Event: 1.342 Thread 0x000001b393363780 1335   !   3       java.util.jar.JarVerifier::processEntry (437 bytes)
Event: 1.344 Thread 0x000001b393363780 nmethod 1335 0x000001b33d409f90 code [0x000001b33d40a4a0, 0x000001b33d40cb70]

GC Heap History (2 events):
Event: 1.129 GC heap before
{Heap before GC invocations=1 (full 0):
 PSYoungGen      total 29696K, used 25600K [0x00000000d5580000, 0x00000000d7680000, 0x0000000100000000)
  eden space 25600K, 100% used [0x00000000d5580000,0x00000000d6e80000,0x00000000d6e80000)
  from space 4096K, 0% used [0x00000000d7280000,0x00000000d7280000,0x00000000d7680000)
  to   space 4096K, 0% used [0x00000000d6e80000,0x00000000d6e80000,0x00000000d7280000)
 ParOldGen       total 68608K, used 0K [0x0000000080000000, 0x0000000084300000, 0x00000000d5580000)
  object space 68608K, 0% used [0x0000000080000000,0x0000000080000000,0x0000000084300000)
 Metaspace       used 4313K, committed 4544K, reserved 1114112K
  class space    used 471K, committed 576K, reserved 1048576K
}
Event: 1.159 GC heap after
{Heap after GC invocations=1 (full 0):
 PSYoungGen      total 29696K, used 3334K [0x00000000d5580000, 0x00000000d7680000, 0x0000000100000000)
  eden space 25600K, 0% used [0x00000000d5580000,0x00000000d5580000,0x00000000d6e80000)
  from space 4096K, 81% used [0x00000000d6e80000,0x00000000d71c1bb8,0x00000000d7280000)
  to   space 4096K, 0% used [0x00000000d7280000,0x00000000d7280000,0x00000000d7680000)
 ParOldGen       total 68608K, used 0K [0x0000000080000000, 0x0000000084300000, 0x00000000d5580000)
  object space 68608K, 0% used [0x0000000080000000,0x0000000080000000,0x0000000084300000)
 Metaspace       used 4313K, committed 4544K, reserved 1114112K
  class space    used 471K, committed 576K, reserved 1048576K
}

Dll operation events (8 events):
Event: 0.051 Loaded shared library c:\Users\Admin\.vscode\extensions\redhat.java-1.44.0-win32-x64\jre\21.0.8-win32-x86_64\bin\java.dll
Event: 0.189 Loaded shared library c:\Users\Admin\.vscode\extensions\redhat.java-1.44.0-win32-x64\jre\21.0.8-win32-x86_64\bin\zip.dll
Event: 0.308 Loaded shared library C:\Users\Admin\.vscode\extensions\redhat.java-1.44.0-win32-x64\jre\21.0.8-win32-x86_64\bin\instrument.dll
Event: 0.313 Loaded shared library C:\Users\Admin\.vscode\extensions\redhat.java-1.44.0-win32-x64\jre\21.0.8-win32-x86_64\bin\net.dll
Event: 0.315 Loaded shared library C:\Users\Admin\.vscode\extensions\redhat.java-1.44.0-win32-x64\jre\21.0.8-win32-x86_64\bin\nio.dll
Event: 0.318 Loaded shared library C:\Users\Admin\.vscode\extensions\redhat.java-1.44.0-win32-x64\jre\21.0.8-win32-x86_64\bin\zip.dll
Event: 0.356 Loaded shared library C:\Users\Admin\.vscode\extensions\redhat.java-1.44.0-win32-x64\jre\21.0.8-win32-x86_64\bin\jimage.dll
Event: 0.440 Loaded shared library c:\Users\Admin\.vscode\extensions\redhat.java-1.44.0-win32-x64\jre\21.0.8-win32-x86_64\bin\verify.dll

Deoptimization events (20 events):
Event: 1.209 Thread 0x000001b337cbd580 Uncommon trap: trap_request=0xffffff45 fr.pc=0x000001b344d18150 relative=0x0000000000000290
Event: 1.209 Thread 0x000001b337cbd580 Uncommon trap: reason=unstable_if action=reinterpret pc=0x000001b344d18150 method=java.util.HashMap.hash(Ljava/lang/Object;)I @ 1 c2
Event: 1.209 Thread 0x000001b337cbd580 DEOPT PACKING pc=0x000001b344d18150 sp=0x00000016152fe560
Event: 1.209 Thread 0x000001b337cbd580 DEOPT UNPACKING pc=0x000001b344763aa2 sp=0x00000016152fe3f8 mode 2
Event: 1.210 Thread 0x000001b337cbd580 Uncommon trap: trap_request=0xffffff45 fr.pc=0x000001b344d0fe2c relative=0x000000000000034c
Event: 1.210 Thread 0x000001b337cbd580 Uncommon trap: reason=unstable_if action=reinterpret pc=0x000001b344d0fe2c method=java.util.HashMap.hash(Ljava/lang/Object;)I @ 1 c2
Event: 1.210 Thread 0x000001b337cbd580 DEOPT PACKING pc=0x000001b344d0fe2c sp=0x00000016152fe500
Event: 1.210 Thread 0x000001b337cbd580 DEOPT UNPACKING pc=0x000001b344763aa2 sp=0x00000016152fe408 mode 2
Event: 1.210 Thread 0x000001b337cbd580 Uncommon trap: trap_request=0xffffff45 fr.pc=0x000001b344d0da54 relative=0x00000000000000b4
Event: 1.210 Thread 0x000001b337cbd580 Uncommon trap: reason=unstable_if action=reinterpret pc=0x000001b344d0da54 method=java.util.HashMap.hash(Ljava/lang/Object;)I @ 1 c2
Event: 1.210 Thread 0x000001b337cbd580 DEOPT PACKING pc=0x000001b344d0da54 sp=0x00000016152fe580
Event: 1.210 Thread 0x000001b337cbd580 DEOPT UNPACKING pc=0x000001b344763aa2 sp=0x00000016152fe518 mode 2
Event: 1.210 Thread 0x000001b337cbd580 Uncommon trap: trap_request=0xffffffde fr.pc=0x000001b344cf50d4 relative=0x00000000000005b4
Event: 1.210 Thread 0x000001b337cbd580 Uncommon trap: reason=class_check action=maybe_recompile pc=0x000001b344cf50d4 method=java.util.Collections$UnmodifiableCollection$1.<init>(Ljava/util/Collections$UnmodifiableCollection;)V @ 17 c2
Event: 1.210 Thread 0x000001b337cbd580 DEOPT PACKING pc=0x000001b344cf50d4 sp=0x00000016152fe5b0
Event: 1.210 Thread 0x000001b337cbd580 DEOPT UNPACKING pc=0x000001b344763aa2 sp=0x00000016152fe4f8 mode 2
Event: 1.306 Thread 0x000001b337cbd580 Uncommon trap: trap_request=0xffffffde fr.pc=0x000001b344cf5e88 relative=0x0000000000000568
Event: 1.306 Thread 0x000001b337cbd580 Uncommon trap: reason=class_check action=maybe_recompile pc=0x000001b344cf5e88 method=java.util.Collections$UnmodifiableCollection$1.<init>(Ljava/util/Collections$UnmodifiableCollection;)V @ 17 c2
Event: 1.306 Thread 0x000001b337cbd580 DEOPT PACKING pc=0x000001b344cf5e88 sp=0x00000016152fe5e0
Event: 1.306 Thread 0x000001b337cbd580 DEOPT UNPACKING pc=0x000001b344763aa2 sp=0x00000016152fe598 mode 2

Classes loaded (20 events):
Event: 1.307 Loading class java/util/AbstractQueue done
Event: 1.307 Loading class java/util/concurrent/SynchronousQueue done
Event: 1.307 Loading class java/util/concurrent/SynchronousQueue$Transferer
Event: 1.307 Loading class java/util/concurrent/LinkedTransferQueue
Event: 1.308 Loading class java/util/concurrent/TransferQueue
Event: 1.308 Loading class java/util/concurrent/TransferQueue done
Event: 1.308 Loading class java/util/concurrent/LinkedTransferQueue done
Event: 1.308 Loading class java/util/concurrent/SynchronousQueue$Transferer done
Event: 1.308 Loading class java/util/concurrent/LinkedTransferQueue$DualNode
Event: 1.308 Loading class java/util/concurrent/LinkedTransferQueue$DualNode done
Event: 1.309 Loading class java/util/concurrent/RejectedExecutionHandler
Event: 1.309 Loading class java/util/concurrent/RejectedExecutionHandler done
Event: 1.309 Loading class java/util/concurrent/LinkedBlockingQueue
Event: 1.309 Loading class java/util/concurrent/LinkedBlockingQueue done
Event: 1.309 Loading class java/util/concurrent/LinkedBlockingQueue$Node
Event: 1.309 Loading class java/util/concurrent/LinkedBlockingQueue$Node done
Event: 1.321 Loading class java/util/concurrent/Semaphore$NonfairSync
Event: 1.322 Loading class java/util/concurrent/Semaphore$Sync
Event: 1.322 Loading class java/util/concurrent/Semaphore$Sync done
Event: 1.322 Loading class java/util/concurrent/Semaphore$NonfairSync done

Classes unloaded (0 events):
No events

Classes redefined (0 events):
No events

Internal exceptions (20 events):
Event: 0.814 Thread 0x000001b337cbd580 Exception <a 'java/io/FileNotFoundException'{0x00000000d64c87e0}> (0x00000000d64c87e0) 
thrown [s\src\hotspot\share\prims\jni.cpp, line 520]
Event: 0.814 Thread 0x000001b337cbd580 Exception <a 'java/io/FileNotFoundException'{0x00000000d64c9458}> (0x00000000d64c9458) 
thrown [s\src\hotspot\share\prims\jni.cpp, line 520]
Event: 0.814 Thread 0x000001b337cbd580 Exception <a 'java/io/FileNotFoundException'{0x00000000d64c9f98}> (0x00000000d64c9f98) 
thrown [s\src\hotspot\share\prims\jni.cpp, line 520]
Event: 0.818 Thread 0x000001b337cbd580 Implicit null exception at 0x000001b344cde3a4 to 0x000001b344cde970
Event: 0.820 Thread 0x000001b337cbd580 Exception <a 'java/io/FileNotFoundException'{0x00000000d6504128}> (0x00000000d6504128) 
thrown [s\src\hotspot\share\prims\jni.cpp, line 520]
Event: 0.868 Thread 0x000001b337cbd580 Exception <a 'java/lang/NoSuchMethodError'{0x00000000d653c8a0}: 'java.lang.Object java.lang.invoke.DirectMethodHandle$Holder.invokeInterface(java.lang.Object, java.lang.Object)'> (0x00000000d653c8a0) 
thrown [s\src\hotspot\share\interpreter\linkResolver.cpp, line 773]
Event: 0.871 Thread 0x000001b337cbd580 Exception <a 'java/lang/NoSuchMethodError'{0x00000000d654fea8}: 'java.lang.Object java.lang.invoke.Invokers$Holder.invokeExact_MT(java.lang.Object, java.lang.Object, java.lang.Object, java.lang.Object, java.lang.Object, java.lang.Object)'> (0x00000000d654fea8) 
thrown [s\src\hotspot\share\interpreter\linkResolver.cpp, line 773]
Event: 0.874 Thread 0x000001b337cbd580 Exception <a 'java/lang/NoSuchMethodError'{0x00000000d6567100}: 'int java.lang.invoke.DirectMethodHandle$Holder.invokeStatic(java.lang.Object, java.lang.Object, java.lang.Object, java.lang.Object, java.lang.Object)'> (0x00000000d6567100) 
thrown [s\src\hotspot\share\interpreter\linkResolver.cpp, line 773]
Event: 0.893 Thread 0x000001b337cbd580 Exception <a 'java/lang/NoSuchMethodError'{0x00000000d65fc680}: 'java.lang.Object java.lang.invoke.DirectMethodHandle$Holder.invokeInterface(java.lang.Object, java.lang.Object, int)'> (0x00000000d65fc680) 
thrown [s\src\hotspot\share\interpreter\linkResolver.cpp, line 773]
Event: 1.060 Thread 0x000001b337cbd580 Exception <a 'java/lang/NoSuchMethodError'{0x00000000d6a810a8}: 'java.lang.ClassLoader java.lang.ClassLoader.getPlatformClassLoader(java.lang.Class)'> (0x00000000d6a810a8) 
thrown [s\src\hotspot\share\interpreter\linkResolver.cpp, line 773]
Event: 1.162 Thread 0x000001b337cbd580 Exception <a 'java/lang/ClassNotFoundException'{0x00000000d5597638}: sun/net/www/protocol/c/Handler> (0x00000000d5597638) 
thrown [s\src\hotspot\share\classfile\systemDictionary.cpp, line 312]
Event: 1.162 Thread 0x000001b337cbd580 Exception <a 'java/lang/ClassNotFoundException'{0x00000000d55989a8}: sun/net/www/protocol/d/Handler> (0x00000000d55989a8) 
thrown [s\src\hotspot\share\classfile\systemDictionary.cpp, line 312]
Event: 1.162 Thread 0x000001b337cbd580 Exception <a 'java/lang/ClassNotFoundException'{0x00000000d5599b40}: sun/net/www/protocol/c/Handler> (0x00000000d5599b40) 
thrown [s\src\hotspot\share\classfile\systemDictionary.cpp, line 312]
Event: 1.169 Thread 0x000001b337cbd580 Exception <a 'java/io/FileNotFoundException'{0x00000000d55c2278}> (0x00000000d55c2278) 
thrown [s\src\hotspot\share\prims\jni.cpp, line 520]
Event: 1.209 Thread 0x000001b337cbd580 Implicit null exception at 0x000001b344d0c549 to 0x000001b344d0cf14
Event: 1.209 Thread 0x000001b337cbd580 Implicit null exception at 0x000001b344d17f1a to 0x000001b344d18138
Event: 1.209 Thread 0x000001b337cbd580 Exception <a 'java/lang/NoSuchMethodError'{0x00000000d57ae868}: 'void java.lang.invoke.DirectMethodHandle$Holder.invokeStatic(java.lang.Object, java.lang.Object, java.lang.Object, java.lang.Object)'> (0x00000000d57ae868) 
thrown [s\src\hotspot\share\interpreter\linkResolver.cpp, line 773]
Event: 1.210 Thread 0x000001b337cbd580 Implicit null exception at 0x000001b344d0fb40 to 0x000001b344d0fe14
Event: 1.210 Thread 0x000001b337cbd580 Implicit null exception at 0x000001b344d0d9c0 to 0x000001b344d0da45
Event: 1.289 Thread 0x000001b337cbd580 Exception <a 'java/lang/NoSuchMethodError'{0x00000000d5a482e8}: 'void java.lang.invoke.DirectMethodHandle$Holder.invokeSpecial(java.lang.Object, java.lang.Object, java.lang.Object)'> (0x00000000d5a482e8) 
thrown [s\src\hotspot\share\interpreter\linkResolver.cpp, line 773]

ZGC Phase Switch (0 events):
No events

VM Operations (14 events):
Event: 0.188 Executing VM operation: HandshakeAllThreads (Deoptimize)
Event: 0.188 Executing VM operation: HandshakeAllThreads (Deoptimize) done
Event: 0.367 Executing VM operation: HandshakeAllThreads (Deoptimize)
Event: 0.367 Executing VM operation: HandshakeAllThreads (Deoptimize) done
Event: 0.756 Executing VM operation: HandshakeAllThreads (Deoptimize)
Event: 0.757 Executing VM operation: HandshakeAllThreads (Deoptimize) done
Event: 0.793 Executing VM operation: HandshakeAllThreads (Deoptimize)
Event: 0.793 Executing VM operation: HandshakeAllThreads (Deoptimize) done
Event: 1.105 Executing VM operation: ICBufferFull
Event: 1.106 Executing VM operation: ICBufferFull done
Event: 1.115 Executing VM operation: HandshakeAllThreads (Deoptimize)
Event: 1.115 Executing VM operation: HandshakeAllThreads (Deoptimize) done
Event: 1.129 Executing VM operation: ParallelGCFailedAllocation (Allocation Failure)
Event: 1.159 Executing VM operation: ParallelGCFailedAllocation (Allocation Failure) done

Memory protections (0 events):
No events

Nmethod flushes (0 events):
No events

Events (13 events):
Event: 0.063 Thread 0x000001b337cbd580 Thread added: 0x000001b337cbd580
Event: 0.078 Thread 0x000001b337cbd580 Thread added: 0x000001b350a46cf0
Event: 0.079 Thread 0x000001b337cbd580 Thread added: 0x000001b350a48450
Event: 0.079 Thread 0x000001b337cbd580 Thread added: 0x000001b350a4b270
Event: 0.079 Thread 0x000001b337cbd580 Thread added: 0x000001b350a4bf80
Event: 0.079 Thread 0x000001b337cbd580 Thread added: 0x000001b350a4db40
Event: 0.079 Thread 0x000001b337cbd580 Thread added: 0x000001b350a4e590
Event: 0.079 Thread 0x000001b337cbd580 Thread added: 0x000001b350a513d0
Event: 0.122 Thread 0x000001b337cbd580 Thread added: 0x000001b393363780
Event: 0.177 Thread 0x000001b337cbd580 Thread added: 0x000001b33a0530f0
Event: 0.438 Thread 0x000001b393363780 Thread added: 0x000001b39357f980
Event: 0.555 Thread 0x000001b337cbd580 Thread added: 0x000001b393726ac0
Event: 0.688 Thread 0x000001b350a513d0 Thread added: 0x000001b39366cb90


Dynamic libraries:
0x00007ff76e740000 - 0x00007ff76e74e000 	c:\Users\Admin\.vscode\extensions\redhat.java-1.44.0-win32-x64\jre\21.0.8-win32-x86_64\bin\java.exe
0x00007ffe73790000 - 0x00007ffe73985000 	C:\Windows\SYSTEM32\ntdll.dll
0x00007ffe73590000 - 0x00007ffe7364d000 	C:\Windows\System32\KERNEL32.DLL
0x00007ffe70fb0000 - 0x00007ffe71278000 	C:\Windows\System32\KERNELBASE.dll
0x00007ffe6e7a0000 - 0x00007ffe6e830000 	C:\Windows\SYSTEM32\apphelp.dll
0x00007ffe716f0000 - 0x00007ffe717f0000 	C:\Windows\System32\ucrtbase.dll
0x00007ffe5ade0000 - 0x00007ffe5adf8000 	c:\Users\Admin\.vscode\extensions\redhat.java-1.44.0-win32-x64\jre\21.0.8-win32-x86_64\bin\jli.dll
0x00007ffe731d0000 - 0x00007ffe73370000 	C:\Windows\System32\USER32.dll
0x00007ffe70ed0000 - 0x00007ffe70ef2000 	C:\Windows\System32\win32u.dll
0x00007ffe72760000 - 0x00007ffe7278a000 	C:\Windows\System32\GDI32.dll
0x00007ffe71320000 - 0x00007ffe7142b000 	C:\Windows\System32\gdi32full.dll
0x00007ffe71280000 - 0x00007ffe7131d000 	C:\Windows\System32\msvcp_win.dll
0x00007ffe5ad90000 - 0x00007ffe5adae000 	c:\Users\Admin\.vscode\extensions\redhat.java-1.44.0-win32-x64\jre\21.0.8-win32-x86_64\bin\VCRUNTIME140.dll
0x00007ffe64100000 - 0x00007ffe6439a000 	C:\Windows\WinSxS\amd64_microsoft.windows.common-controls_6595b64144ccf1df_6.0.19041.844_none_ca00b6081b84eb1d\COMCTL32.dll
0x00007ffe72790000 - 0x00007ffe7282e000 	C:\Windows\System32\msvcrt.dll
0x00007ffe72a90000 - 0x00007ffe72ac0000 	C:\Windows\System32\IMM32.DLL
0x00007ffe6c610000 - 0x00007ffe6c61c000 	c:\Users\Admin\.vscode\extensions\redhat.java-1.44.0-win32-x64\jre\21.0.8-win32-x86_64\bin\vcruntime140_1.dll
0x00007ffe58360000 - 0x00007ffe583ed000 	c:\Users\Admin\.vscode\extensions\redhat.java-1.44.0-win32-x64\jre\21.0.8-win32-x86_64\bin\msvcp140.dll
0x00007ffe0b610000 - 0x00007ffe0c3a7000 	c:\Users\Admin\.vscode\extensions\redhat.java-1.44.0-win32-x64\jre\21.0.8-win32-x86_64\bin\server\jvm.dll
0x00007ffe717f0000 - 0x00007ffe7189c000 	C:\Windows\System32\ADVAPI32.dll
0x00007ffe72ba0000 - 0x00007ffe72c3b000 	C:\Windows\System32\sechost.dll
0x00007ffe72580000 - 0x00007ffe726ab000 	C:\Windows\System32\RPCRT4.dll
0x00007ffe72b20000 - 0x00007ffe72b8b000 	C:\Windows\System32\WS2_32.dll
0x00007ffe704c0000 - 0x00007ffe7050b000 	C:\Windows\SYSTEM32\POWRPROF.dll
0x00007ffe684e0000 - 0x00007ffe68507000 	C:\Windows\SYSTEM32\WINMM.dll
0x00007ffe6ae30000 - 0x00007ffe6ae3a000 	C:\Windows\SYSTEM32\VERSION.dll
0x00007ffe70330000 - 0x00007ffe70342000 	C:\Windows\SYSTEM32\UMPDC.dll
0x00007ffe6ee40000 - 0x00007ffe6ee52000 	C:\Windows\SYSTEM32\kernel.appcore.dll
0x00007ffe69b10000 - 0x00007ffe69b1a000 	c:\Users\Admin\.vscode\extensions\redhat.java-1.44.0-win32-x64\jre\21.0.8-win32-x86_64\bin\jimage.dll
0x00007ffe64dc0000 - 0x00007ffe64fa4000 	C:\Windows\SYSTEM32\DBGHELP.DLL
0x00007ffe56df0000 - 0x00007ffe56e1c000 	C:\Windows\SYSTEM32\dbgcore.DLL
0x00007ffe71430000 - 0x00007ffe714b0000 	C:\Windows\System32\bcryptPrimitives.dll
0x00007ffe6ccb0000 - 0x00007ffe6ccbf000 	c:\Users\Admin\.vscode\extensions\redhat.java-1.44.0-win32-x64\jre\21.0.8-win32-x86_64\bin\instrument.dll
0x00007ffe6dbd0000 - 0x00007ffe6dbef000 	c:\Users\Admin\.vscode\extensions\redhat.java-1.44.0-win32-x64\jre\21.0.8-win32-x86_64\bin\java.dll
0x00007ffe71e30000 - 0x00007ffe72572000 	C:\Windows\System32\SHELL32.dll
0x00007ffe6f040000 - 0x00007ffe6f7d0000 	C:\Windows\SYSTEM32\windows.storage.dll
0x00007ffe72da0000 - 0x00007ffe730f5000 	C:\Windows\System32\combase.dll
0x00007ffe70940000 - 0x00007ffe7096c000 	C:\Windows\SYSTEM32\Wldp.dll
0x00007ffe726b0000 - 0x00007ffe7275e000 	C:\Windows\System32\SHCORE.dll
0x00007ffe72ac0000 - 0x00007ffe72b15000 	C:\Windows\System32\shlwapi.dll
0x00007ffe70e10000 - 0x00007ffe70e2f000 	C:\Windows\SYSTEM32\profapi.dll
0x00007ffe5b260000 - 0x00007ffe5b278000 	c:\Users\Admin\.vscode\extensions\redhat.java-1.44.0-win32-x64\jre\21.0.8-win32-x86_64\bin\zip.dll
0x00007ffe6dbc0000 - 0x00007ffe6dbd0000 	C:\Users\Admin\.vscode\extensions\redhat.java-1.44.0-win32-x64\jre\21.0.8-win32-x86_64\bin\net.dll
0x00007ffe6ba20000 - 0x00007ffe6bb2b000 	C:\Windows\SYSTEM32\WINHTTP.dll
0x00007ffe706b0000 - 0x00007ffe7071a000 	C:\Windows\system32\mswsock.dll
0x00007ffe6dba0000 - 0x00007ffe6dbb6000 	C:\Users\Admin\.vscode\extensions\redhat.java-1.44.0-win32-x64\jre\21.0.8-win32-x86_64\bin\nio.dll
0x00007ffe5b2b0000 - 0x00007ffe5b2c0000 	c:\Users\Admin\.vscode\extensions\redhat.java-1.44.0-win32-x64\jre\21.0.8-win32-x86_64\bin\verify.dll

JVMTI agents:
c:\Users\Admin\.vscode\extensions\redhat.java-1.44.0-win32-x64\lombok\lombok-1.18.39-4050.jar path:c:\Users\Admin\.vscode\extensions\redhat.java-1.44.0-win32-x64\jre\21.0.8-win32-x86_64\bin\instrument.dll, loaded, initialized, instrumentlib options:none

dbghelp: loaded successfully - version: 4.0.5 - missing functions: none
symbol engine: initialized successfully - sym options: 0x614 - pdb path: .;c:\Users\Admin\.vscode\extensions\redhat.java-1.44.0-win32-x64\jre\21.0.8-win32-x86_64\bin;C:\Windows\SYSTEM32;C:\Windows\WinSxS\amd64_microsoft.windows.common-controls_6595b64144ccf1df_6.0.19041.844_none_ca00b6081b84eb1d;c:\Users\Admin\.vscode\extensions\redhat.java-1.44.0-win32-x64\jre\21.0.8-win32-x86_64\bin\server

VM Arguments:
jvm_args: --add-modules=ALL-SYSTEM --add-opens=java.base/java.util=ALL-UNNAMED --add-opens=java.base/java.lang=ALL-UNNAMED --add-opens=java.base/sun.nio.fs=ALL-UNNAMED -Declipse.application=org.eclipse.jdt.ls.core.id1 -Dosgi.bundles.defaultStartLevel=4 -Declipse.product=org.eclipse.jdt.ls.core.product -Djava.import.generatesMetadataFilesAtProjectRoot=false -DDetectVMInstallationsJob.disabled=true -Dfile.encoding=utf8 -XX:+UseParallelGC -XX:GCTimeRatio=4 -XX:AdaptiveSizePolicyWeight=90 -Dsun.zip.disableMemoryMapping=true -Xmx2G -Xms100m -Xlog:disable -javaagent:c:\Users\Admin\.vscode\extensions\redhat.java-1.44.0-win32-x64\lombok\lombok-1.18.39-4050.jar -XX:+HeapDumpOnOutOfMemoryError -XX:HeapDumpPath=c:\Users\Admin\AppData\Roaming\Code\User\workspaceStorage\1b2895c8558dc9bd51e110069a623922\redhat.java -Daether.dependencyCollector.impl=bf 
java_command: c:\Users\Admin\.vscode\extensions\redhat.java-1.44.0-win32-x64\server\plugins\org.eclipse.equinox.launcher_1.7.0.v20250519-0528.jar -configuration c:\Users\Admin\AppData\Roaming\Code\User\globalStorage\redhat.java\1.44.0\config_win -data c:\Users\Admin\AppData\Roaming\Code\User\workspaceStorage\1b2895c8558dc9bd51e110069a623922\redhat.java\jdt_ws --pipe=\\.\pipe\lsp-7e6003faa054c264fa08d6983188bfc3-sock
java_class_path (initial): c:\Users\Admin\.vscode\extensions\redhat.java-1.44.0-win32-x64\server\plugins\org.eclipse.equinox.launcher_1.7.0.v20250519-0528.jar
Launcher Type: SUN_STANDARD

[Global flags]
    uintx AdaptiveSizePolicyWeight                 = 90                                        {product} {command line}
     intx CICompilerCount                          = 4                                         {product} {ergonomic}
    uintx GCTimeRatio                              = 4                                         {product} {command line}
     bool HeapDumpOnOutOfMemoryError               = true                                   {manageable} {command line}
    ccstr HeapDumpPath                             = c:\Users\Admin\AppData\Roaming\Code\User\workspaceStorage\1b2895c8558dc9bd51e110069a623922\redhat.java         {manageable} {command line}
   size_t InitialHeapSize                          = 104857600                                 {product} {command line}
   size_t MaxHeapSize                              = 2147483648                                {product} {command line}
   size_t MaxNewSize                               = 715653120                                 {product} {ergonomic}
   size_t MinHeapDeltaBytes                        = 524288                                    {product} {ergonomic}
   size_t MinHeapSize                              = 104857600                                 {product} {command line}
   size_t NewSize                                  = 34603008                                  {product} {ergonomic}
    uintx NonNMethodCodeHeapSize                   = 5839372                                {pd product} {ergonomic}
    uintx NonProfiledCodeHeapSize                  = 122909434                              {pd product} {ergonomic}
   size_t OldSize                                  = 70254592                                  {product} {ergonomic}
    uintx ProfiledCodeHeapSize                     = 122909434                              {pd product} {ergonomic}
    uintx ReservedCodeCacheSize                    = 251658240                              {pd product} {ergonomic}
     bool SegmentedCodeCache                       = true                                      {product} {ergonomic}
   size_t SoftMaxHeapSize                          = 2147483648                             {manageable} {ergonomic}
     bool UseCompressedOops                        = true                           {product lp64_product} {ergonomic}
     bool UseLargePagesIndividualAllocation        = false                                  {pd product} {ergonomic}
     bool UseParallelGC                            = true                                      {product} {command line}

Logging:
Log output configuration:
 #0: stdout all=off uptime,level,tags foldmultilines=false
 #1: stderr all=off uptime,level,tags foldmultilines=false

Environment Variables:
PATH=C:\Program Files (x86)\VMware\VMware Workstation\bin\;C:\Program Files\Java\jdk-23\bin;D:\Progame files\Git\cmd;C:\Users\Admin;C:\Program Files\nodejs\;D:\Download\apache-maven-3.9.9-bin\apache-maven-3.9.9\bin\bin;C:\Program Files (x86)\Microsoft SQL Server\160\DTS\Binn\;C:\Program Files\WireGuard\;C:\Users\Admin\AppData\Local\Microsoft\WindowsApps;C:\Users\Admin\AppData\Local\Programs\Microsoft VS Code\bin;C:\Program Files\nodejs\;C:\Users\Admin\AppData\Roaming\npm;C:\Program Files\heroku\bin;C:\Users\Admin\AppData\Local\Programs\cursor\resources\app\bin;D:\Download\apache-maven-3.9.9-bin\apache-maven-3.9.9\bin;
USERNAME=Admin
OS=Windows_NT
PROCESSOR_IDENTIFIER=Intel64 Family 6 Model 165 Stepping 3, GenuineIntel
TMP=C:\Users\Admin\AppData\Local\Temp
TEMP=C:\Users\Admin\AppData\Local\Temp




Periodic native trim disabled

---------------  S Y S T E M  ---------------

OS:
 Windows 10 , 64 bit Build 19041 (10.0.19041.928)
OS uptime: 0 days 17:41 hours

CPU: total 8 (initial active 8) (4 cores per cpu, 2 threads per core) family 6 model 165 stepping 3 microcode 0xf6, cx8, cmov, fxsr, ht, mmx, 3dnowpref, sse, sse2, sse3, ssse3, sse4.1, sse4.2, popcnt, lzcnt, tsc, tscinvbit, avx, avx2, aes, erms, clmul, bmi1, bmi2, adx, fma, vzeroupper, clflush, clflushopt, rdtscp, f16c
Processor Information for the first 8 processors :
  Max Mhz: 3696, Current Mhz: 3696, Mhz Limit: 3696

Memory: 4k page, system-wide physical 16283M (3297M free)
TotalPageFile size 31366M (AvailPageFile size 5M)
current process WorkingSet (physical memory assigned to process): 85M, peak: 86M
current process commit charge ("private bytes"): 239M, peak: 240M

vm_info: OpenJDK 64-Bit Server VM (21.0.8+9-LTS) for windows-amd64 JRE (21.0.8+9-LTS), built on 2025-07-15T00:00:00Z by "admin" with MS VC++ 17.7 (VS2022)

END.
