#
# There is insufficient memory for the Java Runtime Environment to continue.
# Native memory allocation (malloc) failed to allocate 1048576 bytes. Error detail: AllocateHeap
# Possible reasons:
#   The system is out of physical RAM or swap space
#   This process is running with CompressedOops enabled, and the Java Heap may be blocking the growth of the native heap
# Possible solutions:
#   Reduce memory load on the system
#   Increase physical memory or swap space
#   Check if swap backing store is full
#   Decrease Java heap size (-Xmx/-Xms)
#   Decrease number of Java threads
#   Decrease Java thread stack sizes (-Xss)
#   Set larger code cache with -XX:ReservedCodeCacheSize=
#   JVM is running with Unscaled Compressed Oops mode in which the Java heap is
#     placed in the first 4GB address space. The Java Heap base address is the
#     maximum limit for the native heap growth. Please use -XX:HeapBaseMinAddress
#     to set the Java Heap base and to place the Java Heap above 4GB virtual address.
# This output file may be truncated or incomplete.
#
#  Out of Memory Error (allocation.cpp:44), pid=14904, tid=14248
#
# JRE version: OpenJDK Runtime Environment Temurin-21.0.8+9 (21.0.8+9) (build 21.0.8+9-LTS)
# Java VM: OpenJDK 64-Bit Server VM Temurin-21.0.8+9 (21.0.8+9-LTS, mixed mode, sharing, tiered, compressed oops, compressed class ptrs, parallel gc, windows-amd64)
# No core dump will be written. Minidumps are not enabled by default on client versions of Windows
#

---------------  S U M M A R Y ------------

Command Line: --add-modules=ALL-SYSTEM --add-opens=java.base/java.util=ALL-UNNAMED --add-opens=java.base/java.lang=ALL-UNNAMED --add-opens=java.base/sun.nio.fs=ALL-UNNAMED -Declipse.application=org.eclipse.jdt.ls.core.id1 -Dosgi.bundles.defaultStartLevel=4 -Declipse.product=org.eclipse.jdt.ls.core.product -Djava.import.generatesMetadataFilesAtProjectRoot=false -DDetectVMInstallationsJob.disabled=true -Dfile.encoding=utf8 -XX:+UseParallelGC -XX:GCTimeRatio=4 -XX:AdaptiveSizePolicyWeight=90 -Dsun.zip.disableMemoryMapping=true -Xmx2G -Xms100m -Xlog:disable -javaagent:c:\Users\User\.vscode\extensions\redhat.java-1.45.0-win32-x64\lombok\lombok-1.18.39-4050.jar -XX:+HeapDumpOnOutOfMemoryError -XX:HeapDumpPath=c:\Users\User\AppData\Roaming\Code\User\workspaceStorage\b6d762d694df7f5480e835317edaeb3f\redhat.java -Daether.dependencyCollector.impl=bf c:\Users\User\.vscode\extensions\redhat.java-1.45.0-win32-x64\server\plugins\org.eclipse.equinox.launcher_1.7.0.v20250519-0528.jar -configuration c:\Users\User\AppData\Roaming\Code\User\globalStorage\redhat.java\1.45.0\config_win -data c:\Users\User\AppData\Roaming\Code\User\workspaceStorage\b6d762d694df7f5480e835317edaeb3f\redhat.java\jdt_ws --pipe=\\.\pipe\lsp-8cb43552d0f12604d9a0dc304b799328-sock

Host: 13th Gen Intel(R) Core(TM) i5-13400, 16 cores, 23G,  Windows 10 , 64 bit Build 19041 (10.0.19041.5915)
Time: Mon Sep 29 10:23:29 2025 SE Asia Standard Time elapsed time: 6921.536450 seconds (0d 1h 55m 21s)

---------------  T H R E A D  ---------------

Current thread (0x0000022b5bae7f70):  JavaThread "Attach Listener" daemon [_thread_in_vm, id=14248, stack(0x000000e5e9e00000,0x000000e5e9f00000) (1024K)]

Stack: [0x000000e5e9e00000,0x000000e5e9f00000]
Native frames: (J=compiled Java code, j=interpreted, Vv=VM code, C=native code)
V  [jvm.dll+0x6d2449]
V  [jvm.dll+0x8ae341]
V  [jvm.dll+0x8b08be]
V  [jvm.dll+0x8b0fa3]
V  [jvm.dll+0x280c96]
V  [jvm.dll+0xc0347]
V  [jvm.dll+0x6d2cf9]
V  [jvm.dll+0x131116]
V  [jvm.dll+0x3f2d16]
V  [jvm.dll+0x857e6b]
V  [jvm.dll+0x6d0b0d]
C  [ucrtbase.dll+0x21bb2]
C  [KERNEL32.DLL+0x17374]
C  [ntdll.dll+0x4cc91]


---------------  P R O C E S S  ---------------

Threads class SMR info:
_java_thread_list=0x0000022b727e3f30, length=46, elements={
0x0000022b4394d820, 0x0000022b5bae3f40, 0x0000022b5bae5690, 0x0000022b5bae6de0,
0x0000022b5bae7f70, 0x0000022b5baecaf0, 0x0000022b5baeecf0, 0x0000022b5baf3250,
0x0000022b5bb17c40, 0x0000022b5bbd8fc0, 0x0000022b6100ed30, 0x0000022b618120c0,
0x0000022b618fee50, 0x0000022b61a32c20, 0x0000022b61855f60, 0x0000022b61f660c0,
0x0000022b6214b900, 0x0000022b61b0a530, 0x0000022b61b0b250, 0x0000022b61b0abc0,
0x0000022b61b0b8e0, 0x0000022b61b0bf70, 0x0000022b658b0640, 0x0000022b658af290,
0x0000022b658affb0, 0x0000022b658af920, 0x0000022b658b0cd0, 0x0000022b658b1360,
0x0000022b658ae570, 0x0000022b658b19f0, 0x0000022b658aec00, 0x0000022b65254250,
0x0000022b652569b0, 0x0000022b65250dd0, 0x0000022b65255600, 0x0000022b652500b0,
0x0000022b65253530, 0x0000022b65252810, 0x0000022b65252ea0, 0x0000022b65251af0,
0x0000022b67d50810, 0x0000022b63b07150, 0x0000022b63b09220, 0x0000022b63b0e0e0,
0x0000022b75b70b90, 0x0000022b6235f130
}

Java Threads: ( => current thread )
  0x0000022b4394d820 JavaThread "main"                              [_thread_blocked, id=14636, stack(0x000000e5e9700000,0x000000e5e9800000) (1024K)]
  0x0000022b5bae3f40 JavaThread "Reference Handler"          daemon [_thread_blocked, id=13460, stack(0x000000e5e9b00000,0x000000e5e9c00000) (1024K)]
  0x0000022b5bae5690 JavaThread "Finalizer"                  daemon [_thread_blocked, id=7732, stack(0x000000e5e9c00000,0x000000e5e9d00000) (1024K)]
  0x0000022b5bae6de0 JavaThread "Signal Dispatcher"          daemon [_thread_blocked, id=6048, stack(0x000000e5e9d00000,0x000000e5e9e00000) (1024K)]
=>0x0000022b5bae7f70 JavaThread "Attach Listener"            daemon [_thread_in_vm, id=14248, stack(0x000000e5e9e00000,0x000000e5e9f00000) (1024K)]
  0x0000022b5baecaf0 JavaThread "Service Thread"             daemon [_thread_blocked, id=14748, stack(0x000000e5e9f00000,0x000000e5ea000000) (1024K)]
  0x0000022b5baeecf0 JavaThread "Monitor Deflation Thread"   daemon [_thread_blocked, id=15128, stack(0x000000e5ea000000,0x000000e5ea100000) (1024K)]
  0x0000022b5baf3250 JavaThread "C2 CompilerThread0"         daemon [_thread_blocked, id=14892, stack(0x000000e5ea100000,0x000000e5ea200000) (1024K)]
  0x0000022b5bb17c40 JavaThread "C1 CompilerThread0"         daemon [_thread_blocked, id=14880, stack(0x000000e5ea200000,0x000000e5ea300000) (1024K)]
  0x0000022b5bbd8fc0 JavaThread "Common-Cleaner"             daemon [_thread_blocked, id=8940, stack(0x000000e5ea300000,0x000000e5ea400000) (1024K)]
  0x0000022b6100ed30 JavaThread "Notification Thread"        daemon [_thread_blocked, id=15188, stack(0x000000e5ea800000,0x000000e5ea900000) (1024K)]
  0x0000022b618120c0 JavaThread "Active Thread: Equinox Container: 78787630-442f-428c-a446-126391b3c49f"        [_thread_blocked, id=15916, stack(0x000000e5eb100000,0x000000e5eb200000) (1024K)]
  0x0000022b618fee50 JavaThread "Refresh Thread: Equinox Container: 78787630-442f-428c-a446-126391b3c49f" daemon [_thread_blocked, id=15792, stack(0x000000e5eb300000,0x000000e5eb400000) (1024K)]
  0x0000022b61a32c20 JavaThread "Framework Event Dispatcher: Equinox Container: 78787630-442f-428c-a446-126391b3c49f" daemon [_thread_blocked, id=15768, stack(0x000000e5eb400000,0x000000e5eb500000) (1024K)]
  0x0000022b61855f60 JavaThread "Start Level: Equinox Container: 78787630-442f-428c-a446-126391b3c49f" daemon [_thread_blocked, id=15872, stack(0x000000e5eb500000,0x000000e5eb600000) (1024K)]
  0x0000022b61f660c0 JavaThread "Bundle File Closer"         daemon [_thread_blocked, id=16256, stack(0x000000e5eb900000,0x000000e5eba00000) (1024K)]
  0x0000022b6214b900 JavaThread "SCR Component Actor"        daemon [_thread_blocked, id=16332, stack(0x000000e5eba00000,0x000000e5ebb00000) (1024K)]
  0x0000022b61b0a530 JavaThread "Worker-JM"                         [_thread_blocked, id=16280, stack(0x000000e5ebc00000,0x000000e5ebd00000) (1024K)]
  0x0000022b61b0b250 JavaThread "JNA Cleaner"                daemon [_thread_blocked, id=16220, stack(0x000000e5ebf00000,0x000000e5ec000000) (1024K)]
  0x0000022b61b0abc0 JavaThread "Java indexing"              daemon [_thread_blocked, id=15636, stack(0x000000e5ec200000,0x000000e5ec300000) (1024K)]
  0x0000022b61b0b8e0 JavaThread "Thread-2"                   daemon [_thread_in_native, id=15436, stack(0x000000e5ec700000,0x000000e5ec800000) (1024K)]
  0x0000022b61b0bf70 JavaThread "Thread-3"                   daemon [_thread_in_native, id=15604, stack(0x000000e5ec800000,0x000000e5ec900000) (1024K)]
  0x0000022b658b0640 JavaThread "Thread-4"                   daemon [_thread_in_native, id=15728, stack(0x000000e5ec900000,0x000000e5eca00000) (1024K)]
  0x0000022b658af290 JavaThread "Thread-5"                   daemon [_thread_in_native, id=15744, stack(0x000000e5eca00000,0x000000e5ecb00000) (1024K)]
  0x0000022b658affb0 JavaThread "Thread-6"                   daemon [_thread_in_native, id=15532, stack(0x000000e5ecb00000,0x000000e5ecc00000) (1024K)]
  0x0000022b658af920 JavaThread "Thread-7"                   daemon [_thread_in_native, id=15404, stack(0x000000e5ecc00000,0x000000e5ecd00000) (1024K)]
  0x0000022b658b0cd0 JavaThread "Thread-8"                   daemon [_thread_in_native, id=15408, stack(0x000000e5ecd00000,0x000000e5ece00000) (1024K)]
  0x0000022b658b1360 JavaThread "Thread-9"                   daemon [_thread_in_native, id=15616, stack(0x000000e5ece00000,0x000000e5ecf00000) (1024K)]
  0x0000022b658ae570 JavaThread "Thread-10"                  daemon [_thread_in_native, id=15580, stack(0x000000e5ecf00000,0x000000e5ed000000) (1024K)]
  0x0000022b658b19f0 JavaThread "Thread-11"                  daemon [_thread_in_native, id=15660, stack(0x000000e5ed000000,0x000000e5ed100000) (1024K)]
  0x0000022b658aec00 JavaThread "Thread-12"                  daemon [_thread_in_native, id=15684, stack(0x000000e5ed100000,0x000000e5ed200000) (1024K)]
  0x0000022b65254250 JavaThread "Thread-13"                  daemon [_thread_in_native, id=15700, stack(0x000000e5ed200000,0x000000e5ed300000) (1024K)]
  0x0000022b652569b0 JavaThread "Thread-14"                  daemon [_thread_in_native, id=15400, stack(0x000000e5ed300000,0x000000e5ed400000) (1024K)]
  0x0000022b65250dd0 JavaThread "Thread-15"                  daemon [_thread_in_native, id=15504, stack(0x000000e5ed400000,0x000000e5ed500000) (1024K)]
  0x0000022b65255600 JavaThread "Thread-16"                  daemon [_thread_in_native, id=15444, stack(0x000000e5ed500000,0x000000e5ed600000) (1024K)]
  0x0000022b652500b0 JavaThread "Thread-17"                  daemon [_thread_in_native, id=15668, stack(0x000000e5ed600000,0x000000e5ed700000) (1024K)]
  0x0000022b65253530 JavaThread "Thread-18"                  daemon [_thread_in_native, id=15640, stack(0x000000e5ed700000,0x000000e5ed800000) (1024K)]
  0x0000022b65252810 JavaThread "pool-2-thread-1"                   [_thread_blocked, id=15648, stack(0x000000e5ed800000,0x000000e5ed900000) (1024K)]
  0x0000022b65252ea0 JavaThread "WorkspaceEventsHandler"            [_thread_blocked, id=15676, stack(0x000000e5edc00000,0x000000e5edd00000) (1024K)]
  0x0000022b65251af0 JavaThread "pool-1-thread-1"                   [_thread_blocked, id=15520, stack(0x000000e5edd00000,0x000000e5ede00000) (1024K)]
  0x0000022b67d50810 JavaThread "Cleaner-0"                  daemon [_thread_blocked, id=16572, stack(0x000000e5f0100000,0x000000e5f0200000) (1024K)]
  0x0000022b63b07150 JavaThread "Java Debug Server"          daemon [_thread_in_native, id=18104, stack(0x000000e5e9400000,0x000000e5e9500000) (1024K)]
  0x0000022b63b09220 JavaThread "RxSchedulerPurge-1"         daemon [_thread_blocked, id=16612, stack(0x000000e5e9600000,0x000000e5e9700000) (1024K)]
  0x0000022b63b0e0e0 JavaThread "RxCachedWorkerPoolEvictor-1" daemon [_thread_blocked, id=12048, stack(0x000000e5ea400000,0x000000e5ea500000) (1024K)]
  0x0000022b75b70b90 JavaThread "Worker-33"                         [_thread_blocked, id=19300, stack(0x000000e5ec000000,0x000000e5ec100000) (1024K)]
  0x0000022b6235f130 JavaThread "Worker-37"                         [_thread_blocked, id=9408, stack(0x000000e5ea600000,0x000000e5ea700000) (1024K)]
Total: 46

Other Threads:
  0x0000022b43907930 VMThread "VM Thread"                           [id=4648, stack(0x000000e5e9a00000,0x000000e5e9b00000) (1024K)]
  0x0000022b43a14b70 WatcherThread "VM Periodic Task Thread"        [id=14724, stack(0x000000e5e9900000,0x000000e5e9a00000) (1024K)]
  0x0000022b4396bf70 WorkerThread "GC Thread#0"                     [id=7612, stack(0x000000e5e9800000,0x000000e5e9900000) (1024K)]
  0x0000022b61511a40 WorkerThread "GC Thread#1"                     [id=14728, stack(0x000000e5eaa00000,0x000000e5eab00000) (1024K)]
  0x0000022b61745270 WorkerThread "GC Thread#2"                     [id=13488, stack(0x000000e5eab00000,0x000000e5eac00000) (1024K)]
  0x0000022b612f1e80 WorkerThread "GC Thread#3"                     [id=13028, stack(0x000000e5eac00000,0x000000e5ead00000) (1024K)]
  0x0000022b6139ca80 WorkerThread "GC Thread#4"                     [id=14672, stack(0x000000e5ead00000,0x000000e5eae00000) (1024K)]
  0x0000022b618d1d70 WorkerThread "GC Thread#5"                     [id=8304, stack(0x000000e5eae00000,0x000000e5eaf00000) (1024K)]
  0x0000022b618d2bf0 WorkerThread "GC Thread#6"                     [id=908, stack(0x000000e5eaf00000,0x000000e5eb000000) (1024K)]
  0x0000022b618d24b0 WorkerThread "GC Thread#7"                     [id=16116, stack(0x000000e5eb200000,0x000000e5eb300000) (1024K)]
  0x0000022b618d1290 WorkerThread "GC Thread#8"                     [id=15968, stack(0x000000e5eb600000,0x000000e5eb700000) (1024K)]
  0x0000022b618d19d0 WorkerThread "GC Thread#9"                     [id=16264, stack(0x000000e5eb700000,0x000000e5eb800000) (1024K)]
  0x0000022b618d2850 WorkerThread "GC Thread#10"                    [id=16260, stack(0x000000e5eb800000,0x000000e5eb900000) (1024K)]
  0x0000022b61c05780 WorkerThread "GC Thread#11"                    [id=16228, stack(0x000000e5ebd00000,0x000000e5ebe00000) (1024K)]
  0x0000022b61c05ec0 WorkerThread "GC Thread#12"                    [id=16224, stack(0x000000e5ebe00000,0x000000e5ebf00000) (1024K)]
Total: 15

Threads with active compile tasks:
Total: 0

VM state: not at safepoint (normal execution)

VM Mutex/Monitor currently owned by a thread: None

Heap address: 0x0000000080000000, size: 2048 MB, Compressed Oops mode: 32-bit

CDS archive(s) mapped at: [0x0000022b00000000-0x0000022b00ba0000-0x0000022b00ba0000), size 12189696, SharedBaseAddress: 0x0000022b00000000, ArchiveRelocationMode: 1.
Compressed class space mapped at: 0x0000022b01000000-0x0000022b41000000, reserved size: 1073741824
Narrow klass base: 0x0000022b00000000, Narrow klass shift: 0, Narrow klass range: 0x100000000

GC Precious Log:
 CardTable entry size: 512
 CPUs: 16 total, 16 available
 Memory: 24190M
 Large Page Support: Disabled
 NUMA Support: Disabled
 Compressed Oops: Enabled (32-bit)
 Alignments: Space 512K, Generation 512K, Heap 2M
 Heap Min Capacity: 100M
 Heap Initial Capacity: 100M
 Heap Max Capacity: 2G
 Pre-touch: Disabled
 Parallel Workers: 13

Heap:
 PSYoungGen      total 22016K, used 12136K [0x00000000d5580000, 0x00000000d6f80000, 0x0000000100000000)
  eden space 21504K, 55% used [0x00000000d5580000,0x00000000d611a320,0x00000000d6a80000)
  from space 512K, 50% used [0x00000000d6f00000,0x00000000d6f40000,0x00000000d6f80000)
  to   space 512K, 0% used [0x00000000d6e80000,0x00000000d6e80000,0x00000000d6f00000)
 ParOldGen       total 1334784K, used 1334682K [0x0000000080000000, 0x00000000d1780000, 0x00000000d5580000)
  object space 1334784K, 99% used [0x0000000080000000,0x00000000d1766b08,0x00000000d1780000)
 Metaspace       used 102454K, committed 104448K, reserved 1179648K
  class space    used 10136K, committed 11136K, reserved 1048576K

Card table byte_map: [0x0000022b43300000,0x0000022b43710000] _byte_map_base: 0x0000022b42f00000

Marking Bits: (ParMarkBitMap*) 0x00007ffaa142a340
 Begin Bits: [0x0000022b55e00000, 0x0000022b57e00000)
 End Bits:   [0x0000022b57e00000, 0x0000022b59e00000)

Polling page: 0x0000022b41790000

Metaspace:

Usage:
  Non-class:     90.15 MB used.
      Class:      9.90 MB used.
       Both:    100.05 MB used.

Virtual space:
  Non-class space:      128.00 MB reserved,      91.12 MB ( 71%) committed,  2 nodes.
      Class space:        1.00 GB reserved,      10.88 MB (  1%) committed,  1 nodes.
             Both:        1.12 GB reserved,     102.00 MB (  9%) committed. 

Chunk freelists:
   Non-Class:  4.45 MB
       Class:  5.32 MB
        Both:  9.78 MB

MaxMetaspaceSize: unlimited
CompressedClassSpaceSize: 1.00 GB
Initial GC threshold: 21.00 MB
Current GC threshold: 169.38 MB
CDS: on
 - commit_granule_bytes: 65536.
 - commit_granule_words: 8192.
 - virtual_space_node_default_size: 8388608.
 - enlarge_chunks_in_place: 1.
 - use_allocation_guard: 0.


Internal statistics:

num_allocs_failed_limit: 9.
num_arena_births: 2180.
num_arena_deaths: 486.
num_vsnodes_births: 3.
num_vsnodes_deaths: 0.
num_space_committed: 1634.
num_space_uncommitted: 2.
num_chunks_returned_to_freelist: 599.
num_chunks_taken_from_freelist: 7407.
num_chunk_merges: 148.
num_chunk_splits: 4395.
num_chunks_enlarged: 2459.
num_inconsistent_stats: 0.

CodeHeap 'non-profiled nmethods': size=119168Kb used=27747Kb max_used=31127Kb free=91420Kb
 bounds [0x0000022b4e6f0000, 0x0000022b50560000, 0x0000022b55b50000]
CodeHeap 'profiled nmethods': size=119104Kb used=34097Kb max_used=58692Kb free=85006Kb
 bounds [0x0000022b46b50000, 0x0000022b4a4b0000, 0x0000022b4dfa0000]
CodeHeap 'non-nmethods': size=7488Kb used=1558Kb max_used=3339Kb free=5930Kb
 bounds [0x0000022b4dfa0000, 0x0000022b4e300000, 0x0000022b4e6f0000]
CodeCache: size=245760Kb, used=63402Kb, max_used=93158Kb, free=182356Kb
 total_blobs=17422, nmethods=16548, adapters=773, full_count=0
Compilation: enabled, stopped_count=0, restarted_count=0

Compilation events (20 events):
Event: 5944.020 Thread 0x0000022b5bb17c40 33533       3       java.util.logging.LogManager::demandLogger (53 bytes)
Event: 5944.022 Thread 0x0000022b5bb17c40 nmethod 33533 0x0000022b47fe5810 code [0x0000022b47fe5a40, 0x0000022b47fe6098]
Event: 5944.022 Thread 0x0000022b5bb17c40 33534       3       java.util.logging.LogManager::getLogger (9 bytes)
Event: 5944.022 Thread 0x0000022b5bb17c40 nmethod 33534 0x0000022b47b30710 code [0x0000022b47b308c0, 0x0000022b47b30ad0]
Event: 6274.090 Thread 0x0000022b5bb17c40 33535       3       jdk.internal.logger.DefaultLoggerFinder::isSystem (18 bytes)
Event: 6274.091 Thread 0x0000022b5bb17c40 nmethod 33535 0x0000022b480ee010 code [0x0000022b480ee260, 0x0000022b480eeb60]
Event: 6274.091 Thread 0x0000022b5bb17c40 33536       3       jdk.internal.logger.DefaultLoggerFinder$1::<init> (10 bytes)
Event: 6274.091 Thread 0x0000022b5bb17c40 nmethod 33536 0x0000022b4750a110 code [0x0000022b4750a2c0, 0x0000022b4750a448]
Event: 6274.091 Thread 0x0000022b5bb17c40 33537       3       jdk.internal.logger.DefaultLoggerFinder$1::run (5 bytes)
Event: 6274.091 Thread 0x0000022b5bb17c40 nmethod 33537 0x0000022b4813be10 code [0x0000022b4813c020, 0x0000022b4813c690]
Event: 6274.091 Thread 0x0000022b5bb17c40 33538       3       jdk.internal.logger.DefaultLoggerFinder$1::run (14 bytes)
Event: 6274.092 Thread 0x0000022b5bb17c40 nmethod 33538 0x0000022b47a4a210 code [0x0000022b47a4a420, 0x0000022b47a4aa28]
Event: 6601.698 Thread 0x0000022b5baf3250 33539       4       java.util.HashMap$Node::setValue (12 bytes)
Event: 6601.699 Thread 0x0000022b5baf3250 nmethod 33539 0x0000022b4ece2390 code [0x0000022b4ece2520, 0x0000022b4ece25c8]
Event: 6724.217 Thread 0x0000022b5bb17c40 33540       3       java.util.logging.Logger::getLogger (8 bytes)
Event: 6724.219 Thread 0x0000022b5bb17c40 nmethod 33540 0x0000022b473d1c90 code [0x0000022b473d1e60, 0x0000022b473d2020]
Event: 6724.219 Thread 0x0000022b5bb17c40 33541       3       java.util.logging.Logger::getLogger (7 bytes)
Event: 6724.220 Thread 0x0000022b5bb17c40 nmethod 33541 0x0000022b47223e90 code [0x0000022b47224040, 0x0000022b47224168]
Event: 6724.220 Thread 0x0000022b5bb17c40 33542       3       java.util.logging.Logger::demandLogger (36 bytes)
Event: 6724.224 Thread 0x0000022b5bb17c40 nmethod 33542 0x0000022b47faec90 code [0x0000022b47faef20, 0x0000022b47faf9d0]

GC Heap History (20 events):
Event: 3427.922 GC heap before
{Heap before GC invocations=4426 (full 9):
 PSYoungGen      total 23552K, used 23401K [0x00000000d5580000, 0x00000000d7280000, 0x0000000100000000)
  eden space 22528K, 100% used [0x00000000d5580000,0x00000000d6b80000,0x00000000d6b80000)
  from space 1024K, 85% used [0x00000000d7180000,0x00000000d725a700,0x00000000d7280000)
  to   space 1024K, 0% used [0x00000000d7080000,0x00000000d7080000,0x00000000d7180000)
 ParOldGen       total 1328128K, used 1327945K [0x0000000080000000, 0x00000000d1100000, 0x00000000d5580000)
  object space 1328128K, 99% used [0x0000000080000000,0x00000000d10d26b8,0x00000000d1100000)
 Metaspace       used 102436K, committed 104384K, reserved 1179648K
  class space    used 10136K, committed 11136K, reserved 1048576K
}
Event: 3427.923 GC heap after
{Heap after GC invocations=4426 (full 9):
 PSYoungGen      total 23040K, used 1010K [0x00000000d5580000, 0x00000000d7200000, 0x0000000100000000)
  eden space 22016K, 0% used [0x00000000d5580000,0x00000000d5580000,0x00000000d6b00000)
  from space 1024K, 98% used [0x00000000d7080000,0x00000000d717ca40,0x00000000d7180000)
  to   space 512K, 0% used [0x00000000d7180000,0x00000000d7180000,0x00000000d7200000)
 ParOldGen       total 1329664K, used 1329586K [0x0000000080000000, 0x00000000d1280000, 0x00000000d5580000)
  object space 1329664K, 99% used [0x0000000080000000,0x00000000d126c8b8,0x00000000d1280000)
 Metaspace       used 102436K, committed 104384K, reserved 1179648K
  class space    used 10136K, committed 11136K, reserved 1048576K
}
Event: 3427.927 GC heap before
{Heap before GC invocations=4427 (full 9):
 PSYoungGen      total 23040K, used 23026K [0x00000000d5580000, 0x00000000d7200000, 0x0000000100000000)
  eden space 22016K, 100% used [0x00000000d5580000,0x00000000d6b00000,0x00000000d6b00000)
  from space 1024K, 98% used [0x00000000d7080000,0x00000000d717ca40,0x00000000d7180000)
  to   space 512K, 0% used [0x00000000d7180000,0x00000000d7180000,0x00000000d7200000)
 ParOldGen       total 1329664K, used 1329586K [0x0000000080000000, 0x00000000d1280000, 0x00000000d5580000)
  object space 1329664K, 99% used [0x0000000080000000,0x00000000d126c8b8,0x00000000d1280000)
 Metaspace       used 102436K, committed 104384K, reserved 1179648K
  class space    used 10136K, committed 11136K, reserved 1048576K
}
Event: 3427.929 GC heap after
{Heap after GC invocations=4427 (full 9):
 PSYoungGen      total 22016K, used 512K [0x00000000d5580000, 0x00000000d7200000, 0x0000000100000000)
  eden space 21504K, 0% used [0x00000000d5580000,0x00000000d5580000,0x00000000d6a80000)
  from space 512K, 100% used [0x00000000d7180000,0x00000000d7200000,0x00000000d7200000)
  to   space 2560K, 0% used [0x00000000d6d00000,0x00000000d6d00000,0x00000000d6f80000)
 ParOldGen       total 1331712K, used 1331426K [0x0000000080000000, 0x00000000d1480000, 0x00000000d5580000)
  object space 1331712K, 99% used [0x0000000080000000,0x00000000d14388f8,0x00000000d1480000)
 Metaspace       used 102436K, committed 104384K, reserved 1179648K
  class space    used 10136K, committed 11136K, reserved 1048576K
}
Event: 3427.938 GC heap before
{Heap before GC invocations=4428 (full 9):
 PSYoungGen      total 22016K, used 22016K [0x00000000d5580000, 0x00000000d7200000, 0x0000000100000000)
  eden space 21504K, 100% used [0x00000000d5580000,0x00000000d6a80000,0x00000000d6a80000)
  from space 512K, 100% used [0x00000000d7180000,0x00000000d7200000,0x00000000d7200000)
  to   space 2560K, 0% used [0x00000000d6d00000,0x00000000d6d00000,0x00000000d6f80000)
 ParOldGen       total 1331712K, used 1331426K [0x0000000080000000, 0x00000000d1480000, 0x00000000d5580000)
  object space 1331712K, 99% used [0x0000000080000000,0x00000000d14388f8,0x00000000d1480000)
 Metaspace       used 102436K, committed 104384K, reserved 1179648K
  class space    used 10136K, committed 11136K, reserved 1048576K
}
Event: 3427.939 GC heap after
{Heap after GC invocations=4428 (full 9):
 PSYoungGen      total 24064K, used 704K [0x00000000d5580000, 0x00000000d7200000, 0x0000000100000000)
  eden space 21504K, 0% used [0x00000000d5580000,0x00000000d5580000,0x00000000d6a80000)
  from space 2560K, 27% used [0x00000000d6d00000,0x00000000d6db0000,0x00000000d6f80000)
  to   space 1536K, 0% used [0x00000000d7080000,0x00000000d7080000,0x00000000d7200000)
 ParOldGen       total 1332224K, used 1331970K [0x0000000080000000, 0x00000000d1500000, 0x00000000d5580000)
  object space 1332224K, 99% used [0x0000000080000000,0x00000000d14c08f8,0x00000000d1500000)
 Metaspace       used 102436K, committed 104384K, reserved 1179648K
  class space    used 10136K, committed 11136K, reserved 1048576K
}
Event: 3427.954 GC heap before
{Heap before GC invocations=4429 (full 9):
 PSYoungGen      total 24064K, used 22137K [0x00000000d5580000, 0x00000000d7200000, 0x0000000100000000)
  eden space 21504K, 99% used [0x00000000d5580000,0x00000000d6a6e4e8,0x00000000d6a80000)
  from space 2560K, 27% used [0x00000000d6d00000,0x00000000d6db0000,0x00000000d6f80000)
  to   space 1536K, 0% used [0x00000000d7080000,0x00000000d7080000,0x00000000d7200000)
 ParOldGen       total 1332224K, used 1331970K [0x0000000080000000, 0x00000000d1500000, 0x00000000d5580000)
  object space 1332224K, 99% used [0x0000000080000000,0x00000000d14c08f8,0x00000000d1500000)
 Metaspace       used 102436K, committed 104384K, reserved 1179648K
  class space    used 10136K, committed 11136K, reserved 1048576K
}
Event: 3427.955 GC heap after
{Heap after GC invocations=4429 (full 9):
 PSYoungGen      total 23040K, used 1228K [0x00000000d5580000, 0x00000000d7200000, 0x0000000100000000)
  eden space 21504K, 0% used [0x00000000d5580000,0x00000000d5580000,0x00000000d6a80000)
  from space 1536K, 80% used [0x00000000d7080000,0x00000000d71b3340,0x00000000d7200000)
  to   space 1536K, 0% used [0x00000000d6f00000,0x00000000d6f00000,0x00000000d7080000)
 ParOldGen       total 1332736K, used 1332490K [0x0000000080000000, 0x00000000d1580000, 0x00000000d5580000)
  object space 1332736K, 99% used [0x0000000080000000,0x00000000d15428f8,0x00000000d1580000)
 Metaspace       used 102436K, committed 104384K, reserved 1179648K
  class space    used 10136K, committed 11136K, reserved 1048576K
}
Event: 3427.969 GC heap before
{Heap before GC invocations=4430 (full 9):
 PSYoungGen      total 23040K, used 22585K [0x00000000d5580000, 0x00000000d7200000, 0x0000000100000000)
  eden space 21504K, 99% used [0x00000000d5580000,0x00000000d6a5b0d0,0x00000000d6a80000)
  from space 1536K, 80% used [0x00000000d7080000,0x00000000d71b3340,0x00000000d7200000)
  to   space 1536K, 0% used [0x00000000d6f00000,0x00000000d6f00000,0x00000000d7080000)
 ParOldGen       total 1332736K, used 1332490K [0x0000000080000000, 0x00000000d1580000, 0x00000000d5580000)
  object space 1332736K, 99% used [0x0000000080000000,0x00000000d15428f8,0x00000000d1580000)
 Metaspace       used 102436K, committed 104384K, reserved 1179648K
  class space    used 10136K, committed 11136K, reserved 1048576K
}
Event: 3427.971 GC heap after
{Heap after GC invocations=4430 (full 9):
 PSYoungGen      total 22016K, used 332K [0x00000000d5580000, 0x00000000d7100000, 0x0000000100000000)
  eden space 21504K, 0% used [0x00000000d5580000,0x00000000d5580000,0x00000000d6a80000)
  from space 512K, 65% used [0x00000000d6f00000,0x00000000d6f53340,0x00000000d6f80000)
  to   space 1024K, 0% used [0x00000000d7000000,0x00000000d7000000,0x00000000d7100000)
 ParOldGen       total 1333760K, used 1333286K [0x0000000080000000, 0x00000000d1680000, 0x00000000d5580000)
  object space 1333760K, 99% used [0x0000000080000000,0x00000000d1609908,0x00000000d1680000)
 Metaspace       used 102436K, committed 104384K, reserved 1179648K
  class space    used 10136K, committed 11136K, reserved 1048576K
}
Event: 3427.984 GC heap before
{Heap before GC invocations=4431 (full 9):
 PSYoungGen      total 22016K, used 21781K [0x00000000d5580000, 0x00000000d7100000, 0x0000000100000000)
  eden space 21504K, 99% used [0x00000000d5580000,0x00000000d6a722b8,0x00000000d6a80000)
  from space 512K, 65% used [0x00000000d6f00000,0x00000000d6f53340,0x00000000d6f80000)
  to   space 1024K, 0% used [0x00000000d7000000,0x00000000d7000000,0x00000000d7100000)
 ParOldGen       total 1333760K, used 1333286K [0x0000000080000000, 0x00000000d1680000, 0x00000000d5580000)
  object space 1333760K, 99% used [0x0000000080000000,0x00000000d1609908,0x00000000d1680000)
 Metaspace       used 102436K, committed 104384K, reserved 1179648K
  class space    used 10136K, committed 11136K, reserved 1048576K
}
Event: 3427.986 GC heap after
{Heap after GC invocations=4431 (full 9):
 PSYoungGen      total 22016K, used 508K [0x00000000d5580000, 0x00000000d7080000, 0x0000000100000000)
  eden space 21504K, 0% used [0x00000000d5580000,0x00000000d5580000,0x00000000d6a80000)
  from space 512K, 99% used [0x00000000d7000000,0x00000000d707f340,0x00000000d7080000)
  to   space 1024K, 0% used [0x00000000d6e80000,0x00000000d6e80000,0x00000000d6f80000)
 ParOldGen       total 1333760K, used 1333294K [0x0000000080000000, 0x00000000d1680000, 0x00000000d5580000)
  object space 1333760K, 99% used [0x0000000080000000,0x00000000d160b908,0x00000000d1680000)
 Metaspace       used 102436K, committed 104384K, reserved 1179648K
  class space    used 10136K, committed 11136K, reserved 1048576K
}
Event: 3427.999 GC heap before
{Heap before GC invocations=4432 (full 9):
 PSYoungGen      total 22016K, used 22012K [0x00000000d5580000, 0x00000000d7080000, 0x0000000100000000)
  eden space 21504K, 100% used [0x00000000d5580000,0x00000000d6a80000,0x00000000d6a80000)
  from space 512K, 99% used [0x00000000d7000000,0x00000000d707f340,0x00000000d7080000)
  to   space 1024K, 0% used [0x00000000d6e80000,0x00000000d6e80000,0x00000000d6f80000)
 ParOldGen       total 1333760K, used 1333294K [0x0000000080000000, 0x00000000d1680000, 0x00000000d5580000)
  object space 1333760K, 99% used [0x0000000080000000,0x00000000d160b908,0x00000000d1680000)
 Metaspace       used 102436K, committed 104384K, reserved 1179648K
  class space    used 10136K, committed 11136K, reserved 1048576K
}
Event: 3428.001 GC heap after
{Heap after GC invocations=4432 (full 9):
 PSYoungGen      total 22528K, used 608K [0x00000000d5580000, 0x00000000d7080000, 0x0000000100000000)
  eden space 21504K, 0% used [0x00000000d5580000,0x00000000d5580000,0x00000000d6a80000)
  from space 1024K, 59% used [0x00000000d6e80000,0x00000000d6f18000,0x00000000d6f80000)
  to   space 1024K, 0% used [0x00000000d6f80000,0x00000000d6f80000,0x00000000d7080000)
 ParOldGen       total 1333760K, used 1333410K [0x0000000080000000, 0x00000000d1680000, 0x00000000d5580000)
  object space 1333760K, 99% used [0x0000000080000000,0x00000000d1628b08,0x00000000d1680000)
 Metaspace       used 102436K, committed 104384K, reserved 1179648K
  class space    used 10136K, committed 11136K, reserved 1048576K
}
Event: 3428.014 GC heap before
{Heap before GC invocations=4433 (full 9):
 PSYoungGen      total 22528K, used 22032K [0x00000000d5580000, 0x00000000d7080000, 0x0000000100000000)
  eden space 21504K, 99% used [0x00000000d5580000,0x00000000d6a6c3a0,0x00000000d6a80000)
  from space 1024K, 59% used [0x00000000d6e80000,0x00000000d6f18000,0x00000000d6f80000)
  to   space 1024K, 0% used [0x00000000d6f80000,0x00000000d6f80000,0x00000000d7080000)
 ParOldGen       total 1333760K, used 1333410K [0x0000000080000000, 0x00000000d1680000, 0x00000000d5580000)
  object space 1333760K, 99% used [0x0000000080000000,0x00000000d1628b08,0x00000000d1680000)
 Metaspace       used 102436K, committed 104384K, reserved 1179648K
  class space    used 10136K, committed 11136K, reserved 1048576K
}
Event: 3428.017 GC heap after
{Heap after GC invocations=4433 (full 9):
 PSYoungGen      total 22528K, used 1004K [0x00000000d5580000, 0x00000000d7080000, 0x0000000100000000)
  eden space 21504K, 0% used [0x00000000d5580000,0x00000000d5580000,0x00000000d6a80000)
  from space 1024K, 98% used [0x00000000d6f80000,0x00000000d707b340,0x00000000d7080000)
  to   space 2048K, 0% used [0x00000000d6c80000,0x00000000d6c80000,0x00000000d6e80000)
 ParOldGen       total 1334272K, used 1333962K [0x0000000080000000, 0x00000000d1700000, 0x00000000d5580000)
  object space 1334272K, 99% used [0x0000000080000000,0x00000000d16b2b08,0x00000000d1700000)
 Metaspace       used 102436K, committed 104384K, reserved 1179648K
  class space    used 10136K, committed 11136K, reserved 1048576K
}
Event: 3428.031 GC heap before
{Heap before GC invocations=4434 (full 9):
 PSYoungGen      total 22528K, used 22497K [0x00000000d5580000, 0x00000000d7080000, 0x0000000100000000)
  eden space 21504K, 99% used [0x00000000d5580000,0x00000000d6a7d1d8,0x00000000d6a80000)
  from space 1024K, 98% used [0x00000000d6f80000,0x00000000d707b340,0x00000000d7080000)
  to   space 2048K, 0% used [0x00000000d6c80000,0x00000000d6c80000,0x00000000d6e80000)
 ParOldGen       total 1334272K, used 1333962K [0x0000000080000000, 0x00000000d1700000, 0x00000000d5580000)
  object space 1334272K, 99% used [0x0000000080000000,0x00000000d16b2b08,0x00000000d1700000)
 Metaspace       used 102436K, committed 104384K, reserved 1179648K
  class space    used 10136K, committed 11136K, reserved 1048576K
}
Event: 3428.033 GC heap after
{Heap after GC invocations=4434 (full 9):
 PSYoungGen      total 23552K, used 332K [0x00000000d5580000, 0x00000000d7000000, 0x0000000100000000)
  eden space 21504K, 0% used [0x00000000d5580000,0x00000000d5580000,0x00000000d6a80000)
  from space 2048K, 16% used [0x00000000d6c80000,0x00000000d6cd3340,0x00000000d6e80000)
  to   space 1024K, 0% used [0x00000000d6f00000,0x00000000d6f00000,0x00000000d7000000)
 ParOldGen       total 1334784K, used 1334674K [0x0000000080000000, 0x00000000d1780000, 0x00000000d5580000)
  object space 1334784K, 99% used [0x0000000080000000,0x00000000d1764b08,0x00000000d1780000)
 Metaspace       used 102436K, committed 104384K, reserved 1179648K
  class space    used 10136K, committed 11136K, reserved 1048576K
}
Event: 3466.074 GC heap before
{Heap before GC invocations=4435 (full 9):
 PSYoungGen      total 23552K, used 21836K [0x00000000d5580000, 0x00000000d7000000, 0x0000000100000000)
  eden space 21504K, 100% used [0x00000000d5580000,0x00000000d6a80000,0x00000000d6a80000)
  from space 2048K, 16% used [0x00000000d6c80000,0x00000000d6cd3340,0x00000000d6e80000)
  to   space 1024K, 0% used [0x00000000d6f00000,0x00000000d6f00000,0x00000000d7000000)
 ParOldGen       total 1334784K, used 1334674K [0x0000000080000000, 0x00000000d1780000, 0x00000000d5580000)
  object space 1334784K, 99% used [0x0000000080000000,0x00000000d1764b08,0x00000000d1780000)
 Metaspace       used 102436K, committed 104384K, reserved 1179648K
  class space    used 10136K, committed 11136K, reserved 1048576K
}
Event: 3466.077 GC heap after
{Heap after GC invocations=4435 (full 9):
 PSYoungGen      total 22016K, used 256K [0x00000000d5580000, 0x00000000d6f80000, 0x0000000100000000)
  eden space 21504K, 0% used [0x00000000d5580000,0x00000000d5580000,0x00000000d6a80000)
  from space 512K, 50% used [0x00000000d6f00000,0x00000000d6f40000,0x00000000d6f80000)
  to   space 512K, 0% used [0x00000000d6e80000,0x00000000d6e80000,0x00000000d6f00000)
 ParOldGen       total 1334784K, used 1334682K [0x0000000080000000, 0x00000000d1780000, 0x00000000d5580000)
  object space 1334784K, 99% used [0x0000000080000000,0x00000000d1766b08,0x00000000d1780000)
 Metaspace       used 102436K, committed 104384K, reserved 1179648K
  class space    used 10136K, committed 11136K, reserved 1048576K
}

Dll operation events (12 events):
Event: 0.004 Loaded shared library c:\Users\User\.vscode\extensions\redhat.java-1.45.0-win32-x64\jre\21.0.8-win32-x86_64\bin\java.dll
Event: 0.040 Loaded shared library c:\Users\User\.vscode\extensions\redhat.java-1.45.0-win32-x64\jre\21.0.8-win32-x86_64\bin\zip.dll
Event: 0.049 Loaded shared library C:\Users\User\.vscode\extensions\redhat.java-1.45.0-win32-x64\jre\21.0.8-win32-x86_64\bin\instrument.dll
Event: 0.051 Loaded shared library C:\Users\User\.vscode\extensions\redhat.java-1.45.0-win32-x64\jre\21.0.8-win32-x86_64\bin\net.dll
Event: 0.053 Loaded shared library C:\Users\User\.vscode\extensions\redhat.java-1.45.0-win32-x64\jre\21.0.8-win32-x86_64\bin\nio.dll
Event: 0.054 Loaded shared library C:\Users\User\.vscode\extensions\redhat.java-1.45.0-win32-x64\jre\21.0.8-win32-x86_64\bin\zip.dll
Event: 0.063 Loaded shared library C:\Users\User\.vscode\extensions\redhat.java-1.45.0-win32-x64\jre\21.0.8-win32-x86_64\bin\jimage.dll
Event: 0.095 Loaded shared library c:\Users\User\.vscode\extensions\redhat.java-1.45.0-win32-x64\jre\21.0.8-win32-x86_64\bin\verify.dll
Event: 0.740 Loaded shared library C:\Users\User\AppData\Roaming\Code\User\globalStorage\redhat.java\1.45.0\config_win\org.eclipse.equinox.launcher\org.eclipse.equinox.launcher.win32.win32.x86_64_1.2.1400.v20250801-0854\eclipse_11916.dll
Event: 1.586 Loaded shared library C:\Users\User\AppData\Local\Temp\jna-2645995\jna13957493682301981788.dll
Event: 2.499 Loaded shared library C:\Users\User\.vscode\extensions\redhat.java-1.45.0-win32-x64\jre\21.0.8-win32-x86_64\bin\sunmscapi.dll
Event: 2.713 Loaded shared library C:\Users\User\.vscode\extensions\redhat.java-1.45.0-win32-x64\jre\21.0.8-win32-x86_64\bin\extnet.dll

Deoptimization events (20 events):
Event: 3427.735 Thread 0x0000022b65253bc0 Uncommon trap: trap_request=0xffffff45 fr.pc=0x0000022b4fdda0c8 relative=0x0000000000000828
Event: 3427.735 Thread 0x0000022b65253bc0 Uncommon trap: reason=unstable_if action=reinterpret pc=0x0000022b4fdda0c8 method=java.util.concurrent.ForkJoinPool.awaitWork(Ljava/util/concurrent/ForkJoinPool$WorkQueue;)I @ 239 c2
Event: 3427.735 Thread 0x0000022b65253bc0 DEOPT PACKING pc=0x0000022b4fdda0c8 sp=0x000000e5ee6ff030
Event: 3427.735 Thread 0x0000022b65253bc0 DEOPT UNPACKING pc=0x0000022b4dff3aa2 sp=0x000000e5ee6fefc0 mode 2
Event: 4730.695 Thread 0x0000022b63b09220 Uncommon trap: trap_request=0xffffffd6 fr.pc=0x0000022b4f52f7b4 relative=0x00000000000002f4
Event: 4730.695 Thread 0x0000022b63b09220 Uncommon trap: reason=array_check action=maybe_recompile pc=0x0000022b4f52f7b4 method=java.util.concurrent.ScheduledThreadPoolExecutor$DelayedWorkQueue.offer(Ljava/lang/Runnable;)Z @ 65 c2
Event: 4730.695 Thread 0x0000022b63b09220 DEOPT PACKING pc=0x0000022b4f52f7b4 sp=0x000000e5e96ff040
Event: 4730.695 Thread 0x0000022b63b09220 DEOPT UNPACKING pc=0x0000022b4dff3aa2 sp=0x000000e5e96feee0 mode 2
Event: 4731.707 Thread 0x0000022b63b09220 Uncommon trap: trap_request=0xffffffd6 fr.pc=0x0000022b4f52f7b4 relative=0x00000000000002f4
Event: 4731.707 Thread 0x0000022b63b09220 Uncommon trap: reason=array_check action=maybe_recompile pc=0x0000022b4f52f7b4 method=java.util.concurrent.ScheduledThreadPoolExecutor$DelayedWorkQueue.offer(Ljava/lang/Runnable;)Z @ 65 c2
Event: 4731.707 Thread 0x0000022b63b09220 DEOPT PACKING pc=0x0000022b4f52f7b4 sp=0x000000e5e96ff040
Event: 4731.707 Thread 0x0000022b63b09220 DEOPT UNPACKING pc=0x0000022b4dff3aa2 sp=0x000000e5e96feee0 mode 2
Event: 4732.700 Thread 0x0000022b63b09220 Uncommon trap: trap_request=0xffffffd6 fr.pc=0x0000022b4f52f7b4 relative=0x00000000000002f4
Event: 4732.701 Thread 0x0000022b63b09220 Uncommon trap: reason=array_check action=maybe_recompile pc=0x0000022b4f52f7b4 method=java.util.concurrent.ScheduledThreadPoolExecutor$DelayedWorkQueue.offer(Ljava/lang/Runnable;)Z @ 65 c2
Event: 4732.701 Thread 0x0000022b63b09220 DEOPT PACKING pc=0x0000022b4f52f7b4 sp=0x000000e5e96ff040
Event: 4732.701 Thread 0x0000022b63b09220 DEOPT UNPACKING pc=0x0000022b4dff3aa2 sp=0x000000e5e96feee0 mode 2
Event: 4733.706 Thread 0x0000022b63b09220 Uncommon trap: trap_request=0xffffffd6 fr.pc=0x0000022b4f52f7b4 relative=0x00000000000002f4
Event: 4733.706 Thread 0x0000022b63b09220 Uncommon trap: reason=array_check action=maybe_recompile pc=0x0000022b4f52f7b4 method=java.util.concurrent.ScheduledThreadPoolExecutor$DelayedWorkQueue.offer(Ljava/lang/Runnable;)Z @ 65 c2
Event: 4733.706 Thread 0x0000022b63b09220 DEOPT PACKING pc=0x0000022b4f52f7b4 sp=0x000000e5e96ff040
Event: 4733.706 Thread 0x0000022b63b09220 DEOPT UNPACKING pc=0x0000022b4dff3aa2 sp=0x000000e5e96feee0 mode 2

Classes loaded (20 events):
Event: 3149.343 Loading class java/util/DualPivotQuicksort$Sorter
Event: 3149.343 Loading class java/util/DualPivotQuicksort$Sorter done
Event: 3150.511 Loading class jdk/internal/module/IllegalAccessLogger
Event: 3150.511 Loading class jdk/internal/module/IllegalAccessLogger done
Event: 3167.065 Loading class jdk/internal/module/IllegalAccessLogger
Event: 3167.065 Loading class jdk/internal/module/IllegalAccessLogger done
Event: 3209.760 Loading class jdk/internal/module/IllegalAccessLogger
Event: 3209.760 Loading class jdk/internal/module/IllegalAccessLogger done
Event: 3258.327 Loading class jdk/internal/module/IllegalAccessLogger
Event: 3258.327 Loading class jdk/internal/module/IllegalAccessLogger done
Event: 3279.349 Loading class jdk/internal/module/IllegalAccessLogger
Event: 3279.349 Loading class jdk/internal/module/IllegalAccessLogger done
Event: 3286.051 Loading class jdk/internal/module/IllegalAccessLogger
Event: 3286.051 Loading class jdk/internal/module/IllegalAccessLogger done
Event: 3310.743 Loading class jdk/internal/module/IllegalAccessLogger
Event: 3310.743 Loading class jdk/internal/module/IllegalAccessLogger done
Event: 3315.505 Loading class jdk/internal/module/IllegalAccessLogger
Event: 3315.505 Loading class jdk/internal/module/IllegalAccessLogger done
Event: 3417.199 Loading class jdk/internal/module/IllegalAccessLogger
Event: 3417.199 Loading class jdk/internal/module/IllegalAccessLogger done

Classes unloaded (20 events):
Event: 3209.561 Thread 0x0000022b43907930 Unloading class 0x0000022b01016400 'java/lang/invoke/LambdaForm$MH+0x0000022b01016400'
Event: 3209.561 Thread 0x0000022b43907930 Unloading class 0x0000022b01014800 'java/lang/invoke/LambdaForm$MH+0x0000022b01014800'
Event: 3209.561 Thread 0x0000022b43907930 Unloading class 0x0000022b0100d800 'java/lang/invoke/LambdaForm$MH+0x0000022b0100d800'
Event: 3209.561 Thread 0x0000022b43907930 Unloading class 0x0000022b0100d400 'java/lang/invoke/LambdaForm$MH+0x0000022b0100d400'
Event: 3209.561 Thread 0x0000022b43907930 Unloading class 0x0000022b0100d000 'java/lang/invoke/LambdaForm$MH+0x0000022b0100d000'
Event: 3209.561 Thread 0x0000022b43907930 Unloading class 0x0000022b0100cc00 'java/lang/invoke/LambdaForm$MH+0x0000022b0100cc00'
Event: 3209.561 Thread 0x0000022b43907930 Unloading class 0x0000022b0100c800 'java/lang/invoke/LambdaForm$BMH+0x0000022b0100c800'
Event: 3209.561 Thread 0x0000022b43907930 Unloading class 0x0000022b0100c000 'java/lang/invoke/LambdaForm$DMH+0x0000022b0100c000'
Event: 3209.561 Thread 0x0000022b43907930 Unloading class 0x0000022b01008c00 'java/lang/invoke/LambdaForm$MH+0x0000022b01008c00'
Event: 3209.561 Thread 0x0000022b43907930 Unloading class 0x0000022b01008800 'java/lang/invoke/LambdaForm$MH+0x0000022b01008800'
Event: 3209.561 Thread 0x0000022b43907930 Unloading class 0x0000022b01008400 'java/lang/invoke/LambdaForm$MH+0x0000022b01008400'
Event: 3209.561 Thread 0x0000022b43907930 Unloading class 0x0000022b01007000 'java/lang/invoke/LambdaForm$MH+0x0000022b01007000'
Event: 3209.561 Thread 0x0000022b43907930 Unloading class 0x0000022b01006800 'java/lang/invoke/LambdaForm$MH+0x0000022b01006800'
Event: 3209.561 Thread 0x0000022b43907930 Unloading class 0x0000022b01006400 'java/lang/invoke/LambdaForm$MH+0x0000022b01006400'
Event: 3209.561 Thread 0x0000022b43907930 Unloading class 0x0000022b01006000 'java/lang/invoke/LambdaForm$MH+0x0000022b01006000'
Event: 3209.561 Thread 0x0000022b43907930 Unloading class 0x0000022b01005c00 'java/lang/invoke/LambdaForm$BMH+0x0000022b01005c00'
Event: 3209.561 Thread 0x0000022b43907930 Unloading class 0x0000022b01004800 'java/lang/invoke/LambdaForm$DMH+0x0000022b01004800'
Event: 3209.561 Thread 0x0000022b43907930 Unloading class 0x0000022b01002400 'java/lang/invoke/LambdaForm$MH+0x0000022b01002400'
Event: 3209.561 Thread 0x0000022b43907930 Unloading class 0x0000022b01002000 'java/lang/invoke/LambdaForm$MH+0x0000022b01002000'
Event: 3209.561 Thread 0x0000022b43907930 Unloading class 0x0000022b01001800 'java/lang/invoke/LambdaForm$MH+0x0000022b01001800'

Classes redefined (0 events):
No events

Internal exceptions (20 events):
Event: 3279.223 Thread 0x0000022b61b0abc0 Exception <a 'sun/nio/fs/WindowsException'{0x00000000d5ea67e8}> (0x00000000d5ea67e8) 
thrown [s\src\hotspot\share\prims\jni.cpp, line 520]
Event: 3279.356 Thread 0x0000022b61b0abc0 Exception <a 'sun/nio/fs/WindowsException'{0x00000000d5596b98}> (0x00000000d5596b98) 
thrown [s\src\hotspot\share\prims\jni.cpp, line 520]
Event: 3285.908 Thread 0x0000022b61b0abc0 Exception <a 'sun/nio/fs/WindowsException'{0x00000000d5acd720}> (0x00000000d5acd720) 
thrown [s\src\hotspot\share\prims\jni.cpp, line 520]
Event: 3286.049 Thread 0x0000022b61b0abc0 Exception <a 'sun/nio/fs/WindowsException'{0x00000000d5584010}> (0x00000000d5584010) 
thrown [s\src\hotspot\share\prims\jni.cpp, line 520]
Event: 3310.632 Thread 0x0000022b61b0abc0 Exception <a 'sun/nio/fs/WindowsException'{0x00000000d6704248}> (0x00000000d6704248) 
thrown [s\src\hotspot\share\prims\jni.cpp, line 520]
Event: 3310.742 Thread 0x0000022b61b0abc0 Exception <a 'sun/nio/fs/WindowsException'{0x00000000d635c048}> (0x00000000d635c048) 
thrown [s\src\hotspot\share\prims\jni.cpp, line 520]
Event: 3312.933 Thread 0x0000022b75b6a920 Exception <a 'java/lang/ArrayIndexOutOfBoundsException'{0x00000000d57557f8}: Index 92 out of bounds for length 92> (0x00000000d57557f8) 
thrown [s\src\hotspot\share\interpreter\interpreterRuntime.cpp, line 439]
Event: 3315.374 Thread 0x0000022b61b0abc0 Exception <a 'sun/nio/fs/WindowsException'{0x00000000d5af8110}> (0x00000000d5af8110) 
thrown [s\src\hotspot\share\prims\jni.cpp, line 520]
Event: 3315.531 Thread 0x0000022b61b0abc0 Exception <a 'sun/nio/fs/WindowsException'{0x00000000d5b161e0}> (0x00000000d5b161e0) 
thrown [s\src\hotspot\share\prims\jni.cpp, line 520]
Event: 3329.244 Thread 0x0000022b6235eaa0 Exception <a 'sun/nio/fs/WindowsException'{0x00000000d5d432c8}> (0x00000000d5d432c8) 
thrown [s\src\hotspot\share\prims\jni.cpp, line 520]
Event: 3329.244 Thread 0x0000022b6235eaa0 Exception <a 'sun/nio/fs/WindowsException'{0x00000000d5d43938}> (0x00000000d5d43938) 
thrown [s\src\hotspot\share\prims\jni.cpp, line 520]
Event: 3414.071 Thread 0x0000022b75b70b90 Exception <a 'sun/nio/fs/WindowsException'{0x00000000d55888b0}> (0x00000000d55888b0) 
thrown [s\src\hotspot\share\prims\jni.cpp, line 520]
Event: 3414.071 Thread 0x0000022b75b70b90 Exception <a 'sun/nio/fs/WindowsException'{0x00000000d5589178}> (0x00000000d5589178) 
thrown [s\src\hotspot\share\prims\jni.cpp, line 520]
Event: 3417.088 Thread 0x0000022b61b0abc0 Exception <a 'sun/nio/fs/WindowsException'{0x00000000d60f1f20}> (0x00000000d60f1f20) 
thrown [s\src\hotspot\share\prims\jni.cpp, line 520]
Event: 3417.213 Thread 0x0000022b61b0abc0 Exception <a 'sun/nio/fs/WindowsException'{0x00000000d57257e8}> (0x00000000d57257e8) 
thrown [s\src\hotspot\share\prims\jni.cpp, line 520]
Event: 3417.473 Thread 0x0000022b6235eaa0 Exception <a 'sun/nio/fs/WindowsException'{0x00000000d587e7e0}> (0x00000000d587e7e0) 
thrown [s\src\hotspot\share\prims\jni.cpp, line 520]
Event: 3417.473 Thread 0x0000022b6235eaa0 Exception <a 'sun/nio/fs/WindowsException'{0x00000000d587ee50}> (0x00000000d587ee50) 
thrown [s\src\hotspot\share\prims\jni.cpp, line 520]
Event: 3670.758 Thread 0x0000022b65251af0 Exception <a 'java/lang/IncompatibleClassChangeError'{0x00000000d5ac7b70}: Found class java.lang.Object, but interface was expected> (0x00000000d5ac7b70) 
thrown [s\src\hotspot\share\interpreter\linkResolver.cpp, line 840]
Event: 3717.142 Thread 0x0000022b75b70b90 Exception <a 'sun/nio/fs/WindowsException'{0x00000000d5633cb0}> (0x00000000d5633cb0) 
thrown [s\src\hotspot\share\prims\jni.cpp, line 520]
Event: 3717.142 Thread 0x0000022b75b70b90 Exception <a 'sun/nio/fs/WindowsException'{0x00000000d5634578}> (0x00000000d5634578) 
thrown [s\src\hotspot\share\prims\jni.cpp, line 520]

ZGC Phase Switch (0 events):
No events

VM Operations (20 events):
Event: 3717.316 Executing VM operation: Cleanup
Event: 3717.316 Executing VM operation: Cleanup done
Event: 4250.251 Executing VM operation: Cleanup
Event: 4250.251 Executing VM operation: Cleanup done
Event: 4256.269 Executing VM operation: Cleanup
Event: 4256.269 Executing VM operation: Cleanup done
Event: 4730.804 Executing VM operation: Cleanup
Event: 4730.804 Executing VM operation: Cleanup done
Event: 4734.827 Executing VM operation: Cleanup
Event: 4734.827 Executing VM operation: Cleanup done
Event: 4736.849 Executing VM operation: Cleanup
Event: 4736.849 Executing VM operation: Cleanup done
Event: 5892.735 Executing VM operation: HandshakeAllThreads (HandshakeForDeflation)
Event: 5892.736 Executing VM operation: HandshakeAllThreads (HandshakeForDeflation) done
Event: 5892.736 Executing VM operation: RendezvousGCThreads
Event: 5892.736 Executing VM operation: RendezvousGCThreads done
Event: 6614.157 Executing VM operation: HandshakeAllThreads (HandshakeForDeflation)
Event: 6614.158 Executing VM operation: HandshakeAllThreads (HandshakeForDeflation) done
Event: 6614.158 Executing VM operation: RendezvousGCThreads
Event: 6614.158 Executing VM operation: RendezvousGCThreads done

Memory protections (0 events):
No events

Nmethod flushes (20 events):
Event: 3209.595 Thread 0x0000022b43907930 flushing  nmethod 0x0000022b4a3c6d90
Event: 3209.595 Thread 0x0000022b43907930 flushing  nmethod 0x0000022b4a3c7190
Event: 3209.595 Thread 0x0000022b43907930 flushing  nmethod 0x0000022b4a3c8b10
Event: 3209.595 Thread 0x0000022b43907930 flushing  nmethod 0x0000022b4a3cb290
Event: 3209.595 Thread 0x0000022b43907930 flushing  nmethod 0x0000022b4a3da590
Event: 3209.595 Thread 0x0000022b43907930 flushing  nmethod 0x0000022b4a3e7c10
Event: 3209.595 Thread 0x0000022b43907930 flushing  nmethod 0x0000022b4a3e8490
Event: 3209.595 Thread 0x0000022b43907930 flushing  nmethod 0x0000022b4a401990
Event: 3209.595 Thread 0x0000022b43907930 flushing  nmethod 0x0000022b4a402010
Event: 3209.595 Thread 0x0000022b43907930 flushing  nmethod 0x0000022b4a403b10
Event: 3209.595 Thread 0x0000022b43907930 flushing  nmethod 0x0000022b4a414690
Event: 3209.595 Thread 0x0000022b43907930 flushing  nmethod 0x0000022b4a425290
Event: 3209.595 Thread 0x0000022b43907930 flushing  nmethod 0x0000022b4a425e10
Event: 3209.595 Thread 0x0000022b43907930 flushing  nmethod 0x0000022b4a42fd90
Event: 3209.595 Thread 0x0000022b43907930 flushing  nmethod 0x0000022b4a437610
Event: 3209.595 Thread 0x0000022b43907930 flushing  nmethod 0x0000022b4a449990
Event: 3209.595 Thread 0x0000022b43907930 flushing  nmethod 0x0000022b4a44bc90
Event: 3209.595 Thread 0x0000022b43907930 flushing  nmethod 0x0000022b4a44c290
Event: 3209.595 Thread 0x0000022b43907930 flushing  nmethod 0x0000022b4a471910
Event: 3209.595 Thread 0x0000022b43907930 flushing  nmethod 0x0000022b4a495b10

Events (20 events):
Event: 3613.921 Thread 0x0000022b75b6afb0 Thread exited: 0x0000022b75b6afb0
Event: 3615.490 Thread 0x0000022b6235b620 Thread exited: 0x0000022b6235b620
Event: 3673.924 Thread 0x0000022b75b6eac0 Thread exited: 0x0000022b75b6eac0
Event: 3717.143 Thread 0x0000022b75b70b90 Thread added: 0x0000022b63b0c6a0
Event: 3717.143 Thread 0x0000022b63b0c6a0 Thread exited: 0x0000022b63b0c6a0
Event: 3717.147 Thread 0x0000022b75b70b90 Thread added: 0x0000022b63b07e70
Event: 3717.147 Thread 0x0000022b63b07e70 Thread exited: 0x0000022b63b07e70
Event: 3717.189 Thread 0x0000022b62361200 Thread exited: 0x0000022b62361200
Event: 3733.924 Thread 0x0000022b65254f70 Thread exited: 0x0000022b65254f70
Event: 3793.936 Thread 0x0000022b75b6b640 Thread exited: 0x0000022b75b6b640
Event: 3853.951 Thread 0x0000022b75b6a920 Thread exited: 0x0000022b75b6a920
Event: 3966.034 Thread 0x0000022b65257040 Thread exited: 0x0000022b65257040
Event: 4026.045 Thread 0x0000022b652548e0 Thread exited: 0x0000022b652548e0
Event: 4086.054 Thread 0x0000022b65253bc0 Thread exited: 0x0000022b65253bc0
Event: 4146.060 Thread 0x0000022b65255c90 Thread exited: 0x0000022b65255c90
Event: 4206.072 Thread 0x0000022b67d4b2c0 Thread exited: 0x0000022b67d4b2c0
Event: 4266.074 Thread 0x0000022b75b6a290 Thread exited: 0x0000022b75b6a290
Event: 4346.788 Thread 0x0000022b75b6dda0 Thread exited: 0x0000022b75b6dda0
Event: 4406.792 Thread 0x0000022b75b70500 Thread exited: 0x0000022b75b70500
Event: 4466.806 Thread 0x0000022b67d4da20 Thread exited: 0x0000022b67d4da20


Dynamic libraries:
0x00007ff7208e0000 - 0x00007ff7208ee000 	c:\Users\User\.vscode\extensions\redhat.java-1.45.0-win32-x64\jre\21.0.8-win32-x86_64\bin\java.exe
0x00007ffb2c590000 - 0x00007ffb2c788000 	C:\Windows\SYSTEM32\ntdll.dll
0x00007ffb2c090000 - 0x00007ffb2c152000 	C:\Windows\System32\KERNEL32.DLL
0x00007ffb29fc0000 - 0x00007ffb2a2b7000 	C:\Windows\System32\KERNELBASE.dll
0x00007ffb29ec0000 - 0x00007ffb29fc0000 	C:\Windows\System32\ucrtbase.dll
0x00007ffab8b20000 - 0x00007ffab8b3e000 	c:\Users\User\.vscode\extensions\redhat.java-1.45.0-win32-x64\jre\21.0.8-win32-x86_64\bin\VCRUNTIME140.dll
0x00007ffab8b40000 - 0x00007ffab8b58000 	c:\Users\User\.vscode\extensions\redhat.java-1.45.0-win32-x64\jre\21.0.8-win32-x86_64\bin\jli.dll
0x00007ffb2b030000 - 0x00007ffb2b1cd000 	C:\Windows\System32\USER32.dll
0x00007ffb29bf0000 - 0x00007ffb29c12000 	C:\Windows\System32\win32u.dll
0x00007ffb2c4f0000 - 0x00007ffb2c51b000 	C:\Windows\System32\GDI32.dll
0x00007ffb29da0000 - 0x00007ffb29eb9000 	C:\Windows\System32\gdi32full.dll
0x00007ffb16650000 - 0x00007ffb168ea000 	C:\Windows\WinSxS\amd64_microsoft.windows.common-controls_6595b64144ccf1df_6.0.19041.5915_none_60b4b9d171f9c7c7\COMCTL32.dll
0x00007ffb29d00000 - 0x00007ffb29d9d000 	C:\Windows\System32\msvcp_win.dll
0x00007ffb2c450000 - 0x00007ffb2c4ee000 	C:\Windows\System32\msvcrt.dll
0x00007ffb2c160000 - 0x00007ffb2c18f000 	C:\Windows\System32\IMM32.DLL
0x00007ffac1e20000 - 0x00007ffac1e2c000 	c:\Users\User\.vscode\extensions\redhat.java-1.45.0-win32-x64\jre\21.0.8-win32-x86_64\bin\vcruntime140_1.dll
0x00007ffaa1510000 - 0x00007ffaa159d000 	c:\Users\User\.vscode\extensions\redhat.java-1.45.0-win32-x64\jre\21.0.8-win32-x86_64\bin\msvcp140.dll
0x00007ffaa0770000 - 0x00007ffaa1507000 	c:\Users\User\.vscode\extensions\redhat.java-1.45.0-win32-x64\jre\21.0.8-win32-x86_64\bin\server\jvm.dll
0x00007ffb2b700000 - 0x00007ffb2b7b1000 	C:\Windows\System32\ADVAPI32.dll
0x00007ffb2c350000 - 0x00007ffb2c3ef000 	C:\Windows\System32\sechost.dll
0x00007ffb2bf60000 - 0x00007ffb2c086000 	C:\Windows\System32\RPCRT4.dll
0x00007ffb2a4a0000 - 0x00007ffb2a4c7000 	C:\Windows\System32\bcrypt.dll
0x00007ffb2ba80000 - 0x00007ffb2baeb000 	C:\Windows\System32\WS2_32.dll
0x00007ffb29190000 - 0x00007ffb291db000 	C:\Windows\SYSTEM32\POWRPROF.dll
0x00007ffb212b0000 - 0x00007ffb212d7000 	C:\Windows\SYSTEM32\WINMM.dll
0x00007ffb212e0000 - 0x00007ffb212ea000 	C:\Windows\SYSTEM32\VERSION.dll
0x00007ffb28ff0000 - 0x00007ffb29002000 	C:\Windows\SYSTEM32\UMPDC.dll
0x00007ffb28460000 - 0x00007ffb28472000 	C:\Windows\SYSTEM32\kernel.appcore.dll
0x00007ffabfbf0000 - 0x00007ffabfbfa000 	c:\Users\User\.vscode\extensions\redhat.java-1.45.0-win32-x64\jre\21.0.8-win32-x86_64\bin\jimage.dll
0x00007ffb27930000 - 0x00007ffb27b31000 	C:\Windows\SYSTEM32\DBGHELP.DLL
0x00007ffb23530000 - 0x00007ffb23564000 	C:\Windows\SYSTEM32\dbgcore.DLL
0x00007ffb29c70000 - 0x00007ffb29cf2000 	C:\Windows\System32\bcryptPrimitives.dll
0x00007ffabf7e0000 - 0x00007ffabf7ef000 	c:\Users\User\.vscode\extensions\redhat.java-1.45.0-win32-x64\jre\21.0.8-win32-x86_64\bin\instrument.dll
0x00007ffaa0750000 - 0x00007ffaa076f000 	c:\Users\User\.vscode\extensions\redhat.java-1.45.0-win32-x64\jre\21.0.8-win32-x86_64\bin\java.dll
0x00007ffb2a740000 - 0x00007ffb2aeae000 	C:\Windows\System32\SHELL32.dll
0x00007ffb27b40000 - 0x00007ffb282e4000 	C:\Windows\SYSTEM32\windows.storage.dll
0x00007ffb2b3a0000 - 0x00007ffb2b6f3000 	C:\Windows\System32\combase.dll
0x00007ffb29620000 - 0x00007ffb2964b000 	C:\Windows\SYSTEM32\Wldp.dll
0x00007ffb2b1d0000 - 0x00007ffb2b29d000 	C:\Windows\System32\OLEAUT32.dll
0x00007ffb2a690000 - 0x00007ffb2a73d000 	C:\Windows\System32\SHCORE.dll
0x00007ffb2c3f0000 - 0x00007ffb2c44b000 	C:\Windows\System32\shlwapi.dll
0x00007ffb29b20000 - 0x00007ffb29b44000 	C:\Windows\SYSTEM32\profapi.dll
0x00007ffaa0730000 - 0x00007ffaa0748000 	c:\Users\User\.vscode\extensions\redhat.java-1.45.0-win32-x64\jre\21.0.8-win32-x86_64\bin\zip.dll
0x00007ffabf4a0000 - 0x00007ffabf4b0000 	C:\Users\User\.vscode\extensions\redhat.java-1.45.0-win32-x64\jre\21.0.8-win32-x86_64\bin\net.dll
0x00007ffb24f30000 - 0x00007ffb2503a000 	C:\Windows\SYSTEM32\WINHTTP.dll
0x00007ffb29380000 - 0x00007ffb293ea000 	C:\Windows\system32\mswsock.dll
0x00007ffaa0480000 - 0x00007ffaa0496000 	C:\Users\User\.vscode\extensions\redhat.java-1.45.0-win32-x64\jre\21.0.8-win32-x86_64\bin\nio.dll
0x00007ffabdc60000 - 0x00007ffabdc70000 	c:\Users\User\.vscode\extensions\redhat.java-1.45.0-win32-x64\jre\21.0.8-win32-x86_64\bin\verify.dll
0x00007ffaa0690000 - 0x00007ffaa06d4000 	C:\Users\User\AppData\Roaming\Code\User\globalStorage\redhat.java\1.45.0\config_win\org.eclipse.equinox.launcher\org.eclipse.equinox.launcher.win32.win32.x86_64_1.2.1400.v20250801-0854\eclipse_11916.dll
0x00007ffb2c190000 - 0x00007ffb2c2bb000 	C:\Windows\System32\ole32.dll
0x00007ffb29570000 - 0x00007ffb29588000 	C:\Windows\SYSTEM32\CRYPTSP.dll
0x00007ffb28c30000 - 0x00007ffb28c68000 	C:\Windows\system32\rsaenh.dll
0x00007ffb29aa0000 - 0x00007ffb29ace000 	C:\Windows\SYSTEM32\USERENV.dll
0x00007ffb29590000 - 0x00007ffb2959c000 	C:\Windows\SYSTEM32\CRYPTBASE.dll
0x00007ffb29010000 - 0x00007ffb2904b000 	C:\Windows\SYSTEM32\IPHLPAPI.DLL
0x00007ffb2b2a0000 - 0x00007ffb2b2a8000 	C:\Windows\System32\NSI.dll
0x00007ffaa0590000 - 0x00007ffaa05d9000 	C:\Users\User\AppData\Local\Temp\jna-2645995\jna13957493682301981788.dll
0x00007ffb2b390000 - 0x00007ffb2b398000 	C:\Windows\System32\PSAPI.DLL
0x00007ffb223b0000 - 0x00007ffb223c7000 	C:\Windows\SYSTEM32\dhcpcsvc6.DLL
0x00007ffb230b0000 - 0x00007ffb230cd000 	C:\Windows\SYSTEM32\dhcpcsvc.DLL
0x00007ffabda10000 - 0x00007ffabda1e000 	C:\Users\User\.vscode\extensions\redhat.java-1.45.0-win32-x64\jre\21.0.8-win32-x86_64\bin\sunmscapi.dll
0x00007ffb2a340000 - 0x00007ffb2a49d000 	C:\Windows\System32\CRYPT32.dll
0x00007ffb29690000 - 0x00007ffb296b7000 	C:\Windows\SYSTEM32\ncrypt.dll
0x00007ffb29650000 - 0x00007ffb2968b000 	C:\Windows\SYSTEM32\NTASN1.dll
0x00007ffb29050000 - 0x00007ffb2911a000 	C:\Windows\SYSTEM32\DNSAPI.dll
0x00007ffb21910000 - 0x00007ffb2191a000 	C:\Windows\System32\rasadhlp.dll
0x00007ffb20c20000 - 0x00007ffb20ca0000 	C:\Windows\System32\fwpuclnt.dll
0x00007ffabb7f0000 - 0x00007ffabb7f9000 	C:\Users\User\.vscode\extensions\redhat.java-1.45.0-win32-x64\jre\21.0.8-win32-x86_64\bin\extnet.dll

JVMTI agents:
c:\Users\User\.vscode\extensions\redhat.java-1.45.0-win32-x64\lombok\lombok-1.18.39-4050.jar path:c:\Users\User\.vscode\extensions\redhat.java-1.45.0-win32-x64\jre\21.0.8-win32-x86_64\bin\instrument.dll, loaded, initialized, instrumentlib options:none

dbghelp: loaded successfully - version: 4.0.5 - missing functions: none
symbol engine: initialized successfully - sym options: 0x614 - pdb path: .;c:\Users\User\.vscode\extensions\redhat.java-1.45.0-win32-x64\jre\21.0.8-win32-x86_64\bin;C:\Windows\SYSTEM32;C:\Windows\WinSxS\amd64_microsoft.windows.common-controls_6595b64144ccf1df_6.0.19041.5915_none_60b4b9d171f9c7c7;c:\Users\User\.vscode\extensions\redhat.java-1.45.0-win32-x64\jre\21.0.8-win32-x86_64\bin\server;C:\Users\User\AppData\Roaming\Code\User\globalStorage\redhat.java\1.45.0\config_win\org.eclipse.equinox.launcher\org.eclipse.equinox.launcher.win32.win32.x86_64_1.2.1400.v20250801-0854;C:\Users\User\AppData\Local\Temp\jna-2645995

VM Arguments:
jvm_args: --add-modules=ALL-SYSTEM --add-opens=java.base/java.util=ALL-UNNAMED --add-opens=java.base/java.lang=ALL-UNNAMED --add-opens=java.base/sun.nio.fs=ALL-UNNAMED -Declipse.application=org.eclipse.jdt.ls.core.id1 -Dosgi.bundles.defaultStartLevel=4 -Declipse.product=org.eclipse.jdt.ls.core.product -Djava.import.generatesMetadataFilesAtProjectRoot=false -DDetectVMInstallationsJob.disabled=true -Dfile.encoding=utf8 -XX:+UseParallelGC -XX:GCTimeRatio=4 -XX:AdaptiveSizePolicyWeight=90 -Dsun.zip.disableMemoryMapping=true -Xmx2G -Xms100m -Xlog:disable -javaagent:c:\Users\User\.vscode\extensions\redhat.java-1.45.0-win32-x64\lombok\lombok-1.18.39-4050.jar -XX:+HeapDumpOnOutOfMemoryError -XX:HeapDumpPath=c:\Users\User\AppData\Roaming\Code\User\workspaceStorage\b6d762d694df7f5480e835317edaeb3f\redhat.java -Daether.dependencyCollector.impl=bf 
java_command: c:\Users\User\.vscode\extensions\redhat.java-1.45.0-win32-x64\server\plugins\org.eclipse.equinox.launcher_1.7.0.v20250519-0528.jar -configuration c:\Users\User\AppData\Roaming\Code\User\globalStorage\redhat.java\1.45.0\config_win -data c:\Users\User\AppData\Roaming\Code\User\workspaceStorage\b6d762d694df7f5480e835317edaeb3f\redhat.java\jdt_ws --pipe=\\.\pipe\lsp-8cb43552d0f12604d9a0dc304b799328-sock
java_class_path (initial): c:\Users\User\.vscode\extensions\redhat.java-1.45.0-win32-x64\server\plugins\org.eclipse.equinox.launcher_1.7.0.v20250519-0528.jar
Launcher Type: SUN_STANDARD

[Global flags]
    uintx AdaptiveSizePolicyWeight                 = 90                                        {product} {command line}
     intx CICompilerCount                          = 12                                        {product} {ergonomic}
    uintx GCTimeRatio                              = 4                                         {product} {command line}
     bool HeapDumpOnOutOfMemoryError               = true                                   {manageable} {command line}
    ccstr HeapDumpPath                             = c:\Users\User\AppData\Roaming\Code\User\workspaceStorage\b6d762d694df7f5480e835317edaeb3f\redhat.java         {manageable} {command line}
   size_t InitialHeapSize                          = 104857600                                 {product} {command line}
   size_t MaxHeapSize                              = 2147483648                                {product} {command line}
   size_t MaxNewSize                               = 715653120                                 {product} {ergonomic}
   size_t MinHeapDeltaBytes                        = 524288                                    {product} {ergonomic}
   size_t MinHeapSize                              = 104857600                                 {product} {command line}
   size_t NewSize                                  = 34603008                                  {product} {ergonomic}
    uintx NonNMethodCodeHeapSize                   = 7602480                                {pd product} {ergonomic}
    uintx NonProfiledCodeHeapSize                  = 122027880                              {pd product} {ergonomic}
   size_t OldSize                                  = 70254592                                  {product} {ergonomic}
    uintx ProfiledCodeHeapSize                     = 122027880                              {pd product} {ergonomic}
    uintx ReservedCodeCacheSize                    = 251658240                              {pd product} {ergonomic}
     bool SegmentedCodeCache                       = true                                      {product} {ergonomic}
   size_t SoftMaxHeapSize                          = 2147483648                             {manageable} {ergonomic}
     bool UseCompressedOops                        = true                           {product lp64_product} {ergonomic}
     bool UseLargePagesIndividualAllocation        = false                                  {pd product} {ergonomic}
     bool UseParallelGC                            = true                                      {product} {command line}

Logging:
Log output configuration:
 #0: stdout all=off uptime,level,tags foldmultilines=false
 #1: stderr all=off uptime,level,tags foldmultilines=false

Environment Variables:
PATH=C:\Program Files\Common Files\Oracle\Java\javapath;C:\Windows\system32;C:\Windows;C:\Windows\System32\Wbem;C:\Windows\System32\WindowsPowerShell\v1.0\;C:\Windows\System32\OpenSSH\;C:\Program Files\nodejs\;C:\Program Files\Redis\;C:\Users\User\AppData\Local\Microsoft\WindowsApps;D:\phan mm\VSC\Microsoft VS Code\bin;C:\Users\User\AppData\Roaming\npm;C:\Users\User\AppData\Local\Programs\Git\cmd
USERNAME=User
OS=Windows_NT
PROCESSOR_IDENTIFIER=Intel64 Family 6 Model 191 Stepping 2, GenuineIntel
TMP=C:\Users\User\AppData\Local\Temp
TEMP=C:\Users\User\AppData\Local\Temp




Periodic native trim disabled

---------------  S Y S T E M  ---------------

OS:
 Windows 10 , 64 bit Build 19041 (10.0.19041.5915)
OS uptime: 0 days 1:59 hours

CPU: total 16 (initial active 16) (8 cores per cpu, 2 threads per core) family 6 model 191 stepping 2 microcode 0x2e, cx8, cmov, fxsr, ht, mmx, 3dnowpref, sse, sse2, sse3, ssse3, sse4.1, sse4.2, popcnt, lzcnt, tsc, tscinvbit, avx, avx2, aes, erms, clmul, bmi1, bmi2, adx, sha, fma, vzeroupper, clflush, clflushopt, clwb, serialize, rdtscp, rdpid, fsrm, f16c, pku, cet_ibt, cet_ss
Processor Information for processor 0
  Max Mhz: 2500, Current Mhz: 2500, Mhz Limit: 1800
Processor Information for processor 1
  Max Mhz: 2500, Current Mhz: 2500, Mhz Limit: 1800
Processor Information for processor 2
  Max Mhz: 2500, Current Mhz: 2500, Mhz Limit: 2500
Processor Information for processor 3
  Max Mhz: 2500, Current Mhz: 2500, Mhz Limit: 2500
Processor Information for processor 4
  Max Mhz: 2500, Current Mhz: 2500, Mhz Limit: 2500
Processor Information for processor 5
  Max Mhz: 2500, Current Mhz: 2500, Mhz Limit: 2500
Processor Information for processor 6
  Max Mhz: 2500, Current Mhz: 2500, Mhz Limit: 2500
Processor Information for processor 7
  Max Mhz: 2500, Current Mhz: 2500, Mhz Limit: 2500
Processor Information for processor 8
  Max Mhz: 2500, Current Mhz: 2500, Mhz Limit: 2500
Processor Information for processor 9
  Max Mhz: 2500, Current Mhz: 2500, Mhz Limit: 2500
Processor Information for processor 10
  Max Mhz: 2500, Current Mhz: 2500, Mhz Limit: 2500
Processor Information for processor 11
  Max Mhz: 2500, Current Mhz: 2500, Mhz Limit: 2500
Processor Information for processor 12
  Max Mhz: 2500, Current Mhz: 1800, Mhz Limit: 1800
Processor Information for processor 13
  Max Mhz: 2500, Current Mhz: 1800, Mhz Limit: 1800
Processor Information for processor 14
  Max Mhz: 2500, Current Mhz: 1800, Mhz Limit: 1800
Processor Information for processor 15
  Max Mhz: 2500, Current Mhz: 1800, Mhz Limit: 1800

Memory: 4k page, system-wide physical 24190M (1216M free)
TotalPageFile size 53830M (AvailPageFile size 58M)
current process WorkingSet (physical memory assigned to process): 11M, peak: 1841M
current process commit charge ("private bytes"): 1835M, peak: 1902M

vm_info: OpenJDK 64-Bit Server VM (21.0.8+9-LTS) for windows-amd64 JRE (21.0.8+9-LTS), built on 2025-07-15T00:00:00Z by "admin" with MS VC++ 17.7 (VS2022)

END.
