#
# There is insufficient memory for the Java Runtime Environment to continue.
# Native memory allocation (malloc) failed to allocate 637376 bytes. Error detail: Chunk::new
# Possible reasons:
#   The system is out of physical RAM or swap space
#   This process is running with CompressedOops enabled, and the Java Heap may be blocking the growth of the native heap
# Possible solutions:
#   Reduce memory load on the system
#   Increase physical memory or swap space
#   Check if swap backing store is full
#   Decrease Java heap size (-Xmx/-Xms)
#   Decrease number of Java threads
#   Decrease Java thread stack sizes (-Xss)
#   Set larger code cache with -XX:ReservedCodeCacheSize=
#   JVM is running with Unscaled Compressed Oops mode in which the Java heap is
#     placed in the first 4GB address space. The Java Heap base address is the
#     maximum limit for the native heap growth. Please use -XX:HeapBaseMinAddress
#     to set the Java Heap base and to place the Java Heap above 4GB virtual address.
# This output file may be truncated or incomplete.
#
#  Out of Memory Error (arena.cpp:168), pid=10528, tid=18516
#
# JRE version: OpenJDK Runtime Environment Temurin-21.0.8+9 (21.0.8+9) (build 21.0.8+9-LTS)
# Java VM: OpenJDK 64-Bit Server VM Temurin-21.0.8+9 (21.0.8+9-LTS, mixed mode, sharing, tiered, compressed oops, compressed class ptrs, parallel gc, windows-amd64)
# No core dump will be written. Minidumps are not enabled by default on client versions of Windows
#

---------------  S U M M A R Y ------------

Command Line: --add-modules=ALL-SYSTEM --add-opens=java.base/java.util=ALL-UNNAMED --add-opens=java.base/java.lang=ALL-UNNAMED --add-opens=java.base/sun.nio.fs=ALL-UNNAMED -Declipse.application=org.eclipse.jdt.ls.core.id1 -Dosgi.bundles.defaultStartLevel=4 -Declipse.product=org.eclipse.jdt.ls.core.product -Djava.import.generatesMetadataFilesAtProjectRoot=false -DDetectVMInstallationsJob.disabled=true -Dfile.encoding=utf8 -XX:+UseParallelGC -XX:GCTimeRatio=4 -XX:AdaptiveSizePolicyWeight=90 -Dsun.zip.disableMemoryMapping=true -Xmx2G -Xms100m -Xlog:disable -javaagent:c:\Users\Admin\.vscode\extensions\redhat.java-1.44.0-win32-x64\lombok\lombok-1.18.39-4050.jar -XX:+HeapDumpOnOutOfMemoryError -XX:HeapDumpPath=c:\Users\Admin\AppData\Roaming\Code\User\workspaceStorage\1b2895c8558dc9bd51e110069a623922\redhat.java -Daether.dependencyCollector.impl=bf c:\Users\Admin\.vscode\extensions\redhat.java-1.44.0-win32-x64\server\plugins\org.eclipse.equinox.launcher_1.7.0.v20250519-0528.jar -configuration c:\Users\Admin\AppData\Roaming\Code\User\globalStorage\redhat.java\1.44.0\config_win -data c:\Users\Admin\AppData\Roaming\Code\User\workspaceStorage\1b2895c8558dc9bd51e110069a623922\redhat.java\jdt_ws --pipe=\\.\pipe\lsp-81caf3381b1afda129edefa028deafda-sock

Host: Intel(R) Core(TM) i3-10105F CPU @ 3.70GHz, 8 cores, 15G,  Windows 10 , 64 bit Build 19041 (10.0.19041.928)
Time: Fri Aug 29 20:47:14 2025 SE Asia Standard Time elapsed time: 2736.411528 seconds (0d 0h 45m 36s)

---------------  T H R E A D  ---------------

Current thread (0x0000026ab99ea0b0):  JavaThread "C2 CompilerThread0" daemon [_thread_in_native, id=18516, stack(0x000000d16e100000,0x000000d16e200000) (1024K)]


Current CompileTask:
C2:2736411 16911   !   4       org.eclipse.jdt.internal.core.SearchableEnvironment::hasSubPackageInUnnamedModule (132 bytes)

Stack: [0x000000d16e100000,0x000000d16e200000]
Native frames: (J=compiled Java code, j=interpreted, Vv=VM code, C=native code)
V  [jvm.dll+0x6d2449]
V  [jvm.dll+0x8ae341]
V  [jvm.dll+0x8b08be]
V  [jvm.dll+0x8b0fa3]
V  [jvm.dll+0x280c96]
V  [jvm.dll+0xc581d]
V  [jvm.dll+0xc5d53]
V  [jvm.dll+0x2f539d]
V  [jvm.dll+0x5fa00a]
V  [jvm.dll+0x252092]
V  [jvm.dll+0x25244f]
V  [jvm.dll+0x24ad14]
V  [jvm.dll+0x2483a4]
V  [jvm.dll+0x1c89ee]
V  [jvm.dll+0x257d4d]
V  [jvm.dll+0x2562ea]
V  [jvm.dll+0x3f2d16]
V  [jvm.dll+0x857e6b]
V  [jvm.dll+0x6d0b0d]
C  [ucrtbase.dll+0x21bb2]
C  [KERNEL32.DLL+0x17034]
C  [ntdll.dll+0x52651]


---------------  P R O C E S S  ---------------

Threads class SMR info:
_java_thread_list=0x0000026afec8abb0, length=44, elements={
0x0000026aa0ccdb90, 0x0000026ab99dc060, 0x0000026ab99dd8c0, 0x0000026ab99e1fa0,
0x0000026ab99e1910, 0x0000026ab99e4070, 0x0000026ab99e4d90, 0x0000026ab99ea0b0,
0x0000026afc36bf60, 0x0000026ab99e3350, 0x0000026ab99e4700, 0x0000026ab99e2cc0,
0x0000026ab99e2630, 0x0000026afcff1530, 0x0000026afcff2250, 0x0000026afcff5040,
0x0000026afcff3c90, 0x0000026afcff0180, 0x0000026afcfef460, 0x0000026afcff5d60,
0x0000026afcff28e0, 0x0000026afcff6a80, 0x0000026afcfefaf0, 0x0000026afcff3600,
0x0000026afcff0810, 0x0000026afcff2f70, 0x0000026afeb00b60, 0x0000026afeb025a0,
0x0000026afeb011f0, 0x0000026afeb004d0, 0x0000026afeb01880, 0x0000026afeaff120,
0x0000026afeaff7b0, 0x0000026afd62c8c0, 0x0000026afd62cf50, 0x0000026afd62ae80,
0x0000026afd629440, 0x0000026afd628720, 0x0000026afd625fc0, 0x0000026afd627370,
0x0000026afd628db0, 0x0000026afd626ce0, 0x0000026afd629ad0, 0x0000026afd627a00
}

Java Threads: ( => current thread )
  0x0000026aa0ccdb90 JavaThread "main"                              [_thread_blocked, id=19852, stack(0x000000d16d700000,0x000000d16d800000) (1024K)]
  0x0000026ab99dc060 JavaThread "Reference Handler"          daemon [_thread_blocked, id=17668, stack(0x000000d16db00000,0x000000d16dc00000) (1024K)]
  0x0000026ab99dd8c0 JavaThread "Finalizer"                  daemon [_thread_blocked, id=3168, stack(0x000000d16dc00000,0x000000d16dd00000) (1024K)]
  0x0000026ab99e1fa0 JavaThread "Signal Dispatcher"          daemon [_thread_blocked, id=19720, stack(0x000000d16dd00000,0x000000d16de00000) (1024K)]
  0x0000026ab99e1910 JavaThread "Attach Listener"            daemon [_thread_blocked, id=13940, stack(0x000000d16de00000,0x000000d16df00000) (1024K)]
  0x0000026ab99e4070 JavaThread "Service Thread"             daemon [_thread_blocked, id=11556, stack(0x000000d16df00000,0x000000d16e000000) (1024K)]
  0x0000026ab99e4d90 JavaThread "Monitor Deflation Thread"   daemon [_thread_blocked, id=11244, stack(0x000000d16e000000,0x000000d16e100000) (1024K)]
=>0x0000026ab99ea0b0 JavaThread "C2 CompilerThread0"         daemon [_thread_in_native, id=18516, stack(0x000000d16e100000,0x000000d16e200000) (1024K)]
  0x0000026afc36bf60 JavaThread "C1 CompilerThread0"         daemon [_thread_in_vm, id=19544, stack(0x000000d16e200000,0x000000d16e300000) (1024K)]
  0x0000026ab99e3350 JavaThread "Common-Cleaner"             daemon [_thread_blocked, id=2760, stack(0x000000d16e300000,0x000000d16e400000) (1024K)]
  0x0000026ab99e4700 JavaThread "Notification Thread"        daemon [_thread_blocked, id=5448, stack(0x000000d16e500000,0x000000d16e600000) (1024K)]
  0x0000026ab99e2cc0 JavaThread "Active Thread: Equinox Container: 4fe44195-230e-4bca-bdfa-add57940a859"        [_thread_blocked, id=18588, stack(0x000000d16e600000,0x000000d16e700000) (1024K)]
  0x0000026ab99e2630 JavaThread "Refresh Thread: Equinox Container: 4fe44195-230e-4bca-bdfa-add57940a859" daemon [_thread_blocked, id=16500, stack(0x000000d16ee00000,0x000000d16ef00000) (1024K)]
  0x0000026afcff1530 JavaThread "Framework Event Dispatcher: Equinox Container: 4fe44195-230e-4bca-bdfa-add57940a859" daemon [_thread_blocked, id=8772, stack(0x000000d16ef00000,0x000000d16f000000) (1024K)]
  0x0000026afcff2250 JavaThread "Start Level: Equinox Container: 4fe44195-230e-4bca-bdfa-add57940a859" daemon [_thread_blocked, id=13028, stack(0x000000d16f000000,0x000000d16f100000) (1024K)]
  0x0000026afcff5040 JavaThread "Bundle File Closer"         daemon [_thread_blocked, id=14480, stack(0x000000d16f200000,0x000000d16f300000) (1024K)]
  0x0000026afcff3c90 JavaThread "SCR Component Actor"        daemon [_thread_blocked, id=7548, stack(0x000000d16f300000,0x000000d16f400000) (1024K)]
  0x0000026afcff0180 JavaThread "Worker-JM"                         [_thread_blocked, id=1000, stack(0x000000d16f400000,0x000000d16f500000) (1024K)]
  0x0000026afcfef460 JavaThread "JNA Cleaner"                daemon [_thread_blocked, id=6016, stack(0x000000d16f500000,0x000000d16f600000) (1024K)]
  0x0000026afcff5d60 JavaThread "Java indexing"              daemon [_thread_blocked, id=14672, stack(0x000000d16f900000,0x000000d16fa00000) (1024K)]
  0x0000026afcff28e0 JavaThread "Worker-4"                          [_thread_blocked, id=18576, stack(0x000000d16fc00000,0x000000d16fd00000) (1024K)]
  0x0000026afcff6a80 JavaThread "Thread-2"                   daemon [_thread_in_native, id=20072, stack(0x000000d16fd00000,0x000000d16fe00000) (1024K)]
  0x0000026afcfefaf0 JavaThread "Thread-3"                   daemon [_thread_in_native, id=6564, stack(0x000000d16fe00000,0x000000d16ff00000) (1024K)]
  0x0000026afcff3600 JavaThread "Thread-4"                   daemon [_thread_in_native, id=12340, stack(0x000000d16ff00000,0x000000d170000000) (1024K)]
  0x0000026afcff0810 JavaThread "Thread-5"                   daemon [_thread_in_native, id=14500, stack(0x000000d170000000,0x000000d170100000) (1024K)]
  0x0000026afcff2f70 JavaThread "Thread-6"                   daemon [_thread_in_native, id=18328, stack(0x000000d170100000,0x000000d170200000) (1024K)]
  0x0000026afeb00b60 JavaThread "Thread-7"                   daemon [_thread_in_native, id=19188, stack(0x000000d170200000,0x000000d170300000) (1024K)]
  0x0000026afeb025a0 JavaThread "Thread-8"                   daemon [_thread_in_native, id=19648, stack(0x000000d170300000,0x000000d170400000) (1024K)]
  0x0000026afeb011f0 JavaThread "Thread-9"                   daemon [_thread_in_native, id=17104, stack(0x000000d170400000,0x000000d170500000) (1024K)]
  0x0000026afeb004d0 JavaThread "Thread-10"                  daemon [_thread_in_native, id=19580, stack(0x000000d170500000,0x000000d170600000) (1024K)]
  0x0000026afeb01880 JavaThread "pool-2-thread-1"                   [_thread_blocked, id=11540, stack(0x000000d170600000,0x000000d170700000) (1024K)]
  0x0000026afeaff120 JavaThread "WorkspaceEventsHandler"            [_thread_blocked, id=5352, stack(0x000000d170900000,0x000000d170a00000) (1024K)]
  0x0000026afeaff7b0 JavaThread "pool-1-thread-1"                   [_thread_blocked, id=16512, stack(0x000000d170a00000,0x000000d170b00000) (1024K)]
  0x0000026afd62c8c0 JavaThread "Cleaner-0"                  daemon [_thread_blocked, id=19700, stack(0x000000d171a00000,0x000000d171b00000) (1024K)]
  0x0000026afd62cf50 JavaThread "Java Debug Server"          daemon [_thread_in_native, id=1936, stack(0x000000d16d500000,0x000000d16d600000) (1024K)]
  0x0000026afd62ae80 JavaThread "pool-5-thread-1"                   [_thread_in_native, id=11312, stack(0x000000d16d600000,0x000000d16d700000) (1024K)]
  0x0000026afd629440 JavaThread "RxSchedulerPurge-1"         daemon [_thread_blocked, id=1548, stack(0x000000d16e400000,0x000000d16e500000) (1024K)]
  0x0000026afd628720 JavaThread "RxCachedWorkerPoolEvictor-1" daemon [_thread_blocked, id=16076, stack(0x000000d16f100000,0x000000d16f200000) (1024K)]
  0x0000026afd625fc0 JavaThread "RxNewThreadScheduler-1"     daemon [_thread_blocked, id=8420, stack(0x000000d16f600000,0x000000d16f700000) (1024K)]
  0x0000026afd627370 JavaThread "process reaper (pid 9272)"  daemon [_thread_in_native, id=18668, stack(0x000000d16d1c0000,0x000000d16d1e0000) (128K)]
  0x0000026afd628db0 JavaThread "Worker-8"                          [_thread_blocked, id=6900, stack(0x000000d16d400000,0x000000d16d500000) (1024K)]
  0x0000026afd626ce0 JavaThread "ForkJoinPool.commonPool-worker-11" daemon [_thread_in_Java, id=21004, stack(0x000000d16f700000,0x000000d16f800000) (1024K)]
  0x0000026afd629ad0 JavaThread "ForkJoinPool.commonPool-worker-12" daemon [_thread_blocked, id=20772, stack(0x000000d16f800000,0x000000d16f900000) (1024K)]
  0x0000026afd627a00 JavaThread "ForkJoinPool.commonPool-worker-13" daemon [_thread_blocked, id=20768, stack(0x000000d16fa00000,0x000000d16fb00000) (1024K)]
Total: 44

Other Threads:
  0x0000026aa3039f30 VMThread "VM Thread"                           [id=19756, stack(0x000000d16da00000,0x000000d16db00000) (1024K)]
  0x0000026aa2fe6e30 WatcherThread "VM Periodic Task Thread"        [id=8364, stack(0x000000d16d900000,0x000000d16da00000) (1024K)]
  0x0000026aa2f990a0 WorkerThread "GC Thread#0"                     [id=18076, stack(0x000000d16d800000,0x000000d16d900000) (1024K)]
  0x0000026afcb95080 WorkerThread "GC Thread#1"                     [id=19204, stack(0x000000d16e700000,0x000000d16e800000) (1024K)]
  0x0000026afcb95420 WorkerThread "GC Thread#2"                     [id=16768, stack(0x000000d16e800000,0x000000d16e900000) (1024K)]
  0x0000026afcb72080 WorkerThread "GC Thread#3"                     [id=15060, stack(0x000000d16e900000,0x000000d16ea00000) (1024K)]
  0x0000026afcb72420 WorkerThread "GC Thread#4"                     [id=19644, stack(0x000000d16ea00000,0x000000d16eb00000) (1024K)]
  0x0000026afccf8c00 WorkerThread "GC Thread#5"                     [id=7132, stack(0x000000d16eb00000,0x000000d16ec00000) (1024K)]
  0x0000026afccf8fa0 WorkerThread "GC Thread#6"                     [id=13092, stack(0x000000d16ec00000,0x000000d16ed00000) (1024K)]
  0x0000026afcfbebf0 WorkerThread "GC Thread#7"                     [id=7308, stack(0x000000d16ed00000,0x000000d16ee00000) (1024K)]
Total: 10

Threads with active compile tasks:
C2 CompilerThread0  2736428 16911   !   4       org.eclipse.jdt.internal.core.SearchableEnvironment::hasSubPackageInUnnamedModule (132 bytes)
Total: 1

VM state: not at safepoint (normal execution)

VM Mutex/Monitor currently owned by a thread: None

Heap address: 0x0000000080000000, size: 2048 MB, Compressed Oops mode: 32-bit

CDS archive(s) mapped at: [0x0000026aba000000-0x0000026ababa0000-0x0000026ababa0000), size 12189696, SharedBaseAddress: 0x0000026aba000000, ArchiveRelocationMode: 1.
Compressed class space mapped at: 0x0000026abb000000-0x0000026afb000000, reserved size: 1073741824
Narrow klass base: 0x0000026aba000000, Narrow klass shift: 0, Narrow klass range: 0x100000000

GC Precious Log:
 CardTable entry size: 512
 CPUs: 8 total, 8 available
 Memory: 16283M
 Large Page Support: Disabled
 NUMA Support: Disabled
 Compressed Oops: Enabled (32-bit)
 Alignments: Space 512K, Generation 512K, Heap 2M
 Heap Min Capacity: 100M
 Heap Initial Capacity: 100M
 Heap Max Capacity: 2G
 Pre-touch: Disabled
 Parallel Workers: 8

Heap:
 PSYoungGen      total 11264K, used 7722K [0x00000000d5580000, 0x00000000d6600000, 0x0000000100000000)
  eden space 10752K, 68% used [0x00000000d5580000,0x00000000d5caa800,0x00000000d6000000)
  from space 512K, 75% used [0x00000000d6500000,0x00000000d6560000,0x00000000d6580000)
  to   space 512K, 0% used [0x00000000d6580000,0x00000000d6580000,0x00000000d6600000)
 ParOldGen       total 1018368K, used 1018090K [0x0000000080000000, 0x00000000be280000, 0x00000000d5580000)
  object space 1018368K, 99% used [0x0000000080000000,0x00000000be23ab40,0x00000000be280000)
 Metaspace       used 79178K, committed 81024K, reserved 1179648K
  class space    used 8214K, committed 9024K, reserved 1048576K

Card table byte_map: [0x0000026aa2940000,0x0000026aa2d50000] _byte_map_base: 0x0000026aa2540000

Marking Bits: (ParMarkBitMap*) 0x00007ffe0c2ca340
 Begin Bits: [0x0000026ab5420000, 0x0000026ab7420000)
 End Bits:   [0x0000026ab7420000, 0x0000026ab9420000)

Polling page: 0x0000026aa0c80000

Metaspace:

Usage:
  Non-class:     69.30 MB used.
      Class:      8.02 MB used.
       Both:     77.32 MB used.

Virtual space:
  Non-class space:      128.00 MB reserved,      70.31 MB ( 55%) committed,  2 nodes.
      Class space:        1.00 GB reserved,       8.81 MB ( <1%) committed,  1 nodes.
             Both:        1.12 GB reserved,      79.12 MB (  7%) committed. 

Chunk freelists:
   Non-Class:  9.67 MB
       Class:  7.11 MB
        Both:  16.79 MB

MaxMetaspaceSize: unlimited
CompressedClassSpaceSize: 1.00 GB
Initial GC threshold: 21.00 MB
Current GC threshold: 97.31 MB
CDS: on
 - commit_granule_bytes: 65536.
 - commit_granule_words: 8192.
 - virtual_space_node_default_size: 8388608.
 - enlarge_chunks_in_place: 1.
 - use_allocation_guard: 0.


Internal statistics:

num_allocs_failed_limit: 11.
num_arena_births: 1596.
num_arena_deaths: 14.
num_vsnodes_births: 3.
num_vsnodes_deaths: 0.
num_space_committed: 1266.
num_space_uncommitted: 0.
num_chunks_returned_to_freelist: 25.
num_chunks_taken_from_freelist: 5434.
num_chunk_merges: 15.
num_chunk_splits: 3342.
num_chunks_enlarged: 1862.
num_inconsistent_stats: 0.

CodeHeap 'non-profiled nmethods': size=120000Kb used=15320Kb max_used=15320Kb free=104679Kb
 bounds [0x0000026aadc40000, 0x0000026aaeb40000, 0x0000026ab5170000]
CodeHeap 'profiled nmethods': size=120000Kb used=40179Kb max_used=40179Kb free=79820Kb
 bounds [0x0000026aa6170000, 0x0000026aa88b0000, 0x0000026aad6a0000]
CodeHeap 'non-nmethods': size=5760Kb used=1491Kb max_used=1604Kb free=4268Kb
 bounds [0x0000026aad6a0000, 0x0000026aad910000, 0x0000026aadc40000]
CodeCache: size=245760Kb, used=56990Kb, max_used=57103Kb, free=188767Kb
 total_blobs=16926, nmethods=16108, adapters=723, full_count=0
Compilation: enabled, stopped_count=0, restarted_count=0

Compilation events (20 events):
Event: 2736.307 Thread 0x0000026ab99ea0b0 nmethod 16902 0x0000026aaeb36090 code [0x0000026aaeb36220, 0x0000026aaeb362d0]
Event: 2736.320 Thread 0x0000026afc36bf60 16904       3       org.eclipse.jdt.internal.compiler.lookup.ModuleBinding::<init> (82 bytes)
Event: 2736.321 Thread 0x0000026afc36bf60 nmethod 16904 0x0000026aa889f410 code [0x0000026aa889f600, 0x0000026aa889fb60]
Event: 2736.321 Thread 0x0000026afc36bf60 16906       3       org.eclipse.jdt.internal.compiler.lookup.BinaryModuleBinding::cachePartsFrom (312 bytes)
Event: 2736.329 Thread 0x0000026afc36bf60 nmethod 16906 0x0000026aa889fd90 code [0x0000026aa88a0040, 0x0000026aa88a12b8]
Event: 2736.329 Thread 0x0000026afc36bf60 16905       3       org.eclipse.jdt.internal.compiler.lookup.LookupEnvironment::<init> (211 bytes)
Event: 2736.331 Thread 0x0000026afc36bf60 nmethod 16905 0x0000026aa88a1990 code [0x0000026aa88a1bc0, 0x0000026aa88a26c0]
Event: 2736.331 Thread 0x0000026afc36bf60 16907       3       org.eclipse.jdt.internal.compiler.classfmt.ModuleInfo::isOpen (14 bytes)
Event: 2736.331 Thread 0x0000026afc36bf60 nmethod 16907 0x0000026aa88a2a90 code [0x0000026aa88a2c40, 0x0000026aa88a2db8]
Event: 2736.331 Thread 0x0000026afc36bf60 16908       3       org.eclipse.jdt.internal.compiler.lookup.BinaryModuleBinding::scanForNullDefaultAnnotation (115 bytes)
Event: 2736.333 Thread 0x0000026afc36bf60 nmethod 16908 0x0000026aa88a2e90 code [0x0000026aa88a30a0, 0x0000026aa88a35c8]
Event: 2736.333 Thread 0x0000026ab99ea0b0 16911   !   4       org.eclipse.jdt.internal.core.SearchableEnvironment::hasSubPackageInUnnamedModule (132 bytes)
Event: 2736.333 Thread 0x0000026afc36bf60 16910       3       org.eclipse.jdt.internal.core.ModuleUpdater::applyModuleUpdates (85 bytes)
Event: 2736.334 Thread 0x0000026afc36bf60 nmethod 16910 0x0000026aa88a3890 code [0x0000026aa88a3ae0, 0x0000026aa88a4538]
Event: 2736.334 Thread 0x0000026afc36bf60 16909       3       org.eclipse.jdt.internal.compiler.lookup.ModuleBinding::setAnnotations (8 bytes)
Event: 2736.334 Thread 0x0000026afc36bf60 nmethod 16909 0x0000026aa88a4890 code [0x0000026aa88a4a40, 0x0000026aa88a4c18]
Event: 2736.387 Thread 0x0000026afc36bf60 16912   !   3       org.eclipse.jdt.internal.core.NameLookup::acceptType (147 bytes)
Event: 2736.388 Thread 0x0000026afc36bf60 nmethod 16912 0x0000026aa88a4d10 code [0x0000026aa88a5000, 0x0000026aa88a60e8]
Event: 2736.399 Thread 0x0000026afc36bf60 16915       3       org.eclipse.jdt.internal.compiler.parser.Parser::consumeClassBodyDeclarations (5 bytes)
Event: 2736.400 Thread 0x0000026afc36bf60 nmethod 16915 0x0000026aa88a6610 code [0x0000026aa88a67c0, 0x0000026aa88a6980]

GC Heap History (20 events):
Event: 36.692 GC heap before
{Heap before GC invocations=1557 (full 3):
 PSYoungGen      total 19456K, used 19352K [0x00000000d5580000, 0x00000000d7180000, 0x0000000100000000)
  eden space 11264K, 100% used [0x00000000d5580000,0x00000000d6080000,0x00000000d6080000)
  from space 8192K, 98% used [0x00000000d6200000,0x00000000d69e6060,0x00000000d6a00000)
  to   space 7680K, 0% used [0x00000000d6a00000,0x00000000d6a00000,0x00000000d7180000)
 ParOldGen       total 1010688K, used 1010363K [0x0000000080000000, 0x00000000bdb00000, 0x00000000d5580000)
  object space 1010688K, 99% used [0x0000000080000000,0x00000000bdaaef08,0x00000000bdb00000)
 Metaspace       used 74156K, committed 75904K, reserved 1179648K
  class space    used 7577K, committed 8320K, reserved 1048576K
}
Event: 36.697 GC heap after
{Heap after GC invocations=1557 (full 3):
 PSYoungGen      total 18432K, used 7672K [0x00000000d5580000, 0x00000000d7480000, 0x0000000100000000)
  eden space 10752K, 0% used [0x00000000d5580000,0x00000000d5580000,0x00000000d6000000)
  from space 7680K, 99% used [0x00000000d6a00000,0x00000000d717e060,0x00000000d7180000)
  to   space 10240K, 0% used [0x00000000d6000000,0x00000000d6000000,0x00000000d6a00000)
 ParOldGen       total 1012736K, used 1012419K [0x0000000080000000, 0x00000000bdd00000, 0x00000000d5580000)
  object space 1012736K, 99% used [0x0000000080000000,0x00000000bdcb0f08,0x00000000bdd00000)
 Metaspace       used 74156K, committed 75904K, reserved 1179648K
  class space    used 7577K, committed 8320K, reserved 1048576K
}
Event: 36.740 GC heap before
{Heap before GC invocations=1558 (full 3):
 PSYoungGen      total 18432K, used 18424K [0x00000000d5580000, 0x00000000d7480000, 0x0000000100000000)
  eden space 10752K, 100% used [0x00000000d5580000,0x00000000d6000000,0x00000000d6000000)
  from space 7680K, 99% used [0x00000000d6a00000,0x00000000d717e060,0x00000000d7180000)
  to   space 10240K, 0% used [0x00000000d6000000,0x00000000d6000000,0x00000000d6a00000)
 ParOldGen       total 1012736K, used 1012419K [0x0000000080000000, 0x00000000bdd00000, 0x00000000d5580000)
  object space 1012736K, 99% used [0x0000000080000000,0x00000000bdcb0f08,0x00000000bdd00000)
 Metaspace       used 74198K, committed 75904K, reserved 1179648K
  class space    used 7581K, committed 8320K, reserved 1048576K
}
Event: 36.743 GC heap after
{Heap after GC invocations=1558 (full 3):
 PSYoungGen      total 11776K, used 916K [0x00000000d5580000, 0x00000000d6a80000, 0x0000000100000000)
  eden space 10752K, 0% used [0x00000000d5580000,0x00000000d5580000,0x00000000d6000000)
  from space 1024K, 89% used [0x00000000d6000000,0x00000000d60e5200,0x00000000d6100000)
  to   space 4608K, 0% used [0x00000000d6600000,0x00000000d6600000,0x00000000d6a80000)
 ParOldGen       total 1012736K, used 1012451K [0x0000000080000000, 0x00000000bdd00000, 0x00000000d5580000)
  object space 1012736K, 99% used [0x0000000080000000,0x00000000bdcb8f08,0x00000000bdd00000)
 Metaspace       used 74198K, committed 75904K, reserved 1179648K
  class space    used 7581K, committed 8320K, reserved 1048576K
}
Event: 310.475 GC heap before
{Heap before GC invocations=1559 (full 3):
 PSYoungGen      total 11776K, used 11668K [0x00000000d5580000, 0x00000000d6a80000, 0x0000000100000000)
  eden space 10752K, 100% used [0x00000000d5580000,0x00000000d6000000,0x00000000d6000000)
  from space 1024K, 89% used [0x00000000d6000000,0x00000000d60e5200,0x00000000d6100000)
  to   space 4608K, 0% used [0x00000000d6600000,0x00000000d6600000,0x00000000d6a80000)
 ParOldGen       total 1012736K, used 1012451K [0x0000000080000000, 0x00000000bdd00000, 0x00000000d5580000)
  object space 1012736K, 99% used [0x0000000080000000,0x00000000bdcb8f08,0x00000000bdd00000)
 Metaspace       used 75301K, committed 77056K, reserved 1179648K
  class space    used 7709K, committed 8512K, reserved 1048576K
}
Event: 310.478 GC heap after
{Heap after GC invocations=1559 (full 3):
 PSYoungGen      total 11776K, used 832K [0x00000000d5580000, 0x00000000d6700000, 0x0000000100000000)
  eden space 10752K, 0% used [0x00000000d5580000,0x00000000d5580000,0x00000000d6000000)
  from space 1024K, 81% used [0x00000000d6600000,0x00000000d66d0000,0x00000000d6700000)
  to   space 1536K, 0% used [0x00000000d6400000,0x00000000d6400000,0x00000000d6580000)
 ParOldGen       total 1013248K, used 1013224K [0x0000000080000000, 0x00000000bdd80000, 0x00000000d5580000)
  object space 1013248K, 99% used [0x0000000080000000,0x00000000bdd7a148,0x00000000bdd80000)
 Metaspace       used 75301K, committed 77056K, reserved 1179648K
  class space    used 7709K, committed 8512K, reserved 1048576K
}
Event: 362.378 GC heap before
{Heap before GC invocations=1560 (full 3):
 PSYoungGen      total 11776K, used 11584K [0x00000000d5580000, 0x00000000d6700000, 0x0000000100000000)
  eden space 10752K, 100% used [0x00000000d5580000,0x00000000d6000000,0x00000000d6000000)
  from space 1024K, 81% used [0x00000000d6600000,0x00000000d66d0000,0x00000000d6700000)
  to   space 1536K, 0% used [0x00000000d6400000,0x00000000d6400000,0x00000000d6580000)
 ParOldGen       total 1013248K, used 1013224K [0x0000000080000000, 0x00000000bdd80000, 0x00000000d5580000)
  object space 1013248K, 99% used [0x0000000080000000,0x00000000bdd7a148,0x00000000bdd80000)
 Metaspace       used 75734K, committed 77568K, reserved 1179648K
  class space    used 7756K, committed 8576K, reserved 1048576K
}
Event: 362.382 GC heap after
{Heap after GC invocations=1560 (full 3):
 PSYoungGen      total 12288K, used 1510K [0x00000000d5580000, 0x00000000d6c00000, 0x0000000100000000)
  eden space 10752K, 0% used [0x00000000d5580000,0x00000000d5580000,0x00000000d6000000)
  from space 1536K, 98% used [0x00000000d6400000,0x00000000d6579a30,0x00000000d6580000)
  to   space 6144K, 0% used [0x00000000d6600000,0x00000000d6600000,0x00000000d6c00000)
 ParOldGen       total 1017344K, used 1016977K [0x0000000080000000, 0x00000000be180000, 0x00000000d5580000)
  object space 1017344K, 99% used [0x0000000080000000,0x00000000be124510,0x00000000be180000)
 Metaspace       used 75734K, committed 77568K, reserved 1179648K
  class space    used 7756K, committed 8576K, reserved 1048576K
}
Event: 364.435 GC heap before
{Heap before GC invocations=1561 (full 3):
 PSYoungGen      total 12288K, used 12262K [0x00000000d5580000, 0x00000000d6c00000, 0x0000000100000000)
  eden space 10752K, 100% used [0x00000000d5580000,0x00000000d6000000,0x00000000d6000000)
  from space 1536K, 98% used [0x00000000d6400000,0x00000000d6579a30,0x00000000d6580000)
  to   space 6144K, 0% used [0x00000000d6600000,0x00000000d6600000,0x00000000d6c00000)
 ParOldGen       total 1017344K, used 1016977K [0x0000000080000000, 0x00000000be180000, 0x00000000d5580000)
  object space 1017344K, 99% used [0x0000000080000000,0x00000000be124510,0x00000000be180000)
 Metaspace       used 75766K, committed 77568K, reserved 1179648K
  class space    used 7756K, committed 8576K, reserved 1048576K
}
Event: 364.438 GC heap after
{Heap after GC invocations=1561 (full 3):
 PSYoungGen      total 12800K, used 1798K [0x00000000d5580000, 0x00000000d6800000, 0x0000000100000000)
  eden space 10752K, 0% used [0x00000000d5580000,0x00000000d5580000,0x00000000d6000000)
  from space 2048K, 87% used [0x00000000d6600000,0x00000000d67c1a60,0x00000000d6800000)
  to   space 3072K, 0% used [0x00000000d6200000,0x00000000d6200000,0x00000000d6500000)
 ParOldGen       total 1017344K, used 1017153K [0x0000000080000000, 0x00000000be180000, 0x00000000d5580000)
  object space 1017344K, 99% used [0x0000000080000000,0x00000000be150510,0x00000000be180000)
 Metaspace       used 75766K, committed 77568K, reserved 1179648K
  class space    used 7756K, committed 8576K, reserved 1048576K
}
Event: 365.296 GC heap before
{Heap before GC invocations=1562 (full 3):
 PSYoungGen      total 12800K, used 12550K [0x00000000d5580000, 0x00000000d6800000, 0x0000000100000000)
  eden space 10752K, 100% used [0x00000000d5580000,0x00000000d6000000,0x00000000d6000000)
  from space 2048K, 87% used [0x00000000d6600000,0x00000000d67c1a60,0x00000000d6800000)
  to   space 3072K, 0% used [0x00000000d6200000,0x00000000d6200000,0x00000000d6500000)
 ParOldGen       total 1017344K, used 1017153K [0x0000000080000000, 0x00000000be180000, 0x00000000d5580000)
  object space 1017344K, 99% used [0x0000000080000000,0x00000000be150510,0x00000000be180000)
 Metaspace       used 75802K, committed 77632K, reserved 1179648K
  class space    used 7761K, committed 8576K, reserved 1048576K
}
Event: 365.298 GC heap after
{Heap after GC invocations=1562 (full 3):
 PSYoungGen      total 13824K, used 224K [0x00000000d5580000, 0x00000000d6680000, 0x0000000100000000)
  eden space 10752K, 0% used [0x00000000d5580000,0x00000000d5580000,0x00000000d6000000)
  from space 3072K, 7% used [0x00000000d6200000,0x00000000d6238000,0x00000000d6500000)
  to   space 1024K, 0% used [0x00000000d6580000,0x00000000d6580000,0x00000000d6680000)
 ParOldGen       total 1017856K, used 1017417K [0x0000000080000000, 0x00000000be200000, 0x00000000d5580000)
  object space 1017856K, 99% used [0x0000000080000000,0x00000000be192520,0x00000000be200000)
 Metaspace       used 75802K, committed 77632K, reserved 1179648K
  class space    used 7761K, committed 8576K, reserved 1048576K
}
Event: 365.343 GC heap before
{Heap before GC invocations=1563 (full 3):
 PSYoungGen      total 13824K, used 10976K [0x00000000d5580000, 0x00000000d6680000, 0x0000000100000000)
  eden space 10752K, 100% used [0x00000000d5580000,0x00000000d6000000,0x00000000d6000000)
  from space 3072K, 7% used [0x00000000d6200000,0x00000000d6238000,0x00000000d6500000)
  to   space 1024K, 0% used [0x00000000d6580000,0x00000000d6580000,0x00000000d6680000)
 ParOldGen       total 1017856K, used 1017417K [0x0000000080000000, 0x00000000be200000, 0x00000000d5580000)
  object space 1017856K, 99% used [0x0000000080000000,0x00000000be192520,0x00000000be200000)
 Metaspace       used 75905K, committed 77696K, reserved 1179648K
  class space    used 7778K, committed 8576K, reserved 1048576K
}
Event: 365.345 GC heap after
{Heap after GC invocations=1563 (full 3):
 PSYoungGen      total 11264K, used 432K [0x00000000d5580000, 0x00000000d6600000, 0x0000000100000000)
  eden space 10752K, 0% used [0x00000000d5580000,0x00000000d5580000,0x00000000d6000000)
  from space 512K, 84% used [0x00000000d6580000,0x00000000d65ec010,0x00000000d6600000)
  to   space 512K, 0% used [0x00000000d6500000,0x00000000d6500000,0x00000000d6580000)
 ParOldGen       total 1017856K, used 1017465K [0x0000000080000000, 0x00000000be200000, 0x00000000d5580000)
  object space 1017856K, 99% used [0x0000000080000000,0x00000000be19e520,0x00000000be200000)
 Metaspace       used 75905K, committed 77696K, reserved 1179648K
  class space    used 7778K, committed 8576K, reserved 1048576K
}
Event: 365.553 GC heap before
{Heap before GC invocations=1564 (full 3):
 PSYoungGen      total 11264K, used 11180K [0x00000000d5580000, 0x00000000d6600000, 0x0000000100000000)
  eden space 10752K, 99% used [0x00000000d5580000,0x00000000d5fff0c8,0x00000000d6000000)
  from space 512K, 84% used [0x00000000d6580000,0x00000000d65ec010,0x00000000d6600000)
  to   space 512K, 0% used [0x00000000d6500000,0x00000000d6500000,0x00000000d6580000)
 ParOldGen       total 1017856K, used 1017465K [0x0000000080000000, 0x00000000be200000, 0x00000000d5580000)
  object space 1017856K, 99% used [0x0000000080000000,0x00000000be19e520,0x00000000be200000)
 Metaspace       used 77124K, committed 78848K, reserved 1179648K
  class space    used 7886K, committed 8640K, reserved 1048576K
}
Event: 365.555 GC heap after
{Heap after GC invocations=1564 (full 3):
 PSYoungGen      total 11264K, used 401K [0x00000000d5580000, 0x00000000d6600000, 0x0000000100000000)
  eden space 10752K, 0% used [0x00000000d5580000,0x00000000d5580000,0x00000000d6000000)
  from space 512K, 78% used [0x00000000d6500000,0x00000000d65645d0,0x00000000d6580000)
  to   space 512K, 0% used [0x00000000d6580000,0x00000000d6580000,0x00000000d6600000)
 ParOldGen       total 1017856K, used 1017601K [0x0000000080000000, 0x00000000be200000, 0x00000000d5580000)
  object space 1017856K, 99% used [0x0000000080000000,0x00000000be1c0530,0x00000000be200000)
 Metaspace       used 77124K, committed 78848K, reserved 1179648K
  class space    used 7886K, committed 8640K, reserved 1048576K
}
Event: 365.623 GC heap before
{Heap before GC invocations=1565 (full 3):
 PSYoungGen      total 11264K, used 11153K [0x00000000d5580000, 0x00000000d6600000, 0x0000000100000000)
  eden space 10752K, 100% used [0x00000000d5580000,0x00000000d6000000,0x00000000d6000000)
  from space 512K, 78% used [0x00000000d6500000,0x00000000d65645d0,0x00000000d6580000)
  to   space 512K, 0% used [0x00000000d6580000,0x00000000d6580000,0x00000000d6600000)
 ParOldGen       total 1017856K, used 1017601K [0x0000000080000000, 0x00000000be200000, 0x00000000d5580000)
  object space 1017856K, 99% used [0x0000000080000000,0x00000000be1c0530,0x00000000be200000)
 Metaspace       used 78160K, committed 79936K, reserved 1179648K
  class space    used 8084K, committed 8832K, reserved 1048576K
}
Event: 365.625 GC heap after
{Heap after GC invocations=1565 (full 3):
 PSYoungGen      total 11264K, used 304K [0x00000000d5580000, 0x00000000d6600000, 0x0000000100000000)
  eden space 10752K, 0% used [0x00000000d5580000,0x00000000d5580000,0x00000000d6000000)
  from space 512K, 59% used [0x00000000d6580000,0x00000000d65cc010,0x00000000d6600000)
  to   space 512K, 0% used [0x00000000d6500000,0x00000000d6500000,0x00000000d6580000)
 ParOldGen       total 1018368K, used 1017890K [0x0000000080000000, 0x00000000be280000, 0x00000000d5580000)
  object space 1018368K, 99% used [0x0000000080000000,0x00000000be208b00,0x00000000be280000)
 Metaspace       used 78160K, committed 79936K, reserved 1179648K
  class space    used 8084K, committed 8832K, reserved 1048576K
}
Event: 2736.025 GC heap before
{Heap before GC invocations=1566 (full 3):
 PSYoungGen      total 11264K, used 11056K [0x00000000d5580000, 0x00000000d6600000, 0x0000000100000000)
  eden space 10752K, 100% used [0x00000000d5580000,0x00000000d6000000,0x00000000d6000000)
  from space 512K, 59% used [0x00000000d6580000,0x00000000d65cc010,0x00000000d6600000)
  to   space 512K, 0% used [0x00000000d6500000,0x00000000d6500000,0x00000000d6580000)
 ParOldGen       total 1018368K, used 1017890K [0x0000000080000000, 0x00000000be280000, 0x00000000d5580000)
  object space 1018368K, 99% used [0x0000000080000000,0x00000000be208b00,0x00000000be280000)
 Metaspace       used 79159K, committed 80960K, reserved 1179648K
  class space    used 8213K, committed 9024K, reserved 1048576K
}
Event: 2736.082 GC heap after
{Heap after GC invocations=1566 (full 3):
 PSYoungGen      total 11264K, used 384K [0x00000000d5580000, 0x00000000d6600000, 0x0000000100000000)
  eden space 10752K, 0% used [0x00000000d5580000,0x00000000d5580000,0x00000000d6000000)
  from space 512K, 75% used [0x00000000d6500000,0x00000000d6560000,0x00000000d6580000)
  to   space 512K, 0% used [0x00000000d6580000,0x00000000d6580000,0x00000000d6600000)
 ParOldGen       total 1018368K, used 1018090K [0x0000000080000000, 0x00000000be280000, 0x00000000d5580000)
  object space 1018368K, 99% used [0x0000000080000000,0x00000000be23ab40,0x00000000be280000)
 Metaspace       used 79159K, committed 80960K, reserved 1179648K
  class space    used 8213K, committed 9024K, reserved 1048576K
}

Dll operation events (11 events):
Event: 0.026 Loaded shared library c:\Users\Admin\.vscode\extensions\redhat.java-1.44.0-win32-x64\jre\21.0.8-win32-x86_64\bin\java.dll
Event: 0.224 Loaded shared library c:\Users\Admin\.vscode\extensions\redhat.java-1.44.0-win32-x64\jre\21.0.8-win32-x86_64\bin\zip.dll
Event: 0.261 Loaded shared library C:\Users\Admin\.vscode\extensions\redhat.java-1.44.0-win32-x64\jre\21.0.8-win32-x86_64\bin\instrument.dll
Event: 0.280 Loaded shared library C:\Users\Admin\.vscode\extensions\redhat.java-1.44.0-win32-x64\jre\21.0.8-win32-x86_64\bin\net.dll
Event: 0.298 Loaded shared library C:\Users\Admin\.vscode\extensions\redhat.java-1.44.0-win32-x64\jre\21.0.8-win32-x86_64\bin\nio.dll
Event: 0.318 Loaded shared library C:\Users\Admin\.vscode\extensions\redhat.java-1.44.0-win32-x64\jre\21.0.8-win32-x86_64\bin\zip.dll
Event: 0.338 Loaded shared library C:\Users\Admin\.vscode\extensions\redhat.java-1.44.0-win32-x64\jre\21.0.8-win32-x86_64\bin\jimage.dll
Event: 0.451 Loaded shared library c:\Users\Admin\.vscode\extensions\redhat.java-1.44.0-win32-x64\jre\21.0.8-win32-x86_64\bin\verify.dll
Event: 2.164 Loaded shared library C:\Users\Admin\AppData\Roaming\Code\User\globalStorage\redhat.java\1.44.0\config_win\org.eclipse.equinox.launcher\org.eclipse.equinox.launcher.win32.win32.x86_64_1.2.1400.v20250730-1736\eclipse_11913.dll
Event: 4.675 Loaded shared library C:\Users\Admin\AppData\Local\Temp\jna-63116079\jna16470475609534991997.dll
Event: 365.511 Loaded shared library C:\Users\Admin\.vscode\extensions\redhat.java-1.44.0-win32-x64\jre\21.0.8-win32-x86_64\bin\extnet.dll

Deoptimization events (20 events):
Event: 366.600 Thread 0x0000026afd629440 DEOPT PACKING pc=0x0000026aa7f1a09c sp=0x000000d16e4fef20
Event: 366.600 Thread 0x0000026afd629440 DEOPT UNPACKING pc=0x0000026aad6f4242 sp=0x000000d16e4fe3e0 mode 0
Event: 367.675 Thread 0x0000026afeb01880 DEOPT PACKING pc=0x0000026aa7f1a09c sp=0x000000d1706ff340
Event: 367.675 Thread 0x0000026afeb01880 DEOPT UNPACKING pc=0x0000026aad6f4242 sp=0x000000d1706fe800 mode 0
Event: 370.642 Thread 0x0000026afd626650 DEOPT PACKING pc=0x0000026aa820c39c sp=0x000000d16d4ff320
Event: 370.642 Thread 0x0000026afd626650 DEOPT UNPACKING pc=0x0000026aad6f4242 sp=0x000000d16d4fe898 mode 0
Event: 392.103 Thread 0x0000026ab99e2cc0 DEOPT PACKING pc=0x0000026aa7f1a09c sp=0x000000d16e6fee40
Event: 392.103 Thread 0x0000026ab99e2cc0 DEOPT UNPACKING pc=0x0000026aad6f4242 sp=0x000000d16e6fe300 mode 0
Event: 425.422 Thread 0x0000026afcff28e0 DEOPT PACKING pc=0x0000026aa820c39c sp=0x000000d16fcff4e0
Event: 425.422 Thread 0x0000026afeafea90 DEOPT PACKING pc=0x0000026aa820c39c sp=0x000000d1708ff090
Event: 425.422 Thread 0x0000026afcff28e0 DEOPT UNPACKING pc=0x0000026aad6f4242 sp=0x000000d16fcfea58 mode 0
Event: 425.422 Thread 0x0000026afeafea90 DEOPT UNPACKING pc=0x0000026aad6f4242 sp=0x000000d1708fe608 mode 0
Event: 425.603 Thread 0x0000026afd628720 DEOPT PACKING pc=0x0000026aa7f1a09c sp=0x000000d16f1ff360
Event: 425.603 Thread 0x0000026afd628720 DEOPT UNPACKING pc=0x0000026aad6f4242 sp=0x000000d16f1fe820 mode 0
Event: 2736.222 Thread 0x0000026afd626ce0 Uncommon trap: trap_request=0xffffff45 fr.pc=0x0000026aaea58748 relative=0x00000000000000a8
Event: 2736.222 Thread 0x0000026afd626ce0 Uncommon trap: reason=unstable_if action=reinterpret pc=0x0000026aaea58748 method=lombok.core.configuration.FileSystemSourceCache.cacheClear()V @ 16 c2
Event: 2736.222 Thread 0x0000026afd626ce0 DEOPT PACKING pc=0x0000026aaea58748 sp=0x000000d16f7fdb80
Event: 2736.222 Thread 0x0000026afd626ce0 DEOPT UNPACKING pc=0x0000026aad6f3aa2 sp=0x000000d16f7fdb18 mode 2
Event: 2736.333 Thread 0x0000026afd626ce0 DEOPT PACKING pc=0x0000026aa863d5f8 sp=0x000000d16f7fbf80
Event: 2736.333 Thread 0x0000026afd626ce0 DEOPT UNPACKING pc=0x0000026aad6f4242 sp=0x000000d16f7fb408 mode 0

Classes loaded (20 events):
Event: 365.672 Loading class java/util/stream/SliceOps
Event: 365.672 Loading class java/util/stream/SliceOps done
Event: 365.672 Loading class java/util/stream/SliceOps$1
Event: 365.672 Loading class java/util/stream/SliceOps$1 done
Event: 365.676 Loading class java/util/stream/SliceOps$1$1
Event: 365.676 Loading class java/util/stream/SliceOps$1$1 done
Event: 365.681 Loading class java/util/concurrent/CompletableFuture$UniWhenComplete
Event: 365.681 Loading class java/util/concurrent/CompletableFuture$UniWhenComplete done
Event: 365.681 Loading class java/util/concurrent/CompletableFuture$UniCompose
Event: 365.681 Loading class java/util/concurrent/CompletableFuture$UniCompose done
Event: 365.681 Loading class java/util/concurrent/CompletableFuture$UniRelay
Event: 365.682 Loading class java/util/concurrent/CompletableFuture$UniRelay done
Event: 366.446 Loading class java/lang/ProcessHandleImpl$ExitCompletion
Event: 366.446 Loading class java/lang/ProcessHandleImpl$ExitCompletion done
Event: 366.446 Loading class java/lang/ProcessHandleImpl$1
Event: 366.447 Loading class java/lang/ProcessHandleImpl$1 done
Event: 366.447 Loading class java/util/concurrent/CompletableFuture$UniHandle
Event: 366.447 Loading class java/util/concurrent/CompletableFuture$UniHandle done
Event: 366.600 Loading class java/util/concurrent/ScheduledThreadPoolExecutor$DelayedWorkQueue$Itr
Event: 366.600 Loading class java/util/concurrent/ScheduledThreadPoolExecutor$DelayedWorkQueue$Itr done

Classes unloaded (7 events):
Event: 6.112 Thread 0x0000026aa3039f30 Unloading class 0x0000026abb1a7000 'java/lang/invoke/LambdaForm$MH+0x0000026abb1a7000'
Event: 6.112 Thread 0x0000026aa3039f30 Unloading class 0x0000026abb1a6c00 'java/lang/invoke/LambdaForm$MH+0x0000026abb1a6c00'
Event: 6.112 Thread 0x0000026aa3039f30 Unloading class 0x0000026abb1a6800 'java/lang/invoke/LambdaForm$MH+0x0000026abb1a6800'
Event: 6.112 Thread 0x0000026aa3039f30 Unloading class 0x0000026abb1a6400 'java/lang/invoke/LambdaForm$MH+0x0000026abb1a6400'
Event: 6.112 Thread 0x0000026aa3039f30 Unloading class 0x0000026abb1a6000 'java/lang/invoke/LambdaForm$BMH+0x0000026abb1a6000'
Event: 6.112 Thread 0x0000026aa3039f30 Unloading class 0x0000026abb1a5c00 'java/lang/invoke/LambdaForm$DMH+0x0000026abb1a5c00'
Event: 6.112 Thread 0x0000026aa3039f30 Unloading class 0x0000026abb1a4800 'java/lang/invoke/LambdaForm$DMH+0x0000026abb1a4800'

Classes redefined (0 events):
No events

Internal exceptions (20 events):
Event: 333.142 Thread 0x0000026afeaff7b0 Exception <a 'java/lang/IncompatibleClassChangeError'{0x00000000d5799688}: Found class java.lang.Object, but interface was expected> (0x00000000d5799688) 
thrown [s\src\hotspot\share\interpreter\linkResolver.cpp, line 840]
Event: 361.121 Thread 0x0000026afeaff7b0 Exception <a 'java/lang/IncompatibleClassChangeError'{0x00000000d57fb670}: Found class java.lang.Object, but interface was expected> (0x00000000d57fb670) 
thrown [s\src\hotspot\share\interpreter\linkResolver.cpp, line 840]
Event: 361.123 Thread 0x0000026aff2a2d90 Exception <a 'java/lang/NoSuchMethodError'{0x00000000d5826220}: 'java.lang.Object java.lang.invoke.DirectMethodHandle$Holder.invokeStatic(java.lang.Object, int, int, java.lang.Object)'> (0x00000000d5826220) 
thrown [s\src\hotspot\share\interpreter\linkResolver.cpp, line 773]
Event: 365.319 Thread 0x0000026aff2a2d90 Exception <a 'sun/nio/fs/WindowsException'{0x00000000d56beab8}> (0x00000000d56beab8) 
thrown [s\src\hotspot\share\prims\jni.cpp, line 520]
Event: 365.320 Thread 0x0000026aff2a2d90 Exception <a 'sun/nio/fs/WindowsException'{0x00000000d56bf398}> (0x00000000d56bf398) 
thrown [s\src\hotspot\share\prims\jni.cpp, line 520]
Event: 365.320 Thread 0x0000026aff2a2d90 Exception <a 'sun/nio/fs/WindowsException'{0x00000000d56c0510}> (0x00000000d56c0510) 
thrown [s\src\hotspot\share\prims\jni.cpp, line 520]
Event: 365.320 Thread 0x0000026aff2a2d90 Exception <a 'sun/nio/fs/WindowsException'{0x00000000d56c0df0}> (0x00000000d56c0df0) 
thrown [s\src\hotspot\share\prims\jni.cpp, line 520]
Event: 365.320 Thread 0x0000026aff2a2d90 Exception <a 'sun/nio/fs/WindowsException'{0x00000000d56c2978}> (0x00000000d56c2978) 
thrown [s\src\hotspot\share\prims\jni.cpp, line 520]
Event: 365.320 Thread 0x0000026aff2a2d90 Exception <a 'sun/nio/fs/WindowsException'{0x00000000d56c2fa8}> (0x00000000d56c2fa8) 
thrown [s\src\hotspot\share\prims\jni.cpp, line 520]
Event: 365.322 Thread 0x0000026aff2a2d90 Exception <a 'sun/nio/fs/WindowsException'{0x00000000d56e1680}> (0x00000000d56e1680) 
thrown [s\src\hotspot\share\prims\jni.cpp, line 520]
Event: 365.322 Thread 0x0000026aff2a2d90 Exception <a 'sun/nio/fs/WindowsException'{0x00000000d56e1f60}> (0x00000000d56e1f60) 
thrown [s\src\hotspot\share\prims\jni.cpp, line 520]
Event: 365.528 Thread 0x0000026afd62ae80 Exception <a 'java/io/FileNotFoundException'{0x00000000d5c7aa78}> (0x00000000d5c7aa78) 
thrown [s\src\hotspot\share\prims\jni.cpp, line 520]
Event: 365.629 Thread 0x0000026afd62ae80 Exception <a 'java/lang/NoSuchMethodError'{0x00000000d561b8d8}: 'java.lang.Object java.lang.invoke.DirectMethodHandle$Holder.invokeVirtual(java.lang.Object, java.lang.Object, java.lang.Object, java.lang.Object)'> (0x00000000d561b8d8) 
thrown [s\src\hotspot\share\interpreter\linkResolver.cpp, line 773]
Event: 365.657 Thread 0x0000026afd625fc0 Exception <a 'java/lang/NoSuchMethodError'{0x00000000d5a30be8}: 'java.lang.Object java.lang.invoke.DirectMethodHandle$Holder.invokeStatic(java.lang.Object, long, java.lang.Object, java.lang.Object)'> (0x00000000d5a30be8) 
thrown [s\src\hotspot\share\interpreter\linkResolver.cpp, line 773]
Event: 365.669 Thread 0x0000026afd625fc0 Exception <a 'sun/nio/fs/WindowsException'{0x00000000d5ae4cf8}> (0x00000000d5ae4cf8) 
thrown [s\src\hotspot\share\prims\jni.cpp, line 520]
Event: 365.669 Thread 0x0000026afd625fc0 Exception <a 'sun/nio/fs/WindowsException'{0x00000000d5ae5d38}> (0x00000000d5ae5d38) 
thrown [s\src\hotspot\share\prims\jni.cpp, line 520]
Event: 365.681 Thread 0x0000026afd625fc0 Exception <a 'java/lang/NoSuchMethodError'{0x00000000d5b83500}: 'void java.lang.invoke.DirectMethodHandle$Holder.invokeStatic(java.lang.Object, java.lang.Object, java.lang.Object, java.lang.Object, java.lang.Object, java.lang.Object, java.lang.Object)'> (0x00000000d5b83500) 
thrown [s\src\hotspot\share\interpreter\linkResolver.cpp, line 773]
Event: 366.356 Thread 0x0000026afd626ce0 Exception <a 'java/lang/NoSuchMethodError'{0x00000000d5bba7e0}: 'long java.lang.invoke.DelegatingMethodHandle$Holder.reinvoke_L(java.lang.Object, java.lang.Object)'> (0x00000000d5bba7e0) 
thrown [s\src\hotspot\share\interpreter\linkResolver.cpp, line 773]
Event: 366.356 Thread 0x0000026afd626ce0 Exception <a 'java/lang/NoSuchMethodError'{0x00000000d5bc4778}: 'void java.lang.invoke.DelegatingMethodHandle$Holder.reinvoke_L(java.lang.Object, java.lang.Object, long)'> (0x00000000d5bc4778) 
thrown [s\src\hotspot\share\interpreter\linkResolver.cpp, line 773]
Event: 366.448 Thread 0x0000026afd626ce0 Exception <a 'java/lang/NoSuchMethodError'{0x00000000d5ca7db0}: 'long java.lang.invoke.Invokers$Holder.invokeExact_MT(java.lang.Object, java.lang.Object, java.lang.Object)'> (0x00000000d5ca7db0) 
thrown [s\src\hotspot\share\interpreter\linkResolver.cpp, line 773]

ZGC Phase Switch (0 events):
No events

VM Operations (20 events):
Event: 1924.037 Executing VM operation: HandshakeAllThreads (HandshakeForDeflation)
Event: 1924.037 Executing VM operation: HandshakeAllThreads (HandshakeForDeflation) done
Event: 1924.037 Executing VM operation: RendezvousGCThreads
Event: 1924.037 Executing VM operation: RendezvousGCThreads done
Event: 1984.059 Executing VM operation: HandshakeAllThreads (HandshakeForDeflation)
Event: 1984.059 Executing VM operation: HandshakeAllThreads (HandshakeForDeflation) done
Event: 1984.059 Executing VM operation: RendezvousGCThreads
Event: 1984.059 Executing VM operation: RendezvousGCThreads done
Event: 2104.170 Executing VM operation: HandshakeAllThreads (HandshakeForDeflation)
Event: 2104.170 Executing VM operation: HandshakeAllThreads (HandshakeForDeflation) done
Event: 2104.170 Executing VM operation: RendezvousGCThreads
Event: 2104.170 Executing VM operation: RendezvousGCThreads done
Event: 2164.273 Executing VM operation: HandshakeAllThreads (HandshakeForDeflation)
Event: 2164.273 Executing VM operation: HandshakeAllThreads (HandshakeForDeflation) done
Event: 2164.273 Executing VM operation: RendezvousGCThreads
Event: 2164.273 Executing VM operation: RendezvousGCThreads done
Event: 2275.169 Executing VM operation: Cleanup
Event: 2275.169 Executing VM operation: Cleanup done
Event: 2735.984 Executing VM operation: ParallelGCFailedAllocation (Allocation Failure)
Event: 2736.082 Executing VM operation: ParallelGCFailedAllocation (Allocation Failure) done

Memory protections (0 events):
No events

Nmethod flushes (20 events):
Event: 16.222 Thread 0x0000026aa3039f30 flushing  nmethod 0x0000026aa6a80510
Event: 16.222 Thread 0x0000026aa3039f30 flushing  nmethod 0x0000026aa6a83810
Event: 16.222 Thread 0x0000026aa3039f30 flushing  nmethod 0x0000026aa6a85110
Event: 16.222 Thread 0x0000026aa3039f30 flushing  nmethod 0x0000026aa6a85710
Event: 16.222 Thread 0x0000026aa3039f30 flushing  nmethod 0x0000026aa6a85f90
Event: 16.222 Thread 0x0000026aa3039f30 flushing  nmethod 0x0000026aa6a86690
Event: 16.222 Thread 0x0000026aa3039f30 flushing  nmethod 0x0000026aa6a88d90
Event: 16.222 Thread 0x0000026aa3039f30 flushing  nmethod 0x0000026aa6a90a10
Event: 16.222 Thread 0x0000026aa3039f30 flushing  nmethod 0x0000026aa6a94d10
Event: 16.222 Thread 0x0000026aa3039f30 flushing  nmethod 0x0000026aa6ab1e10
Event: 16.222 Thread 0x0000026aa3039f30 flushing  nmethod 0x0000026aa6ac5d10
Event: 16.222 Thread 0x0000026aa3039f30 flushing  nmethod 0x0000026aa6af6c10
Event: 16.222 Thread 0x0000026aa3039f30 flushing  nmethod 0x0000026aa6b0f190
Event: 16.222 Thread 0x0000026aa3039f30 flushing  nmethod 0x0000026aa6b10a90
Event: 16.222 Thread 0x0000026aa3039f30 flushing  nmethod 0x0000026aa6b12590
Event: 16.222 Thread 0x0000026aa3039f30 flushing  nmethod 0x0000026aa6b1a990
Event: 16.222 Thread 0x0000026aa3039f30 flushing  nmethod 0x0000026aa6b1b390
Event: 16.222 Thread 0x0000026aa3039f30 flushing  nmethod 0x0000026aa6b1b810
Event: 16.222 Thread 0x0000026aa3039f30 flushing  nmethod 0x0000026aa6b1bb90
Event: 16.222 Thread 0x0000026aa3039f30 flushing  nmethod 0x0000026aa6b50890

Events (20 events):
Event: 366.354 Thread 0x0000026afd62ae80 Thread added: 0x0000026afd626ce0
Event: 366.354 Thread 0x0000026afd62d5e0 Thread exited: 0x0000026afd62d5e0
Event: 366.446 Thread 0x0000026afe878150 Thread exited: 0x0000026afe878150
Event: 366.447 Thread 0x0000026afd626ce0 Thread added: 0x0000026afd627370
Event: 366.449 Thread 0x0000026afd626ce0 Thread exited: 0x0000026afd626ce0
Event: 370.643 Thread 0x0000026afd626650 Thread exited: 0x0000026afd626650
Event: 488.759 Thread 0x0000026aff2a2d90 Thread exited: 0x0000026aff2a2d90
Event: 548.765 Thread 0x0000026aff29c490 Thread exited: 0x0000026aff29c490
Event: 608.777 Thread 0x0000026aff2a2700 Thread exited: 0x0000026aff2a2700
Event: 993.853 Thread 0x0000026afeaff7b0 Thread added: 0x0000026afd62d5e0
Event: 1054.022 Thread 0x0000026afd62d5e0 Thread exited: 0x0000026afd62d5e0
Event: 1893.139 Thread 0x0000026afeaff7b0 Thread added: 0x0000026afd62d5e0
Event: 1953.163 Thread 0x0000026afd62d5e0 Thread exited: 0x0000026afd62d5e0
Event: 2105.176 Thread 0x0000026afcff28e0 Thread added: 0x0000026afd628db0
Event: 2165.241 Thread 0x0000026afeafea90 Thread exited: 0x0000026afeafea90
Event: 2493.117 Thread 0x0000026afeaff7b0 Thread added: 0x0000026afd62d5e0
Event: 2553.126 Thread 0x0000026afd62d5e0 Thread exited: 0x0000026afd62d5e0
Event: 2735.965 Thread 0x0000026afeaff7b0 Thread added: 0x0000026afd626ce0
Event: 2735.969 Thread 0x0000026afeaff7b0 Thread added: 0x0000026afd629ad0
Event: 2735.979 Thread 0x0000026afd626ce0 Thread added: 0x0000026afd627a00


Dynamic libraries:
0x00007ff76e740000 - 0x00007ff76e74e000 	c:\Users\Admin\.vscode\extensions\redhat.java-1.44.0-win32-x64\jre\21.0.8-win32-x86_64\bin\java.exe
0x00007ffe73790000 - 0x00007ffe73985000 	C:\Windows\SYSTEM32\ntdll.dll
0x00007ffe73590000 - 0x00007ffe7364d000 	C:\Windows\System32\KERNEL32.DLL
0x00007ffe70fb0000 - 0x00007ffe71278000 	C:\Windows\System32\KERNELBASE.dll
0x00007ffe6e7a0000 - 0x00007ffe6e830000 	C:\Windows\SYSTEM32\apphelp.dll
0x00007ffe716f0000 - 0x00007ffe717f0000 	C:\Windows\System32\ucrtbase.dll
0x00007ffe5ade0000 - 0x00007ffe5adf8000 	c:\Users\Admin\.vscode\extensions\redhat.java-1.44.0-win32-x64\jre\21.0.8-win32-x86_64\bin\jli.dll
0x00007ffe731d0000 - 0x00007ffe73370000 	C:\Windows\System32\USER32.dll
0x00007ffe70ed0000 - 0x00007ffe70ef2000 	C:\Windows\System32\win32u.dll
0x00007ffe72760000 - 0x00007ffe7278a000 	C:\Windows\System32\GDI32.dll
0x00007ffe71320000 - 0x00007ffe7142b000 	C:\Windows\System32\gdi32full.dll
0x00007ffe71280000 - 0x00007ffe7131d000 	C:\Windows\System32\msvcp_win.dll
0x00007ffe5ad90000 - 0x00007ffe5adae000 	c:\Users\Admin\.vscode\extensions\redhat.java-1.44.0-win32-x64\jre\21.0.8-win32-x86_64\bin\VCRUNTIME140.dll
0x00007ffe64100000 - 0x00007ffe6439a000 	C:\Windows\WinSxS\amd64_microsoft.windows.common-controls_6595b64144ccf1df_6.0.19041.844_none_ca00b6081b84eb1d\COMCTL32.dll
0x00007ffe72790000 - 0x00007ffe7282e000 	C:\Windows\System32\msvcrt.dll
0x00007ffe72a90000 - 0x00007ffe72ac0000 	C:\Windows\System32\IMM32.DLL
0x00007ffe6c610000 - 0x00007ffe6c61c000 	c:\Users\Admin\.vscode\extensions\redhat.java-1.44.0-win32-x64\jre\21.0.8-win32-x86_64\bin\vcruntime140_1.dll
0x00007ffe58360000 - 0x00007ffe583ed000 	c:\Users\Admin\.vscode\extensions\redhat.java-1.44.0-win32-x64\jre\21.0.8-win32-x86_64\bin\msvcp140.dll
0x00007ffe0b610000 - 0x00007ffe0c3a7000 	c:\Users\Admin\.vscode\extensions\redhat.java-1.44.0-win32-x64\jre\21.0.8-win32-x86_64\bin\server\jvm.dll
0x00007ffe717f0000 - 0x00007ffe7189c000 	C:\Windows\System32\ADVAPI32.dll
0x00007ffe72ba0000 - 0x00007ffe72c3b000 	C:\Windows\System32\sechost.dll
0x00007ffe72580000 - 0x00007ffe726ab000 	C:\Windows\System32\RPCRT4.dll
0x00007ffe72b20000 - 0x00007ffe72b8b000 	C:\Windows\System32\WS2_32.dll
0x00007ffe704c0000 - 0x00007ffe7050b000 	C:\Windows\SYSTEM32\POWRPROF.dll
0x00007ffe684e0000 - 0x00007ffe68507000 	C:\Windows\SYSTEM32\WINMM.dll
0x00007ffe6ae30000 - 0x00007ffe6ae3a000 	C:\Windows\SYSTEM32\VERSION.dll
0x00007ffe70330000 - 0x00007ffe70342000 	C:\Windows\SYSTEM32\UMPDC.dll
0x00007ffe6ee40000 - 0x00007ffe6ee52000 	C:\Windows\SYSTEM32\kernel.appcore.dll
0x00007ffe69b10000 - 0x00007ffe69b1a000 	c:\Users\Admin\.vscode\extensions\redhat.java-1.44.0-win32-x64\jre\21.0.8-win32-x86_64\bin\jimage.dll
0x00007ffe64dc0000 - 0x00007ffe64fa4000 	C:\Windows\SYSTEM32\DBGHELP.DLL
0x00007ffe56df0000 - 0x00007ffe56e1c000 	C:\Windows\SYSTEM32\dbgcore.DLL
0x00007ffe71430000 - 0x00007ffe714b0000 	C:\Windows\System32\bcryptPrimitives.dll
0x00007ffe5b010000 - 0x00007ffe5b01f000 	c:\Users\Admin\.vscode\extensions\redhat.java-1.44.0-win32-x64\jre\21.0.8-win32-x86_64\bin\instrument.dll
0x00007ffe58a80000 - 0x00007ffe58a9f000 	c:\Users\Admin\.vscode\extensions\redhat.java-1.44.0-win32-x64\jre\21.0.8-win32-x86_64\bin\java.dll
0x00007ffe71e30000 - 0x00007ffe72572000 	C:\Windows\System32\SHELL32.dll
0x00007ffe6f040000 - 0x00007ffe6f7d0000 	C:\Windows\SYSTEM32\windows.storage.dll
0x00007ffe72da0000 - 0x00007ffe730f5000 	C:\Windows\System32\combase.dll
0x00007ffe70940000 - 0x00007ffe7096c000 	C:\Windows\SYSTEM32\Wldp.dll
0x00007ffe726b0000 - 0x00007ffe7275e000 	C:\Windows\System32\SHCORE.dll
0x00007ffe72ac0000 - 0x00007ffe72b15000 	C:\Windows\System32\shlwapi.dll
0x00007ffe70e10000 - 0x00007ffe70e2f000 	C:\Windows\SYSTEM32\profapi.dll
0x00007ffe59360000 - 0x00007ffe59378000 	c:\Users\Admin\.vscode\extensions\redhat.java-1.44.0-win32-x64\jre\21.0.8-win32-x86_64\bin\zip.dll
0x00007ffe5af70000 - 0x00007ffe5af80000 	C:\Users\Admin\.vscode\extensions\redhat.java-1.44.0-win32-x64\jre\21.0.8-win32-x86_64\bin\net.dll
0x00007ffe6ba20000 - 0x00007ffe6bb2b000 	C:\Windows\SYSTEM32\WINHTTP.dll
0x00007ffe706b0000 - 0x00007ffe7071a000 	C:\Windows\system32\mswsock.dll
0x00007ffe592d0000 - 0x00007ffe592e6000 	C:\Users\Admin\.vscode\extensions\redhat.java-1.44.0-win32-x64\jre\21.0.8-win32-x86_64\bin\nio.dll
0x00007ffe59350000 - 0x00007ffe59360000 	c:\Users\Admin\.vscode\extensions\redhat.java-1.44.0-win32-x64\jre\21.0.8-win32-x86_64\bin\verify.dll
0x00007ffe55b20000 - 0x00007ffe55b65000 	C:\Users\Admin\AppData\Roaming\Code\User\globalStorage\redhat.java\1.44.0\config_win\org.eclipse.equinox.launcher\org.eclipse.equinox.launcher.win32.win32.x86_64_1.2.1400.v20250730-1736\eclipse_11913.dll
0x00007ffe72960000 - 0x00007ffe72a8a000 	C:\Windows\System32\ole32.dll
0x00007ffe70880000 - 0x00007ffe70898000 	C:\Windows\SYSTEM32\CRYPTSP.dll
0x00007ffe6ffe0000 - 0x00007ffe70014000 	C:\Windows\system32\rsaenh.dll
0x00007ffe71560000 - 0x00007ffe71587000 	C:\Windows\System32\bcrypt.dll
0x00007ffe70dd0000 - 0x00007ffe70dfe000 	C:\Windows\SYSTEM32\USERENV.dll
0x00007ffe708a0000 - 0x00007ffe708ac000 	C:\Windows\SYSTEM32\CRYPTBASE.dll
0x00007ffe70350000 - 0x00007ffe7038b000 	C:\Windows\SYSTEM32\IPHLPAPI.DLL
0x00007ffe73740000 - 0x00007ffe73748000 	C:\Windows\System32\NSI.dll
0x00007ffe103a0000 - 0x00007ffe103e9000 	C:\Users\Admin\AppData\Local\Temp\jna-63116079\jna16470475609534991997.dll
0x00007ffe73580000 - 0x00007ffe73588000 	C:\Windows\System32\PSAPI.DLL
0x00007ffe6b530000 - 0x00007ffe6b547000 	C:\Windows\SYSTEM32\dhcpcsvc6.DLL
0x00007ffe6b510000 - 0x00007ffe6b52d000 	C:\Windows\SYSTEM32\dhcpcsvc.DLL
0x00007ffe5b260000 - 0x00007ffe5b269000 	C:\Users\Admin\.vscode\extensions\redhat.java-1.44.0-win32-x64\jre\21.0.8-win32-x86_64\bin\extnet.dll

JVMTI agents:
c:\Users\Admin\.vscode\extensions\redhat.java-1.44.0-win32-x64\lombok\lombok-1.18.39-4050.jar path:c:\Users\Admin\.vscode\extensions\redhat.java-1.44.0-win32-x64\jre\21.0.8-win32-x86_64\bin\instrument.dll, loaded, initialized, instrumentlib options:none

dbghelp: loaded successfully - version: 4.0.5 - missing functions: none
symbol engine: initialized successfully - sym options: 0x614 - pdb path: .;c:\Users\Admin\.vscode\extensions\redhat.java-1.44.0-win32-x64\jre\21.0.8-win32-x86_64\bin;C:\Windows\SYSTEM32;C:\Windows\WinSxS\amd64_microsoft.windows.common-controls_6595b64144ccf1df_6.0.19041.844_none_ca00b6081b84eb1d;c:\Users\Admin\.vscode\extensions\redhat.java-1.44.0-win32-x64\jre\21.0.8-win32-x86_64\bin\server;C:\Users\Admin\AppData\Roaming\Code\User\globalStorage\redhat.java\1.44.0\config_win\org.eclipse.equinox.launcher\org.eclipse.equinox.launcher.win32.win32.x86_64_1.2.1400.v20250730-1736;C:\Users\Admin\AppData\Local\Temp\jna-63116079

VM Arguments:
jvm_args: --add-modules=ALL-SYSTEM --add-opens=java.base/java.util=ALL-UNNAMED --add-opens=java.base/java.lang=ALL-UNNAMED --add-opens=java.base/sun.nio.fs=ALL-UNNAMED -Declipse.application=org.eclipse.jdt.ls.core.id1 -Dosgi.bundles.defaultStartLevel=4 -Declipse.product=org.eclipse.jdt.ls.core.product -Djava.import.generatesMetadataFilesAtProjectRoot=false -DDetectVMInstallationsJob.disabled=true -Dfile.encoding=utf8 -XX:+UseParallelGC -XX:GCTimeRatio=4 -XX:AdaptiveSizePolicyWeight=90 -Dsun.zip.disableMemoryMapping=true -Xmx2G -Xms100m -Xlog:disable -javaagent:c:\Users\Admin\.vscode\extensions\redhat.java-1.44.0-win32-x64\lombok\lombok-1.18.39-4050.jar -XX:+HeapDumpOnOutOfMemoryError -XX:HeapDumpPath=c:\Users\Admin\AppData\Roaming\Code\User\workspaceStorage\1b2895c8558dc9bd51e110069a623922\redhat.java -Daether.dependencyCollector.impl=bf 
java_command: c:\Users\Admin\.vscode\extensions\redhat.java-1.44.0-win32-x64\server\plugins\org.eclipse.equinox.launcher_1.7.0.v20250519-0528.jar -configuration c:\Users\Admin\AppData\Roaming\Code\User\globalStorage\redhat.java\1.44.0\config_win -data c:\Users\Admin\AppData\Roaming\Code\User\workspaceStorage\1b2895c8558dc9bd51e110069a623922\redhat.java\jdt_ws --pipe=\\.\pipe\lsp-81caf3381b1afda129edefa028deafda-sock
java_class_path (initial): c:\Users\Admin\.vscode\extensions\redhat.java-1.44.0-win32-x64\server\plugins\org.eclipse.equinox.launcher_1.7.0.v20250519-0528.jar
Launcher Type: SUN_STANDARD

[Global flags]
    uintx AdaptiveSizePolicyWeight                 = 90                                        {product} {command line}
     intx CICompilerCount                          = 4                                         {product} {ergonomic}
    uintx GCTimeRatio                              = 4                                         {product} {command line}
     bool HeapDumpOnOutOfMemoryError               = true                                   {manageable} {command line}
    ccstr HeapDumpPath                             = c:\Users\Admin\AppData\Roaming\Code\User\workspaceStorage\1b2895c8558dc9bd51e110069a623922\redhat.java         {manageable} {command line}
   size_t InitialHeapSize                          = 104857600                                 {product} {command line}
   size_t MaxHeapSize                              = 2147483648                                {product} {command line}
   size_t MaxNewSize                               = 715653120                                 {product} {ergonomic}
   size_t MinHeapDeltaBytes                        = 524288                                    {product} {ergonomic}
   size_t MinHeapSize                              = 104857600                                 {product} {command line}
   size_t NewSize                                  = 34603008                                  {product} {ergonomic}
    uintx NonNMethodCodeHeapSize                   = 5839372                                {pd product} {ergonomic}
    uintx NonProfiledCodeHeapSize                  = 122909434                              {pd product} {ergonomic}
   size_t OldSize                                  = 70254592                                  {product} {ergonomic}
    uintx ProfiledCodeHeapSize                     = 122909434                              {pd product} {ergonomic}
    uintx ReservedCodeCacheSize                    = 251658240                              {pd product} {ergonomic}
     bool SegmentedCodeCache                       = true                                      {product} {ergonomic}
   size_t SoftMaxHeapSize                          = 2147483648                             {manageable} {ergonomic}
     bool UseCompressedOops                        = true                           {product lp64_product} {ergonomic}
     bool UseLargePagesIndividualAllocation        = false                                  {pd product} {ergonomic}
     bool UseParallelGC                            = true                                      {product} {command line}

Logging:
Log output configuration:
 #0: stdout all=off uptime,level,tags foldmultilines=false
 #1: stderr all=off uptime,level,tags foldmultilines=false

Environment Variables:
PATH=C:\Program Files (x86)\VMware\VMware Workstation\bin\;C:\Program Files\Java\jdk-23\bin;D:\Progame files\Git\cmd;C:\Users\Admin;C:\Program Files\nodejs\;D:\Download\apache-maven-3.9.9-bin\apache-maven-3.9.9\bin\bin;C:\Program Files (x86)\Microsoft SQL Server\160\DTS\Binn\;C:\Program Files\WireGuard\;C:\Users\Admin\AppData\Local\Microsoft\WindowsApps;C:\Users\Admin\AppData\Local\Programs\Microsoft VS Code\bin;C:\Program Files\nodejs\;C:\Users\Admin\AppData\Roaming\npm;C:\Program Files\heroku\bin;C:\Users\Admin\AppData\Local\Programs\cursor\resources\app\bin;D:\Download\apache-maven-3.9.9-bin\apache-maven-3.9.9\bin;
USERNAME=Admin
OS=Windows_NT
PROCESSOR_IDENTIFIER=Intel64 Family 6 Model 165 Stepping 3, GenuineIntel
TMP=C:\Users\Admin\AppData\Local\Temp
TEMP=C:\Users\Admin\AppData\Local\Temp




Periodic native trim disabled

---------------  S Y S T E M  ---------------

OS:
 Windows 10 , 64 bit Build 19041 (10.0.19041.928)
OS uptime: 0 days 17:41 hours

CPU: total 8 (initial active 8) (4 cores per cpu, 2 threads per core) family 6 model 165 stepping 3 microcode 0xf6, cx8, cmov, fxsr, ht, mmx, 3dnowpref, sse, sse2, sse3, ssse3, sse4.1, sse4.2, popcnt, lzcnt, tsc, tscinvbit, avx, avx2, aes, erms, clmul, bmi1, bmi2, adx, fma, vzeroupper, clflush, clflushopt, rdtscp, f16c
Processor Information for the first 8 processors :
  Max Mhz: 3696, Current Mhz: 3696, Mhz Limit: 3696

Memory: 4k page, system-wide physical 16283M (3222M free)
TotalPageFile size 31366M (AvailPageFile size 0M)
current process WorkingSet (physical memory assigned to process): 169M, peak: 1432M
current process commit charge ("private bytes"): 1334M, peak: 1389M

vm_info: OpenJDK 64-Bit Server VM (21.0.8+9-LTS) for windows-amd64 JRE (21.0.8+9-LTS), built on 2025-07-15T00:00:00Z by "admin" with MS VC++ 17.7 (VS2022)

END.
